[0.183s] DEBUG:colcon:Command line arguments: ['/usr/bin/colcon', 'list', '-p', '--base-paths', '/home/foiegreis/ros2_sim_ws']
[0.183s] DEBUG:colcon:Parsed command line arguments: Namespace(log_base=None, log_level=None, verb_name='list', build_base='build', ignore_user_meta=False, metas=['./colcon.meta'], base_paths=['/home/foiegreis/ros2_sim_ws'], packages_ignore=None, packages_ignore_regex=None, paths=None, packages_up_to=None, packages_up_to_regex=None, packages_above=None, packages_above_and_dependencies=None, packages_above_depth=None, packages_select_by_dep=None, packages_skip_by_dep=None, packages_skip_up_to=None, packages_select_build_failed=False, packages_skip_build_finished=False, packages_select_test_failures=False, packages_skip_test_passed=False, packages_select=None, packages_skip=None, packages_select_regex=None, packages_skip_regex=None, packages_start=None, packages_end=None, allow_overriding=[], topological_order=False, names_only=False, paths_only=True, topological_graph=False, topological_graph_dot=False, topological_graph_density=False, topological_graph_legend=False, topological_graph_dot_cluster=False, topological_graph_dot_include_skipped=False, mixin_files=None, mixin=None, verb_parser=<colcon_mixin.mixin.mixin_argument.MixinArgumentDecorator object at 0x72ef55492650>, verb_extension=<colcon_package_information.verb.list.ListVerb object at 0x72ef55491690>, main=<bound method ListVerb.main of <colcon_package_information.verb.list.ListVerb object at 0x72ef55491690>>, mixin_verb=('list',))
[0.629s] Level 1:colcon.colcon_core.package_discovery:discover_packages(colcon_meta) check parameters
[0.629s] Level 1:colcon.colcon_core.package_discovery:discover_packages(recursive) check parameters
[0.630s] Level 1:colcon.colcon_core.package_discovery:discover_packages(ignore) check parameters
[0.630s] Level 1:colcon.colcon_core.package_discovery:discover_packages(path) check parameters
[0.630s] Level 1:colcon.colcon_core.package_discovery:discover_packages(recursive) discover
[0.630s] INFO:colcon.colcon_core.package_discovery:Crawling recursively for packages in '/home/foiegreis/ros2_sim_ws'
[0.630s] Level 1:colcon.colcon_core.package_identification:_identify(/home/foiegreis/ros2_sim_ws) by extensions ['ignore', 'ignore_ament_install']
[0.630s] Level 1:colcon.colcon_core.package_identification:_identify(/home/foiegreis/ros2_sim_ws) by extension 'ignore'
[0.630s] Level 1:colcon.colcon_core.package_identification:_identify(/home/foiegreis/ros2_sim_ws) by extension 'ignore_ament_install'
[0.630s] Level 1:colcon.colcon_core.package_identification:_identify(/home/foiegreis/ros2_sim_ws) by extensions ['colcon_pkg']
[0.630s] Level 1:colcon.colcon_core.package_identification:_identify(/home/foiegreis/ros2_sim_ws) by extension 'colcon_pkg'
[0.630s] Level 1:colcon.colcon_core.package_identification:_identify(/home/foiegreis/ros2_sim_ws) by extensions ['colcon_meta']
[0.630s] Level 1:colcon.colcon_core.package_identification:_identify(/home/foiegreis/ros2_sim_ws) by extension 'colcon_meta'
[0.630s] Level 1:colcon.colcon_core.package_identification:_identify(/home/foiegreis/ros2_sim_ws) by extensions ['ros']
[0.630s] Level 1:colcon.colcon_core.package_identification:_identify(/home/foiegreis/ros2_sim_ws) by extension 'ros'
[0.655s] Level 1:colcon.colcon_core.package_identification:_identify(/home/foiegreis/ros2_sim_ws) by extensions ['cmake', 'python']
[0.655s] Level 1:colcon.colcon_core.package_identification:_identify(/home/foiegreis/ros2_sim_ws) by extension 'cmake'
[0.655s] Level 1:colcon.colcon_core.package_identification:_identify(/home/foiegreis/ros2_sim_ws) by extension 'python'
[0.655s] Level 1:colcon.colcon_core.package_identification:_identify(/home/foiegreis/ros2_sim_ws) by extensions ['python_setup_py']
[0.655s] Level 1:colcon.colcon_core.package_identification:_identify(/home/foiegreis/ros2_sim_ws) by extension 'python_setup_py'
[0.655s] Level 1:colcon.colcon_core.package_identification:_identify(/home/foiegreis/ros2_sim_ws/build) by extensions ['ignore', 'ignore_ament_install']
[0.655s] Level 1:colcon.colcon_core.package_identification:_identify(/home/foiegreis/ros2_sim_ws/build) by extension 'ignore'
[0.656s] Level 1:colcon.colcon_core.package_identification:_identify(/home/foiegreis/ros2_sim_ws/build) ignored
[0.656s] Level 1:colcon.colcon_core.package_identification:_identify(/home/foiegreis/ros2_sim_ws/install) by extensions ['ignore', 'ignore_ament_install']
[0.656s] Level 1:colcon.colcon_core.package_identification:_identify(/home/foiegreis/ros2_sim_ws/install) by extension 'ignore'
[0.656s] Level 1:colcon.colcon_core.package_identification:_identify(/home/foiegreis/ros2_sim_ws/install) ignored
[0.656s] Level 1:colcon.colcon_core.package_identification:_identify(/home/foiegreis/ros2_sim_ws/log) by extensions ['ignore', 'ignore_ament_install']
[0.656s] Level 1:colcon.colcon_core.package_identification:_identify(/home/foiegreis/ros2_sim_ws/log) by extension 'ignore'
[0.656s] Level 1:colcon.colcon_core.package_identification:_identify(/home/foiegreis/ros2_sim_ws/log) ignored
[0.657s] Level 1:colcon.colcon_core.package_identification:_identify(/home/foiegreis/ros2_sim_ws/src) by extensions ['ignore', 'ignore_ament_install']
[0.657s] Level 1:colcon.colcon_core.package_identification:_identify(/home/foiegreis/ros2_sim_ws/src) by extension 'ignore'
[0.657s] Level 1:colcon.colcon_core.package_identification:_identify(/home/foiegreis/ros2_sim_ws/src) by extension 'ignore_ament_install'
[0.657s] Level 1:colcon.colcon_core.package_identification:_identify(/home/foiegreis/ros2_sim_ws/src) by extensions ['colcon_pkg']
[0.657s] Level 1:colcon.colcon_core.package_identification:_identify(/home/foiegreis/ros2_sim_ws/src) by extension 'colcon_pkg'
[0.657s] Level 1:colcon.colcon_core.package_identification:_identify(/home/foiegreis/ros2_sim_ws/src) by extensions ['colcon_meta']
[0.657s] Level 1:colcon.colcon_core.package_identification:_identify(/home/foiegreis/ros2_sim_ws/src) by extension 'colcon_meta'
[0.657s] Level 1:colcon.colcon_core.package_identification:_identify(/home/foiegreis/ros2_sim_ws/src) by extensions ['ros']
[0.657s] Level 1:colcon.colcon_core.package_identification:_identify(/home/foiegreis/ros2_sim_ws/src) by extension 'ros'
[0.657s] Level 1:colcon.colcon_core.package_identification:_identify(/home/foiegreis/ros2_sim_ws/src) by extensions ['cmake', 'python']
[0.657s] Level 1:colcon.colcon_core.package_identification:_identify(/home/foiegreis/ros2_sim_ws/src) by extension 'cmake'
[0.657s] Level 1:colcon.colcon_core.package_identification:_identify(/home/foiegreis/ros2_sim_ws/src) by extension 'python'
[0.658s] Level 1:colcon.colcon_core.package_identification:_identify(/home/foiegreis/ros2_sim_ws/src) by extensions ['python_setup_py']
[0.658s] Level 1:colcon.colcon_core.package_identification:_identify(/home/foiegreis/ros2_sim_ws/src) by extension 'python_setup_py'
[0.658s] Level 1:colcon.colcon_core.package_identification:_identify(/home/foiegreis/ros2_sim_ws/src/ros2_sim_description) by extensions ['ignore', 'ignore_ament_install']
[0.658s] Level 1:colcon.colcon_core.package_identification:_identify(/home/foiegreis/ros2_sim_ws/src/ros2_sim_description) by extension 'ignore'
[0.658s] Level 1:colcon.colcon_core.package_identification:_identify(/home/foiegreis/ros2_sim_ws/src/ros2_sim_description) by extension 'ignore_ament_install'
[0.658s] Level 1:colcon.colcon_core.package_identification:_identify(/home/foiegreis/ros2_sim_ws/src/ros2_sim_description) by extensions ['colcon_pkg']
[0.658s] Level 1:colcon.colcon_core.package_identification:_identify(/home/foiegreis/ros2_sim_ws/src/ros2_sim_description) by extension 'colcon_pkg'
[0.658s] Level 1:colcon.colcon_core.package_identification:_identify(/home/foiegreis/ros2_sim_ws/src/ros2_sim_description) by extensions ['colcon_meta']
[0.658s] Level 1:colcon.colcon_core.package_identification:_identify(/home/foiegreis/ros2_sim_ws/src/ros2_sim_description) by extension 'colcon_meta'
[0.658s] Level 1:colcon.colcon_core.package_identification:_identify(/home/foiegreis/ros2_sim_ws/src/ros2_sim_description) by extensions ['ros']
[0.658s] Level 1:colcon.colcon_core.package_identification:_identify(/home/foiegreis/ros2_sim_ws/src/ros2_sim_description) by extension 'ros'
[0.661s] DEBUG:colcon.colcon_core.package_identification:Package '/home/foiegreis/ros2_sim_ws/src/ros2_sim_description' with type 'ros.ament_cmake' and name 'ros2_sim_description'
[0.661s] Level 1:colcon.colcon_core.package_discovery:discover_packages(recursive) using defaults
