[0.116s] DEBUG:colcon:Command line arguments: ['/usr/bin/colcon', 'build']
[0.116s] DEBUG:colcon:Parsed command line arguments: Namespace(log_base=None, log_level=None, verb_name='build', build_base='build', install_base='install', merge_install=False, symlink_install=False, test_result_base=None, continue_on_error=False, executor='parallel', parallel_workers=12, event_handlers=None, ignore_user_meta=False, metas=['./colcon.meta'], base_paths=['.'], packages_ignore=None, packages_ignore_regex=None, paths=None, packages_up_to=None, packages_up_to_regex=None, packages_above=None, packages_above_and_dependencies=None, packages_above_depth=None, packages_select_by_dep=None, packages_skip_by_dep=None, packages_skip_up_to=None, packages_select_build_failed=False, packages_skip_build_finished=False, packages_select_test_failures=False, packages_skip_test_passed=False, packages_select=None, packages_skip=None, packages_select_regex=None, packages_skip_regex=None, packages_start=None, packages_end=None, allow_overriding=[], cmake_args=None, cmake_target=None, cmake_target_skip_unavailable=False, cmake_clean_cache=False, cmake_clean_first=False, cmake_force_configure=False, ament_cmake_args=None, catkin_cmake_args=None, catkin_skip_building_tests=False, mixin_files=None, mixin=None, verb_parser=<colcon_mixin.mixin.mixin_argument.MixinArgumentDecorator object at 0x763e0a9417b0>, verb_extension=<colcon_core.verb.build.BuildVerb object at 0x763e0aa39ea0>, main=<bound method BuildVerb.main of <colcon_core.verb.build.BuildVerb object at 0x763e0aa39ea0>>, mixin_verb=('build',))
[0.401s] Level 1:colcon.colcon_core.package_discovery:discover_packages(colcon_meta) check parameters
[0.401s] Level 1:colcon.colcon_core.package_discovery:discover_packages(recursive) check parameters
[0.401s] Level 1:colcon.colcon_core.package_discovery:discover_packages(ignore) check parameters
[0.401s] Level 1:colcon.colcon_core.package_discovery:discover_packages(path) check parameters
[0.401s] Level 1:colcon.colcon_core.package_discovery:discover_packages(colcon_meta) discover
[0.401s] Level 1:colcon.colcon_core.package_discovery:discover_packages(recursive) discover
[0.401s] INFO:colcon.colcon_core.package_discovery:Crawling recursively for packages in '/home/foiegreis/ros2_sim_ws'
[0.402s] Level 1:colcon.colcon_core.package_identification:_identify(.) by extensions ['ignore', 'ignore_ament_install']
[0.402s] Level 1:colcon.colcon_core.package_identification:_identify(.) by extension 'ignore'
[0.402s] Level 1:colcon.colcon_core.package_identification:_identify(.) by extension 'ignore_ament_install'
[0.402s] Level 1:colcon.colcon_core.package_identification:_identify(.) by extensions ['colcon_pkg']
[0.402s] Level 1:colcon.colcon_core.package_identification:_identify(.) by extension 'colcon_pkg'
[0.402s] Level 1:colcon.colcon_core.package_identification:_identify(.) by extensions ['colcon_meta']
[0.402s] Level 1:colcon.colcon_core.package_identification:_identify(.) by extension 'colcon_meta'
[0.402s] Level 1:colcon.colcon_core.package_identification:_identify(.) by extensions ['ros']
[0.402s] Level 1:colcon.colcon_core.package_identification:_identify(.) by extension 'ros'
[0.413s] Level 1:colcon.colcon_core.package_identification:_identify(.) by extensions ['cmake', 'python']
[0.413s] Level 1:colcon.colcon_core.package_identification:_identify(.) by extension 'cmake'
[0.413s] Level 1:colcon.colcon_core.package_identification:_identify(.) by extension 'python'
[0.413s] Level 1:colcon.colcon_core.package_identification:_identify(.) by extensions ['python_setup_py']
[0.413s] Level 1:colcon.colcon_core.package_identification:_identify(.) by extension 'python_setup_py'
[0.413s] Level 1:colcon.colcon_core.package_identification:_identify(build) by extensions ['ignore', 'ignore_ament_install']
[0.413s] Level 1:colcon.colcon_core.package_identification:_identify(build) by extension 'ignore'
[0.413s] Level 1:colcon.colcon_core.package_identification:_identify(build) ignored
[0.414s] Level 1:colcon.colcon_core.package_identification:_identify(install) by extensions ['ignore', 'ignore_ament_install']
[0.414s] Level 1:colcon.colcon_core.package_identification:_identify(install) by extension 'ignore'
[0.414s] Level 1:colcon.colcon_core.package_identification:_identify(install) ignored
[0.414s] Level 1:colcon.colcon_core.package_identification:_identify(log) by extensions ['ignore', 'ignore_ament_install']
[0.414s] Level 1:colcon.colcon_core.package_identification:_identify(log) by extension 'ignore'
[0.414s] Level 1:colcon.colcon_core.package_identification:_identify(log) ignored
[0.414s] Level 1:colcon.colcon_core.package_identification:_identify(src) by extensions ['ignore', 'ignore_ament_install']
[0.414s] Level 1:colcon.colcon_core.package_identification:_identify(src) by extension 'ignore'
[0.414s] Level 1:colcon.colcon_core.package_identification:_identify(src) by extension 'ignore_ament_install'
[0.414s] Level 1:colcon.colcon_core.package_identification:_identify(src) by extensions ['colcon_pkg']
[0.414s] Level 1:colcon.colcon_core.package_identification:_identify(src) by extension 'colcon_pkg'
[0.414s] Level 1:colcon.colcon_core.package_identification:_identify(src) by extensions ['colcon_meta']
[0.414s] Level 1:colcon.colcon_core.package_identification:_identify(src) by extension 'colcon_meta'
[0.414s] Level 1:colcon.colcon_core.package_identification:_identify(src) by extensions ['ros']
[0.414s] Level 1:colcon.colcon_core.package_identification:_identify(src) by extension 'ros'
[0.414s] Level 1:colcon.colcon_core.package_identification:_identify(src) by extensions ['cmake', 'python']
[0.414s] Level 1:colcon.colcon_core.package_identification:_identify(src) by extension 'cmake'
[0.414s] Level 1:colcon.colcon_core.package_identification:_identify(src) by extension 'python'
[0.414s] Level 1:colcon.colcon_core.package_identification:_identify(src) by extensions ['python_setup_py']
[0.414s] Level 1:colcon.colcon_core.package_identification:_identify(src) by extension 'python_setup_py'
[0.415s] Level 1:colcon.colcon_core.package_identification:_identify(src/Universal_Robots_ROS2_Description) by extensions ['ignore', 'ignore_ament_install']
[0.415s] Level 1:colcon.colcon_core.package_identification:_identify(src/Universal_Robots_ROS2_Description) by extension 'ignore'
[0.415s] Level 1:colcon.colcon_core.package_identification:_identify(src/Universal_Robots_ROS2_Description) by extension 'ignore_ament_install'
[0.415s] Level 1:colcon.colcon_core.package_identification:_identify(src/Universal_Robots_ROS2_Description) by extensions ['colcon_pkg']
[0.415s] Level 1:colcon.colcon_core.package_identification:_identify(src/Universal_Robots_ROS2_Description) by extension 'colcon_pkg'
[0.415s] Level 1:colcon.colcon_core.package_identification:_identify(src/Universal_Robots_ROS2_Description) by extensions ['colcon_meta']
[0.415s] Level 1:colcon.colcon_core.package_identification:_identify(src/Universal_Robots_ROS2_Description) by extension 'colcon_meta'
[0.415s] Level 1:colcon.colcon_core.package_identification:_identify(src/Universal_Robots_ROS2_Description) by extensions ['ros']
[0.415s] Level 1:colcon.colcon_core.package_identification:_identify(src/Universal_Robots_ROS2_Description) by extension 'ros'
[0.417s] DEBUG:colcon.colcon_core.package_identification:Package 'src/Universal_Robots_ROS2_Description' with type 'ros.ament_cmake' and name 'ur_description'
[0.417s] Level 1:colcon.colcon_core.package_identification:_identify(src/ros2_sim_description) by extensions ['ignore', 'ignore_ament_install']
[0.417s] Level 1:colcon.colcon_core.package_identification:_identify(src/ros2_sim_description) by extension 'ignore'
[0.417s] Level 1:colcon.colcon_core.package_identification:_identify(src/ros2_sim_description) by extension 'ignore_ament_install'
[0.417s] Level 1:colcon.colcon_core.package_identification:_identify(src/ros2_sim_description) by extensions ['colcon_pkg']
[0.418s] Level 1:colcon.colcon_core.package_identification:_identify(src/ros2_sim_description) by extension 'colcon_pkg'
[0.418s] Level 1:colcon.colcon_core.package_identification:_identify(src/ros2_sim_description) by extensions ['colcon_meta']
[0.418s] Level 1:colcon.colcon_core.package_identification:_identify(src/ros2_sim_description) by extension 'colcon_meta'
[0.418s] Level 1:colcon.colcon_core.package_identification:_identify(src/ros2_sim_description) by extensions ['ros']
[0.418s] Level 1:colcon.colcon_core.package_identification:_identify(src/ros2_sim_description) by extension 'ros'
[0.419s] DEBUG:colcon.colcon_core.package_identification:Package 'src/ros2_sim_description' with type 'ros.ament_cmake' and name 'ros2_sim_description'
[0.419s] Level 1:colcon.colcon_core.package_identification:_identify(src/ros2_sim_tf) by extensions ['ignore', 'ignore_ament_install']
[0.419s] Level 1:colcon.colcon_core.package_identification:_identify(src/ros2_sim_tf) by extension 'ignore'
[0.419s] Level 1:colcon.colcon_core.package_identification:_identify(src/ros2_sim_tf) by extension 'ignore_ament_install'
[0.419s] Level 1:colcon.colcon_core.package_identification:_identify(src/ros2_sim_tf) by extensions ['colcon_pkg']
[0.419s] Level 1:colcon.colcon_core.package_identification:_identify(src/ros2_sim_tf) by extension 'colcon_pkg'
[0.419s] Level 1:colcon.colcon_core.package_identification:_identify(src/ros2_sim_tf) by extensions ['colcon_meta']
[0.419s] Level 1:colcon.colcon_core.package_identification:_identify(src/ros2_sim_tf) by extension 'colcon_meta'
[0.419s] Level 1:colcon.colcon_core.package_identification:_identify(src/ros2_sim_tf) by extensions ['ros']
[0.419s] Level 1:colcon.colcon_core.package_identification:_identify(src/ros2_sim_tf) by extension 'ros'
[0.420s] DEBUG:colcon.colcon_core.package_identification:Package 'src/ros2_sim_tf' with type 'ros.ament_cmake' and name 'ros2_sim_tf'
[0.420s] Level 1:colcon.colcon_core.package_discovery:discover_packages(recursive) using defaults
[0.420s] Level 1:colcon.colcon_core.package_discovery:discover_packages(ignore) discover
[0.420s] Level 1:colcon.colcon_core.package_discovery:discover_packages(ignore) using defaults
[0.420s] Level 1:colcon.colcon_core.package_discovery:discover_packages(path) discover
[0.420s] Level 1:colcon.colcon_core.package_discovery:discover_packages(path) using defaults
[0.438s] Level 1:colcon.colcon_core.package_discovery:discover_packages(prefix_path) check parameters
[0.438s] Level 1:colcon.colcon_core.package_discovery:discover_packages(prefix_path) discover
[0.442s] DEBUG:colcon.colcon_installed_package_information.package_discovery:Found 2 installed packages in /home/foiegreis/ros2_sim_ws/install
[0.443s] DEBUG:colcon.colcon_installed_package_information.package_discovery:Found 7 installed packages in /home/foiegreis/ros2_fndm_ws/install
[0.444s] DEBUG:colcon.colcon_installed_package_information.package_discovery:Found 4 installed packages in /home/foiegreis/ros2_ws_yolo3d/install
[0.444s] DEBUG:colcon.colcon_installed_package_information.package_discovery:Found 1 installed packages in /home/foiegreis/ros2_ws/install
[0.446s] DEBUG:colcon.colcon_installed_package_information.package_discovery:Found 408 installed packages in /opt/ros/iron
[0.447s] Level 1:colcon.colcon_core.package_discovery:discover_packages(prefix_path) using defaults
[0.540s] Level 5:colcon.colcon_core.verb:set package 'ros2_sim_description' build argument 'cmake_args' from command line to 'None'
[0.540s] Level 5:colcon.colcon_core.verb:set package 'ros2_sim_description' build argument 'cmake_target' from command line to 'None'
[0.540s] Level 5:colcon.colcon_core.verb:set package 'ros2_sim_description' build argument 'cmake_target_skip_unavailable' from command line to 'False'
[0.540s] Level 5:colcon.colcon_core.verb:set package 'ros2_sim_description' build argument 'cmake_clean_cache' from command line to 'False'
[0.540s] Level 5:colcon.colcon_core.verb:set package 'ros2_sim_description' build argument 'cmake_clean_first' from command line to 'False'
[0.540s] Level 5:colcon.colcon_core.verb:set package 'ros2_sim_description' build argument 'cmake_force_configure' from command line to 'False'
[0.540s] Level 5:colcon.colcon_core.verb:set package 'ros2_sim_description' build argument 'ament_cmake_args' from command line to 'None'
[0.540s] Level 5:colcon.colcon_core.verb:set package 'ros2_sim_description' build argument 'catkin_cmake_args' from command line to 'None'
[0.540s] Level 5:colcon.colcon_core.verb:set package 'ros2_sim_description' build argument 'catkin_skip_building_tests' from command line to 'False'
[0.540s] DEBUG:colcon.colcon_core.verb:Building package 'ros2_sim_description' with the following arguments: {'ament_cmake_args': None, 'build_base': '/home/foiegreis/ros2_sim_ws/build/ros2_sim_description', 'catkin_cmake_args': None, 'catkin_skip_building_tests': False, 'cmake_args': None, 'cmake_clean_cache': False, 'cmake_clean_first': False, 'cmake_force_configure': False, 'cmake_target': None, 'cmake_target_skip_unavailable': False, 'install_base': '/home/foiegreis/ros2_sim_ws/install/ros2_sim_description', 'merge_install': False, 'path': '/home/foiegreis/ros2_sim_ws/src/ros2_sim_description', 'symlink_install': False, 'test_result_base': None}
[0.540s] Level 5:colcon.colcon_core.verb:set package 'ros2_sim_tf' build argument 'cmake_args' from command line to 'None'
[0.540s] Level 5:colcon.colcon_core.verb:set package 'ros2_sim_tf' build argument 'cmake_target' from command line to 'None'
[0.540s] Level 5:colcon.colcon_core.verb:set package 'ros2_sim_tf' build argument 'cmake_target_skip_unavailable' from command line to 'False'
[0.540s] Level 5:colcon.colcon_core.verb:set package 'ros2_sim_tf' build argument 'cmake_clean_cache' from command line to 'False'
[0.540s] Level 5:colcon.colcon_core.verb:set package 'ros2_sim_tf' build argument 'cmake_clean_first' from command line to 'False'
[0.540s] Level 5:colcon.colcon_core.verb:set package 'ros2_sim_tf' build argument 'cmake_force_configure' from command line to 'False'
[0.541s] Level 5:colcon.colcon_core.verb:set package 'ros2_sim_tf' build argument 'ament_cmake_args' from command line to 'None'
[0.541s] Level 5:colcon.colcon_core.verb:set package 'ros2_sim_tf' build argument 'catkin_cmake_args' from command line to 'None'
[0.541s] Level 5:colcon.colcon_core.verb:set package 'ros2_sim_tf' build argument 'catkin_skip_building_tests' from command line to 'False'
[0.541s] DEBUG:colcon.colcon_core.verb:Building package 'ros2_sim_tf' with the following arguments: {'ament_cmake_args': None, 'build_base': '/home/foiegreis/ros2_sim_ws/build/ros2_sim_tf', 'catkin_cmake_args': None, 'catkin_skip_building_tests': False, 'cmake_args': None, 'cmake_clean_cache': False, 'cmake_clean_first': False, 'cmake_force_configure': False, 'cmake_target': None, 'cmake_target_skip_unavailable': False, 'install_base': '/home/foiegreis/ros2_sim_ws/install/ros2_sim_tf', 'merge_install': False, 'path': '/home/foiegreis/ros2_sim_ws/src/ros2_sim_tf', 'symlink_install': False, 'test_result_base': None}
[0.541s] Level 5:colcon.colcon_core.verb:set package 'ur_description' build argument 'cmake_args' from command line to 'None'
[0.541s] Level 5:colcon.colcon_core.verb:set package 'ur_description' build argument 'cmake_target' from command line to 'None'
[0.541s] Level 5:colcon.colcon_core.verb:set package 'ur_description' build argument 'cmake_target_skip_unavailable' from command line to 'False'
[0.541s] Level 5:colcon.colcon_core.verb:set package 'ur_description' build argument 'cmake_clean_cache' from command line to 'False'
[0.541s] Level 5:colcon.colcon_core.verb:set package 'ur_description' build argument 'cmake_clean_first' from command line to 'False'
[0.541s] Level 5:colcon.colcon_core.verb:set package 'ur_description' build argument 'cmake_force_configure' from command line to 'False'
[0.541s] Level 5:colcon.colcon_core.verb:set package 'ur_description' build argument 'ament_cmake_args' from command line to 'None'
[0.541s] Level 5:colcon.colcon_core.verb:set package 'ur_description' build argument 'catkin_cmake_args' from command line to 'None'
[0.541s] Level 5:colcon.colcon_core.verb:set package 'ur_description' build argument 'catkin_skip_building_tests' from command line to 'False'
[0.541s] DEBUG:colcon.colcon_core.verb:Building package 'ur_description' with the following arguments: {'ament_cmake_args': None, 'build_base': '/home/foiegreis/ros2_sim_ws/build/ur_description', 'catkin_cmake_args': None, 'catkin_skip_building_tests': False, 'cmake_args': None, 'cmake_clean_cache': False, 'cmake_clean_first': False, 'cmake_force_configure': False, 'cmake_target': None, 'cmake_target_skip_unavailable': False, 'install_base': '/home/foiegreis/ros2_sim_ws/install/ur_description', 'merge_install': False, 'path': '/home/foiegreis/ros2_sim_ws/src/Universal_Robots_ROS2_Description', 'symlink_install': False, 'test_result_base': None}
[0.541s] INFO:colcon.colcon_core.executor:Executing jobs using 'parallel' executor
[0.542s] DEBUG:colcon.colcon_parallel_executor.executor.parallel:run_until_complete
[0.542s] INFO:colcon.colcon_ros.task.ament_cmake.build:Building ROS package in '/home/foiegreis/ros2_sim_ws/src/ros2_sim_description' with build type 'ament_cmake'
[0.543s] INFO:colcon.colcon_cmake.task.cmake.build:Building CMake package in '/home/foiegreis/ros2_sim_ws/src/ros2_sim_description'
[0.545s] INFO:colcon.colcon_core.plugin_system:Skipping extension 'colcon_core.shell.bat': Not used on non-Windows systems
[0.545s] INFO:colcon.colcon_core.shell:Skip shell extension 'powershell' for command environment: Not usable outside of PowerShell
[0.545s] DEBUG:colcon.colcon_core.shell:Skip shell extension 'dsv' for command environment
[0.550s] INFO:colcon.colcon_ros.task.ament_cmake.build:Building ROS package in '/home/foiegreis/ros2_sim_ws/src/ros2_sim_tf' with build type 'ament_cmake'
[0.550s] INFO:colcon.colcon_cmake.task.cmake.build:Building CMake package in '/home/foiegreis/ros2_sim_ws/src/ros2_sim_tf'
[0.550s] INFO:colcon.colcon_core.shell:Skip shell extension 'powershell' for command environment: Not usable outside of PowerShell
[0.550s] DEBUG:colcon.colcon_core.shell:Skip shell extension 'dsv' for command environment
[0.561s] INFO:colcon.colcon_ros.task.ament_cmake.build:Building ROS package in '/home/foiegreis/ros2_sim_ws/src/Universal_Robots_ROS2_Description' with build type 'ament_cmake'
[0.561s] INFO:colcon.colcon_cmake.task.cmake.build:Building CMake package in '/home/foiegreis/ros2_sim_ws/src/Universal_Robots_ROS2_Description'
[0.561s] INFO:colcon.colcon_core.shell:Skip shell extension 'powershell' for command environment: Not usable outside of PowerShell
[0.562s] DEBUG:colcon.colcon_core.shell:Skip shell extension 'dsv' for command environment
[0.583s] DEBUG:colcon.colcon_core.event_handler.log_command:Invoking command in '/home/foiegreis/ros2_sim_ws/build/ros2_sim_description': CMAKE_PREFIX_PATH=${CMAKE_PREFIX_PATH}:/home/foiegreis/ros2_fndm_ws/install/py_actions:/home/foiegreis/ros2_fndm_ws/install/py_pkg:/opt/ros/iron /usr/bin/cmake --build /home/foiegreis/ros2_sim_ws/build/ros2_sim_description -- -j12 -l12
[0.589s] DEBUG:colcon.colcon_core.event_handler.log_command:Invoking command in '/home/foiegreis/ros2_sim_ws/build/ros2_sim_tf': CMAKE_PREFIX_PATH=${CMAKE_PREFIX_PATH}:/home/foiegreis/ros2_fndm_ws/install/py_actions:/home/foiegreis/ros2_fndm_ws/install/py_pkg:/opt/ros/iron /usr/bin/cmake --build /home/foiegreis/ros2_sim_ws/build/ros2_sim_tf -- -j12 -l12
[0.593s] DEBUG:colcon.colcon_core.event_handler.log_command:Invoking command in '/home/foiegreis/ros2_sim_ws/build/ur_description': CMAKE_PREFIX_PATH=${CMAKE_PREFIX_PATH}:/home/foiegreis/ros2_fndm_ws/install/py_actions:/home/foiegreis/ros2_fndm_ws/install/py_pkg:/opt/ros/iron /usr/bin/cmake /home/foiegreis/ros2_sim_ws/src/Universal_Robots_ROS2_Description -DCMAKE_INSTALL_PREFIX=/home/foiegreis/ros2_sim_ws/install/ur_description
[0.704s] DEBUG:colcon.colcon_core.event_handler.log_command:Invoked command in '/home/foiegreis/ros2_sim_ws/build/ros2_sim_tf' returned '0': CMAKE_PREFIX_PATH=${CMAKE_PREFIX_PATH}:/home/foiegreis/ros2_fndm_ws/install/py_actions:/home/foiegreis/ros2_fndm_ws/install/py_pkg:/opt/ros/iron /usr/bin/cmake --build /home/foiegreis/ros2_sim_ws/build/ros2_sim_tf -- -j12 -l12
[0.769s] DEBUG:colcon.colcon_core.event_handler.log_command:Invoking command in '/home/foiegreis/ros2_sim_ws/build/ros2_sim_tf': CMAKE_PREFIX_PATH=${CMAKE_PREFIX_PATH}:/home/foiegreis/ros2_fndm_ws/install/py_actions:/home/foiegreis/ros2_fndm_ws/install/py_pkg:/opt/ros/iron /usr/bin/cmake --install /home/foiegreis/ros2_sim_ws/build/ros2_sim_tf
[0.790s] Level 1:colcon.colcon_core.environment:create_environment_scripts_only(ros2_sim_tf)
[0.792s] DEBUG:colcon.colcon_core.event_handler.log_command:Invoked command in '/home/foiegreis/ros2_sim_ws/build/ros2_sim_tf' returned '0': CMAKE_PREFIX_PATH=${CMAKE_PREFIX_PATH}:/home/foiegreis/ros2_fndm_ws/install/py_actions:/home/foiegreis/ros2_fndm_ws/install/py_pkg:/opt/ros/iron /usr/bin/cmake --install /home/foiegreis/ros2_sim_ws/build/ros2_sim_tf
[0.798s] Level 1:colcon.colcon_core.environment:checking '/home/foiegreis/ros2_sim_ws/install/ros2_sim_tf' for CMake module files
[0.800s] Level 1:colcon.colcon_core.environment:checking '/home/foiegreis/ros2_sim_ws/install/ros2_sim_tf' for CMake config files
[0.801s] Level 1:colcon.colcon_core.shell:create_environment_hook('ros2_sim_tf', 'cmake_prefix_path')
[0.802s] INFO:colcon.colcon_core.shell:Creating environment hook '/home/foiegreis/ros2_sim_ws/install/ros2_sim_tf/share/ros2_sim_tf/hook/cmake_prefix_path.ps1'
[0.805s] INFO:colcon.colcon_core.shell:Creating environment descriptor '/home/foiegreis/ros2_sim_ws/install/ros2_sim_tf/share/ros2_sim_tf/hook/cmake_prefix_path.dsv'
[0.806s] INFO:colcon.colcon_core.shell:Creating environment hook '/home/foiegreis/ros2_sim_ws/install/ros2_sim_tf/share/ros2_sim_tf/hook/cmake_prefix_path.sh'
[0.810s] Level 1:colcon.colcon_core.environment:checking '/home/foiegreis/ros2_sim_ws/install/ros2_sim_tf/lib'
[0.811s] Level 1:colcon.colcon_core.environment:checking '/home/foiegreis/ros2_sim_ws/install/ros2_sim_tf/bin'
[0.811s] Level 1:colcon.colcon_core.environment:checking '/home/foiegreis/ros2_sim_ws/install/ros2_sim_tf/lib/pkgconfig/ros2_sim_tf.pc'
[0.812s] Level 1:colcon.colcon_core.environment:checking '/home/foiegreis/ros2_sim_ws/install/ros2_sim_tf/lib/python3.10/site-packages'
[0.813s] Level 1:colcon.colcon_core.environment:checking '/home/foiegreis/ros2_sim_ws/install/ros2_sim_tf/bin'
[0.814s] INFO:colcon.colcon_core.shell:Creating package script '/home/foiegreis/ros2_sim_ws/install/ros2_sim_tf/share/ros2_sim_tf/package.ps1'
[0.817s] INFO:colcon.colcon_core.shell:Creating package descriptor '/home/foiegreis/ros2_sim_ws/install/ros2_sim_tf/share/ros2_sim_tf/package.dsv'
[0.818s] INFO:colcon.colcon_core.shell:Creating package script '/home/foiegreis/ros2_sim_ws/install/ros2_sim_tf/share/ros2_sim_tf/package.sh'
[0.820s] INFO:colcon.colcon_core.shell:Creating package script '/home/foiegreis/ros2_sim_ws/install/ros2_sim_tf/share/ros2_sim_tf/package.bash'
[0.821s] INFO:colcon.colcon_core.shell:Creating package script '/home/foiegreis/ros2_sim_ws/install/ros2_sim_tf/share/ros2_sim_tf/package.zsh'
[0.822s] Level 1:colcon.colcon_core.environment:create_file_with_runtime_dependencies(/home/foiegreis/ros2_sim_ws/install/ros2_sim_tf/share/colcon-core/packages/ros2_sim_tf)
[0.875s] Level 1:colcon.colcon_core.environment:create_environment_scripts_only(ros2_sim_tf)
[0.875s] Level 1:colcon.colcon_core.environment:checking '/home/foiegreis/ros2_sim_ws/install/ros2_sim_tf' for CMake module files
[0.876s] Level 1:colcon.colcon_core.environment:checking '/home/foiegreis/ros2_sim_ws/install/ros2_sim_tf' for CMake config files
[0.876s] Level 1:colcon.colcon_core.shell:create_environment_hook('ros2_sim_tf', 'cmake_prefix_path')
[0.876s] INFO:colcon.colcon_core.shell:Creating environment hook '/home/foiegreis/ros2_sim_ws/install/ros2_sim_tf/share/ros2_sim_tf/hook/cmake_prefix_path.ps1'
[0.877s] INFO:colcon.colcon_core.shell:Creating environment descriptor '/home/foiegreis/ros2_sim_ws/install/ros2_sim_tf/share/ros2_sim_tf/hook/cmake_prefix_path.dsv'
[0.877s] INFO:colcon.colcon_core.shell:Creating environment hook '/home/foiegreis/ros2_sim_ws/install/ros2_sim_tf/share/ros2_sim_tf/hook/cmake_prefix_path.sh'
[0.878s] Level 1:colcon.colcon_core.environment:checking '/home/foiegreis/ros2_sim_ws/install/ros2_sim_tf/lib'
[0.878s] Level 1:colcon.colcon_core.environment:checking '/home/foiegreis/ros2_sim_ws/install/ros2_sim_tf/bin'
[0.878s] Level 1:colcon.colcon_core.environment:checking '/home/foiegreis/ros2_sim_ws/install/ros2_sim_tf/lib/pkgconfig/ros2_sim_tf.pc'
[0.879s] Level 1:colcon.colcon_core.environment:checking '/home/foiegreis/ros2_sim_ws/install/ros2_sim_tf/lib/python3.10/site-packages'
[0.879s] Level 1:colcon.colcon_core.environment:checking '/home/foiegreis/ros2_sim_ws/install/ros2_sim_tf/bin'
[0.879s] INFO:colcon.colcon_core.shell:Creating package script '/home/foiegreis/ros2_sim_ws/install/ros2_sim_tf/share/ros2_sim_tf/package.ps1'
[0.880s] INFO:colcon.colcon_core.shell:Creating package descriptor '/home/foiegreis/ros2_sim_ws/install/ros2_sim_tf/share/ros2_sim_tf/package.dsv'
[0.880s] INFO:colcon.colcon_core.shell:Creating package script '/home/foiegreis/ros2_sim_ws/install/ros2_sim_tf/share/ros2_sim_tf/package.sh'
[0.881s] INFO:colcon.colcon_core.shell:Creating package script '/home/foiegreis/ros2_sim_ws/install/ros2_sim_tf/share/ros2_sim_tf/package.bash'
[0.881s] INFO:colcon.colcon_core.shell:Creating package script '/home/foiegreis/ros2_sim_ws/install/ros2_sim_tf/share/ros2_sim_tf/package.zsh'
[0.881s] Level 1:colcon.colcon_core.environment:create_file_with_runtime_dependencies(/home/foiegreis/ros2_sim_ws/install/ros2_sim_tf/share/colcon-core/packages/ros2_sim_tf)
[0.982s] DEBUG:colcon.colcon_core.event_handler.log_command:Invoked command in '/home/foiegreis/ros2_sim_ws/build/ros2_sim_description' returned '0': CMAKE_PREFIX_PATH=${CMAKE_PREFIX_PATH}:/home/foiegreis/ros2_fndm_ws/install/py_actions:/home/foiegreis/ros2_fndm_ws/install/py_pkg:/opt/ros/iron /usr/bin/cmake --build /home/foiegreis/ros2_sim_ws/build/ros2_sim_description -- -j12 -l12
[1.005s] DEBUG:colcon.colcon_core.event_handler.log_command:Invoking command in '/home/foiegreis/ros2_sim_ws/build/ros2_sim_description': CMAKE_PREFIX_PATH=${CMAKE_PREFIX_PATH}:/home/foiegreis/ros2_fndm_ws/install/py_actions:/home/foiegreis/ros2_fndm_ws/install/py_pkg:/opt/ros/iron /usr/bin/cmake --install /home/foiegreis/ros2_sim_ws/build/ros2_sim_description
[1.014s] Level 1:colcon.colcon_core.environment:create_environment_scripts_only(ros2_sim_description)
[1.014s] DEBUG:colcon.colcon_core.event_handler.log_command:Invoked command in '/home/foiegreis/ros2_sim_ws/build/ros2_sim_description' returned '0': CMAKE_PREFIX_PATH=${CMAKE_PREFIX_PATH}:/home/foiegreis/ros2_fndm_ws/install/py_actions:/home/foiegreis/ros2_fndm_ws/install/py_pkg:/opt/ros/iron /usr/bin/cmake --install /home/foiegreis/ros2_sim_ws/build/ros2_sim_description
[1.015s] Level 1:colcon.colcon_core.environment:checking '/home/foiegreis/ros2_sim_ws/install/ros2_sim_description' for CMake module files
[1.015s] Level 1:colcon.colcon_core.environment:checking '/home/foiegreis/ros2_sim_ws/install/ros2_sim_description' for CMake config files
[1.016s] Level 1:colcon.colcon_core.shell:create_environment_hook('ros2_sim_description', 'cmake_prefix_path')
[1.016s] INFO:colcon.colcon_core.shell:Creating environment hook '/home/foiegreis/ros2_sim_ws/install/ros2_sim_description/share/ros2_sim_description/hook/cmake_prefix_path.ps1'
[1.016s] INFO:colcon.colcon_core.shell:Creating environment descriptor '/home/foiegreis/ros2_sim_ws/install/ros2_sim_description/share/ros2_sim_description/hook/cmake_prefix_path.dsv'
[1.016s] INFO:colcon.colcon_core.shell:Creating environment hook '/home/foiegreis/ros2_sim_ws/install/ros2_sim_description/share/ros2_sim_description/hook/cmake_prefix_path.sh'
[1.017s] Level 1:colcon.colcon_core.environment:checking '/home/foiegreis/ros2_sim_ws/install/ros2_sim_description/bin'
[1.017s] Level 1:colcon.colcon_core.environment:checking '/home/foiegreis/ros2_sim_ws/install/ros2_sim_description/lib/pkgconfig/ros2_sim_description.pc'
[1.017s] Level 1:colcon.colcon_core.environment:checking '/home/foiegreis/ros2_sim_ws/install/ros2_sim_description/lib/python3.10/site-packages'
[1.017s] Level 1:colcon.colcon_core.environment:checking '/home/foiegreis/ros2_sim_ws/install/ros2_sim_description/bin'
[1.018s] INFO:colcon.colcon_core.shell:Creating package script '/home/foiegreis/ros2_sim_ws/install/ros2_sim_description/share/ros2_sim_description/package.ps1'
[1.018s] INFO:colcon.colcon_core.shell:Creating package descriptor '/home/foiegreis/ros2_sim_ws/install/ros2_sim_description/share/ros2_sim_description/package.dsv'
[1.018s] INFO:colcon.colcon_core.shell:Creating package script '/home/foiegreis/ros2_sim_ws/install/ros2_sim_description/share/ros2_sim_description/package.sh'
[1.018s] INFO:colcon.colcon_core.shell:Creating package script '/home/foiegreis/ros2_sim_ws/install/ros2_sim_description/share/ros2_sim_description/package.bash'
[1.019s] INFO:colcon.colcon_core.shell:Creating package script '/home/foiegreis/ros2_sim_ws/install/ros2_sim_description/share/ros2_sim_description/package.zsh'
[1.019s] Level 1:colcon.colcon_core.environment:create_file_with_runtime_dependencies(/home/foiegreis/ros2_sim_ws/install/ros2_sim_description/share/colcon-core/packages/ros2_sim_description)
[1.040s] Level 1:colcon.colcon_core.environment:create_environment_scripts_only(ros2_sim_description)
[1.041s] Level 1:colcon.colcon_core.environment:checking '/home/foiegreis/ros2_sim_ws/install/ros2_sim_description' for CMake module files
[1.041s] Level 1:colcon.colcon_core.environment:checking '/home/foiegreis/ros2_sim_ws/install/ros2_sim_description' for CMake config files
[1.041s] Level 1:colcon.colcon_core.shell:create_environment_hook('ros2_sim_description', 'cmake_prefix_path')
[1.041s] INFO:colcon.colcon_core.shell:Creating environment hook '/home/foiegreis/ros2_sim_ws/install/ros2_sim_description/share/ros2_sim_description/hook/cmake_prefix_path.ps1'
[1.042s] INFO:colcon.colcon_core.shell:Creating environment descriptor '/home/foiegreis/ros2_sim_ws/install/ros2_sim_description/share/ros2_sim_description/hook/cmake_prefix_path.dsv'
[1.042s] INFO:colcon.colcon_core.shell:Creating environment hook '/home/foiegreis/ros2_sim_ws/install/ros2_sim_description/share/ros2_sim_description/hook/cmake_prefix_path.sh'
[1.042s] Level 1:colcon.colcon_core.environment:checking '/home/foiegreis/ros2_sim_ws/install/ros2_sim_description/bin'
[1.042s] Level 1:colcon.colcon_core.environment:checking '/home/foiegreis/ros2_sim_ws/install/ros2_sim_description/lib/pkgconfig/ros2_sim_description.pc'
[1.043s] Level 1:colcon.colcon_core.environment:checking '/home/foiegreis/ros2_sim_ws/install/ros2_sim_description/lib/python3.10/site-packages'
[1.043s] Level 1:colcon.colcon_core.environment:checking '/home/foiegreis/ros2_sim_ws/install/ros2_sim_description/bin'
[1.043s] INFO:colcon.colcon_core.shell:Creating package script '/home/foiegreis/ros2_sim_ws/install/ros2_sim_description/share/ros2_sim_description/package.ps1'
[1.044s] INFO:colcon.colcon_core.shell:Creating package descriptor '/home/foiegreis/ros2_sim_ws/install/ros2_sim_description/share/ros2_sim_description/package.dsv'
[1.044s] INFO:colcon.colcon_core.shell:Creating package script '/home/foiegreis/ros2_sim_ws/install/ros2_sim_description/share/ros2_sim_description/package.sh'
[1.044s] INFO:colcon.colcon_core.shell:Creating package script '/home/foiegreis/ros2_sim_ws/install/ros2_sim_description/share/ros2_sim_description/package.bash'
[1.045s] INFO:colcon.colcon_core.shell:Creating package script '/home/foiegreis/ros2_sim_ws/install/ros2_sim_description/share/ros2_sim_description/package.zsh'
[1.045s] Level 1:colcon.colcon_core.environment:create_file_with_runtime_dependencies(/home/foiegreis/ros2_sim_ws/install/ros2_sim_description/share/colcon-core/packages/ros2_sim_description)
[3.827s] DEBUG:colcon.colcon_core.event_handler.log_command:Invoked command in '/home/foiegreis/ros2_sim_ws/build/ur_description' returned '0': CMAKE_PREFIX_PATH=${CMAKE_PREFIX_PATH}:/home/foiegreis/ros2_fndm_ws/install/py_actions:/home/foiegreis/ros2_fndm_ws/install/py_pkg:/opt/ros/iron /usr/bin/cmake /home/foiegreis/ros2_sim_ws/src/Universal_Robots_ROS2_Description -DCMAKE_INSTALL_PREFIX=/home/foiegreis/ros2_sim_ws/install/ur_description
[3.830s] DEBUG:colcon.colcon_core.event_handler.log_command:Invoking command in '/home/foiegreis/ros2_sim_ws/build/ur_description': CMAKE_PREFIX_PATH=${CMAKE_PREFIX_PATH}:/home/foiegreis/ros2_fndm_ws/install/py_actions:/home/foiegreis/ros2_fndm_ws/install/py_pkg:/opt/ros/iron /usr/bin/cmake --build /home/foiegreis/ros2_sim_ws/build/ur_description -- -j12 -l12
[3.868s] DEBUG:colcon.colcon_core.event_handler.log_command:Invoked command in '/home/foiegreis/ros2_sim_ws/build/ur_description' returned '0': CMAKE_PREFIX_PATH=${CMAKE_PREFIX_PATH}:/home/foiegreis/ros2_fndm_ws/install/py_actions:/home/foiegreis/ros2_fndm_ws/install/py_pkg:/opt/ros/iron /usr/bin/cmake --build /home/foiegreis/ros2_sim_ws/build/ur_description -- -j12 -l12
[3.891s] DEBUG:colcon.colcon_core.event_handler.log_command:Invoking command in '/home/foiegreis/ros2_sim_ws/build/ur_description': CMAKE_PREFIX_PATH=${CMAKE_PREFIX_PATH}:/home/foiegreis/ros2_fndm_ws/install/py_actions:/home/foiegreis/ros2_fndm_ws/install/py_pkg:/opt/ros/iron /usr/bin/cmake --install /home/foiegreis/ros2_sim_ws/build/ur_description
[4.009s] Level 1:colcon.colcon_core.environment:create_environment_scripts_only(ur_description)
[4.009s] Level 1:colcon.colcon_core.environment:checking '/home/foiegreis/ros2_sim_ws/install/ur_description' for CMake module files
[4.010s] DEBUG:colcon.colcon_core.event_handler.log_command:Invoked command in '/home/foiegreis/ros2_sim_ws/build/ur_description' returned '0': CMAKE_PREFIX_PATH=${CMAKE_PREFIX_PATH}:/home/foiegreis/ros2_fndm_ws/install/py_actions:/home/foiegreis/ros2_fndm_ws/install/py_pkg:/opt/ros/iron /usr/bin/cmake --install /home/foiegreis/ros2_sim_ws/build/ur_description
[4.010s] Level 1:colcon.colcon_core.environment:checking '/home/foiegreis/ros2_sim_ws/install/ur_description' for CMake config files
[4.011s] Level 1:colcon.colcon_core.shell:create_environment_hook('ur_description', 'cmake_prefix_path')
[4.011s] INFO:colcon.colcon_core.shell:Creating environment hook '/home/foiegreis/ros2_sim_ws/install/ur_description/share/ur_description/hook/cmake_prefix_path.ps1'
[4.012s] INFO:colcon.colcon_core.shell:Creating environment descriptor '/home/foiegreis/ros2_sim_ws/install/ur_description/share/ur_description/hook/cmake_prefix_path.dsv'
[4.012s] INFO:colcon.colcon_core.shell:Creating environment hook '/home/foiegreis/ros2_sim_ws/install/ur_description/share/ur_description/hook/cmake_prefix_path.sh'
[4.013s] Level 1:colcon.colcon_core.environment:checking '/home/foiegreis/ros2_sim_ws/install/ur_description/bin'
[4.013s] Level 1:colcon.colcon_core.environment:checking '/home/foiegreis/ros2_sim_ws/install/ur_description/lib/pkgconfig/ur_description.pc'
[4.013s] Level 1:colcon.colcon_core.environment:checking '/home/foiegreis/ros2_sim_ws/install/ur_description/lib/python3.10/site-packages'
[4.013s] Level 1:colcon.colcon_core.environment:checking '/home/foiegreis/ros2_sim_ws/install/ur_description/bin'
[4.014s] INFO:colcon.colcon_core.shell:Creating package script '/home/foiegreis/ros2_sim_ws/install/ur_description/share/ur_description/package.ps1'
[4.014s] INFO:colcon.colcon_core.shell:Creating package descriptor '/home/foiegreis/ros2_sim_ws/install/ur_description/share/ur_description/package.dsv'
[4.015s] INFO:colcon.colcon_core.shell:Creating package script '/home/foiegreis/ros2_sim_ws/install/ur_description/share/ur_description/package.sh'
[4.015s] INFO:colcon.colcon_core.shell:Creating package script '/home/foiegreis/ros2_sim_ws/install/ur_description/share/ur_description/package.bash'
[4.015s] INFO:colcon.colcon_core.shell:Creating package script '/home/foiegreis/ros2_sim_ws/install/ur_description/share/ur_description/package.zsh'
[4.016s] Level 1:colcon.colcon_core.environment:create_file_with_runtime_dependencies(/home/foiegreis/ros2_sim_ws/install/ur_description/share/colcon-core/packages/ur_description)
[4.040s] Level 1:colcon.colcon_core.environment:create_environment_scripts_only(ur_description)
[4.040s] Level 1:colcon.colcon_core.environment:checking '/home/foiegreis/ros2_sim_ws/install/ur_description' for CMake module files
[4.041s] Level 1:colcon.colcon_core.environment:checking '/home/foiegreis/ros2_sim_ws/install/ur_description' for CMake config files
[4.041s] Level 1:colcon.colcon_core.shell:create_environment_hook('ur_description', 'cmake_prefix_path')
[4.041s] INFO:colcon.colcon_core.shell:Creating environment hook '/home/foiegreis/ros2_sim_ws/install/ur_description/share/ur_description/hook/cmake_prefix_path.ps1'
[4.042s] INFO:colcon.colcon_core.shell:Creating environment descriptor '/home/foiegreis/ros2_sim_ws/install/ur_description/share/ur_description/hook/cmake_prefix_path.dsv'
[4.042s] INFO:colcon.colcon_core.shell:Creating environment hook '/home/foiegreis/ros2_sim_ws/install/ur_description/share/ur_description/hook/cmake_prefix_path.sh'
[4.042s] Level 1:colcon.colcon_core.environment:checking '/home/foiegreis/ros2_sim_ws/install/ur_description/bin'
[4.042s] Level 1:colcon.colcon_core.environment:checking '/home/foiegreis/ros2_sim_ws/install/ur_description/lib/pkgconfig/ur_description.pc'
[4.043s] Level 1:colcon.colcon_core.environment:checking '/home/foiegreis/ros2_sim_ws/install/ur_description/lib/python3.10/site-packages'
[4.043s] Level 1:colcon.colcon_core.environment:checking '/home/foiegreis/ros2_sim_ws/install/ur_description/bin'
[4.043s] INFO:colcon.colcon_core.shell:Creating package script '/home/foiegreis/ros2_sim_ws/install/ur_description/share/ur_description/package.ps1'
[4.043s] INFO:colcon.colcon_core.shell:Creating package descriptor '/home/foiegreis/ros2_sim_ws/install/ur_description/share/ur_description/package.dsv'
[4.044s] INFO:colcon.colcon_core.shell:Creating package script '/home/foiegreis/ros2_sim_ws/install/ur_description/share/ur_description/package.sh'
[4.044s] INFO:colcon.colcon_core.shell:Creating package script '/home/foiegreis/ros2_sim_ws/install/ur_description/share/ur_description/package.bash'
[4.044s] INFO:colcon.colcon_core.shell:Creating package script '/home/foiegreis/ros2_sim_ws/install/ur_description/share/ur_description/package.zsh'
[4.045s] Level 1:colcon.colcon_core.environment:create_file_with_runtime_dependencies(/home/foiegreis/ros2_sim_ws/install/ur_description/share/colcon-core/packages/ur_description)
[4.045s] DEBUG:colcon.colcon_parallel_executor.executor.parallel:closing loop
[4.045s] DEBUG:colcon.colcon_parallel_executor.executor.parallel:loop closed
[4.045s] DEBUG:colcon.colcon_parallel_executor.executor.parallel:run_until_complete finished with '0'
[4.045s] DEBUG:colcon.colcon_core.event_reactor:joining thread
[4.050s] INFO:colcon.colcon_core.plugin_system:Skipping extension 'colcon_notification.desktop_notification.terminal_notifier': Not used on non-Darwin systems
[4.050s] INFO:colcon.colcon_core.plugin_system:Skipping extension 'colcon_notification.desktop_notification.win32': Not used on non-Windows systems
[4.050s] INFO:colcon.colcon_notification.desktop_notification:Sending desktop notification using 'notify2'
[4.061s] DEBUG:colcon.colcon_core.event_reactor:joined thread
[4.061s] INFO:colcon.colcon_core.shell:Creating prefix script '/home/foiegreis/ros2_sim_ws/install/local_setup.ps1'
[4.062s] INFO:colcon.colcon_core.shell:Creating prefix util module '/home/foiegreis/ros2_sim_ws/install/_local_setup_util_ps1.py'
[4.063s] INFO:colcon.colcon_core.shell:Creating prefix chain script '/home/foiegreis/ros2_sim_ws/install/setup.ps1'
[4.064s] INFO:colcon.colcon_core.shell:Creating prefix script '/home/foiegreis/ros2_sim_ws/install/local_setup.sh'
[4.065s] INFO:colcon.colcon_core.shell:Creating prefix util module '/home/foiegreis/ros2_sim_ws/install/_local_setup_util_sh.py'
[4.065s] INFO:colcon.colcon_core.shell:Creating prefix chain script '/home/foiegreis/ros2_sim_ws/install/setup.sh'
[4.067s] INFO:colcon.colcon_core.shell:Creating prefix script '/home/foiegreis/ros2_sim_ws/install/local_setup.bash'
[4.068s] INFO:colcon.colcon_core.shell:Creating prefix chain script '/home/foiegreis/ros2_sim_ws/install/setup.bash'
[4.069s] INFO:colcon.colcon_core.shell:Creating prefix script '/home/foiegreis/ros2_sim_ws/install/local_setup.zsh'
[4.070s] INFO:colcon.colcon_core.shell:Creating prefix chain script '/home/foiegreis/ros2_sim_ws/install/setup.zsh'
