[0.021s] Invoking command in '/home/foiegreis/ros2_sim_ws/build/ros2_sim_description': CMAKE_PREFIX_PATH=${CMAKE_PREFIX_PATH}:/home/foiegreis/ros2_fndm_ws/install/py_actions:/home/foiegreis/ros2_fndm_ws/install/py_pkg:/opt/ros/iron /usr/bin/cmake --build /home/foiegreis/ros2_sim_ws/build/ros2_sim_description -- -j12 -l12
[0.058s] Invoked command in '/home/foiegreis/ros2_sim_ws/build/ros2_sim_description' returned '0': CMAKE_PREFIX_PATH=${CMAKE_PREFIX_PATH}:/home/foiegreis/ros2_fndm_ws/install/py_actions:/home/foiegreis/ros2_fndm_ws/install/py_pkg:/opt/ros/iron /usr/bin/cmake --build /home/foiegreis/ros2_sim_ws/build/ros2_sim_description -- -j12 -l12
[0.092s] Invoking command in '/home/foiegreis/ros2_sim_ws/build/ros2_sim_description': CMAKE_PREFIX_PATH=${CMAKE_PREFIX_PATH}:/home/foiegreis/ros2_fndm_ws/install/py_actions:/home/foiegreis/ros2_fndm_ws/install/py_pkg:/opt/ros/iron /usr/bin/cmake --install /home/foiegreis/ros2_sim_ws/build/ros2_sim_description
[0.098s] -- Install configuration: ""
[0.098s] -- Up-to-date: /home/foiegreis/ros2_sim_ws/install/ros2_sim_description/share/ros2_sim_description//urdf
[0.098s] -- Up-to-date: /home/foiegreis/ros2_sim_ws/install/ros2_sim_description/share/ros2_sim_description//urdf/common_properties.xacro
[0.098s] -- Installing: /home/foiegreis/ros2_sim_ws/install/ros2_sim_description/share/ros2_sim_description//urdf/rrr.xacro
[0.099s] -- Up-to-date: /home/foiegreis/ros2_sim_ws/install/ros2_sim_description/share/ros2_sim_description//urdf/joints.xacro
[0.099s] -- Up-to-date: /home/foiegreis/ros2_sim_ws/install/ros2_sim_description/share/ros2_sim_description//urdf/rrr.urdf
[0.099s] -- Up-to-date: /home/foiegreis/ros2_sim_ws/install/ros2_sim_description/share/ros2_sim_description//urdf/links.xacro
[0.099s] -- Up-to-date: /home/foiegreis/ros2_sim_ws/install/ros2_sim_description/share/ros2_sim_description//launch
[0.099s] -- Up-to-date: /home/foiegreis/ros2_sim_ws/install/ros2_sim_description/share/ros2_sim_description//launch/rrr_xacro.launch.xml
[0.099s] -- Up-to-date: /home/foiegreis/ros2_sim_ws/install/ros2_sim_description/share/ros2_sim_description//launch/rrr.launch.xml
[0.099s] -- Up-to-date: /home/foiegreis/ros2_sim_ws/install/ros2_sim_description/share/ros2_sim_description//launch/rrr_broadcaster.launch.xml
[0.099s] -- Up-to-date: /home/foiegreis/ros2_sim_ws/install/ros2_sim_description/share/ros2_sim_description//meshes
[0.100s] -- Up-to-date: /home/foiegreis/ros2_sim_ws/install/ros2_sim_description/share/ros2_sim_description//meshes/gripper_base.dae
[0.100s] -- Up-to-date: /home/foiegreis/ros2_sim_ws/install/ros2_sim_description/share/ros2_sim_description//rviz
[0.100s] -- Up-to-date: /home/foiegreis/ros2_sim_ws/install/ros2_sim_description/share/ros2_sim_description//rviz/config.rviz
[0.100s] -- Up-to-date: /home/foiegreis/ros2_sim_ws/install/ros2_sim_description/share/ros2_sim_description//config
[0.100s] -- Up-to-date: /home/foiegreis/ros2_sim_ws/install/ros2_sim_description/share/ros2_sim_description//config/rrr.yaml
[0.100s] -- Up-to-date: /home/foiegreis/ros2_sim_ws/install/ros2_sim_description/share/ament_index/resource_index/package_run_dependencies/ros2_sim_description
[0.100s] -- Up-to-date: /home/foiegreis/ros2_sim_ws/install/ros2_sim_description/share/ament_index/resource_index/parent_prefix_path/ros2_sim_description
[0.100s] -- Up-to-date: /home/foiegreis/ros2_sim_ws/install/ros2_sim_description/share/ros2_sim_description/environment/ament_prefix_path.sh
[0.100s] -- Up-to-date: /home/foiegreis/ros2_sim_ws/install/ros2_sim_description/share/ros2_sim_description/environment/ament_prefix_path.dsv
[0.100s] -- Up-to-date: /home/foiegreis/ros2_sim_ws/install/ros2_sim_description/share/ros2_sim_description/environment/path.sh
[0.100s] -- Up-to-date: /home/foiegreis/ros2_sim_ws/install/ros2_sim_description/share/ros2_sim_description/environment/path.dsv
[0.100s] -- Up-to-date: /home/foiegreis/ros2_sim_ws/install/ros2_sim_description/share/ros2_sim_description/local_setup.bash
[0.100s] -- Up-to-date: /home/foiegreis/ros2_sim_ws/install/ros2_sim_description/share/ros2_sim_description/local_setup.sh
[0.100s] -- Up-to-date: /home/foiegreis/ros2_sim_ws/install/ros2_sim_description/share/ros2_sim_description/local_setup.zsh
[0.100s] -- Up-to-date: /home/foiegreis/ros2_sim_ws/install/ros2_sim_description/share/ros2_sim_description/local_setup.dsv
[0.100s] -- Installing: /home/foiegreis/ros2_sim_ws/install/ros2_sim_description/share/ros2_sim_description/package.dsv
[0.101s] -- Up-to-date: /home/foiegreis/ros2_sim_ws/install/ros2_sim_description/share/ament_index/resource_index/packages/ros2_sim_description
[0.101s] -- Up-to-date: /home/foiegreis/ros2_sim_ws/install/ros2_sim_description/share/ros2_sim_description/cmake/ros2_sim_descriptionConfig.cmake
[0.101s] -- Up-to-date: /home/foiegreis/ros2_sim_ws/install/ros2_sim_description/share/ros2_sim_description/cmake/ros2_sim_descriptionConfig-version.cmake
[0.101s] -- Up-to-date: /home/foiegreis/ros2_sim_ws/install/ros2_sim_description/share/ros2_sim_description/package.xml
[0.110s] Invoked command in '/home/foiegreis/ros2_sim_ws/build/ros2_sim_description' returned '0': CMAKE_PREFIX_PATH=${CMAKE_PREFIX_PATH}:/home/foiegreis/ros2_fndm_ws/install/py_actions:/home/foiegreis/ros2_fndm_ws/install/py_pkg:/opt/ros/iron /usr/bin/cmake --install /home/foiegreis/ros2_sim_ws/build/ros2_sim_description
