[0.030s] Invoking command in '/home/foiegreis/ros2_sim_ws/build/ur_description': CMAKE_PREFIX_PATH=${CMAKE_PREFIX_PATH}:/home/foiegreis/ros2_fndm_ws/install/py_actions:/home/foiegreis/ros2_fndm_ws/install/py_pkg:/opt/ros/iron /usr/bin/cmake /home/foiegreis/ros2_sim_ws/src/Universal_Robots_ROS2_Description -DCMAKE_INSTALL_PREFIX=/home/foiegreis/ros2_sim_ws/install/ur_description
[0.142s] -- The C compiler identification is GNU 11.4.0
[0.247s] -- The CXX compiler identification is GNU 11.4.0
[0.263s] -- Detecting C compiler ABI info
[0.350s] -- Detecting C compiler ABI info - done
[0.358s] -- Check for working C compiler: /usr/bin/cc - skipped
[0.359s] -- Detecting C compile features
[0.359s] -- Detecting C compile features - done
[0.362s] -- Detecting CXX compiler ABI info
[0.439s] -- Detecting CXX compiler ABI info - done
[0.446s] -- Check for working CXX compiler: /usr/bin/c++ - skipped
[0.446s] -- Detecting CXX compile features
[0.446s] -- Detecting CXX compile features - done
[0.458s] -- Found ament_cmake: 2.0.5 (/opt/ros/iron/share/ament_cmake/cmake)
[0.728s] -- Found Python3: /usr/bin/python3.10 (found version "3.10.12") found components: Interpreter 
[0.835s] -- Found ament_cmake_pytest: 2.0.5 (/opt/ros/iron/share/ament_cmake_pytest/cmake)
[3.257s] -- Configuring done
[3.260s] -- Generating done
[3.260s] -- Build files have been written to: /home/foiegreis/ros2_sim_ws/build/ur_description
[3.265s] Invoked command in '/home/foiegreis/ros2_sim_ws/build/ur_description' returned '0': CMAKE_PREFIX_PATH=${CMAKE_PREFIX_PATH}:/home/foiegreis/ros2_fndm_ws/install/py_actions:/home/foiegreis/ros2_fndm_ws/install/py_pkg:/opt/ros/iron /usr/bin/cmake /home/foiegreis/ros2_sim_ws/src/Universal_Robots_ROS2_Description -DCMAKE_INSTALL_PREFIX=/home/foiegreis/ros2_sim_ws/install/ur_description
[3.267s] Invoking command in '/home/foiegreis/ros2_sim_ws/build/ur_description': CMAKE_PREFIX_PATH=${CMAKE_PREFIX_PATH}:/home/foiegreis/ros2_fndm_ws/install/py_actions:/home/foiegreis/ros2_fndm_ws/install/py_pkg:/opt/ros/iron /usr/bin/cmake --build /home/foiegreis/ros2_sim_ws/build/ur_description -- -j12 -l12
[3.305s] Invoked command in '/home/foiegreis/ros2_sim_ws/build/ur_description' returned '0': CMAKE_PREFIX_PATH=${CMAKE_PREFIX_PATH}:/home/foiegreis/ros2_fndm_ws/install/py_actions:/home/foiegreis/ros2_fndm_ws/install/py_pkg:/opt/ros/iron /usr/bin/cmake --build /home/foiegreis/ros2_sim_ws/build/ur_description -- -j12 -l12
[3.329s] Invoking command in '/home/foiegreis/ros2_sim_ws/build/ur_description': CMAKE_PREFIX_PATH=${CMAKE_PREFIX_PATH}:/home/foiegreis/ros2_fndm_ws/install/py_actions:/home/foiegreis/ros2_fndm_ws/install/py_pkg:/opt/ros/iron /usr/bin/cmake --install /home/foiegreis/ros2_sim_ws/build/ur_description
[3.339s] -- Install configuration: ""
[3.339s] -- Installing: /home/foiegreis/ros2_sim_ws/install/ur_description/share/ur_description/config
[3.339s] -- Installing: /home/foiegreis/ros2_sim_ws/install/ur_description/share/ur_description/config/ur5e
[3.339s] -- Installing: /home/foiegreis/ros2_sim_ws/install/ur_description/share/ur_description/config/ur5e/visual_parameters.yaml
[3.339s] -- Installing: /home/foiegreis/ros2_sim_ws/install/ur_description/share/ur_description/config/ur5e/joint_limits.yaml
[3.339s] -- Installing: /home/foiegreis/ros2_sim_ws/install/ur_description/share/ur_description/config/ur5e/physical_parameters.yaml
[3.339s] -- Installing: /home/foiegreis/ros2_sim_ws/install/ur_description/share/ur_description/config/ur5e/default_kinematics.yaml
[3.339s] -- Installing: /home/foiegreis/ros2_sim_ws/install/ur_description/share/ur_description/config/ur10
[3.339s] -- Installing: /home/foiegreis/ros2_sim_ws/install/ur_description/share/ur_description/config/ur10/visual_parameters.yaml
[3.340s] -- Installing: /home/foiegreis/ros2_sim_ws/install/ur_description/share/ur_description/config/ur10/joint_limits.yaml
[3.340s] -- Installing: /home/foiegreis/ros2_sim_ws/install/ur_description/share/ur_description/config/ur10/physical_parameters.yaml
[3.340s] -- Installing: /home/foiegreis/ros2_sim_ws/install/ur_description/share/ur_description/config/ur10/default_kinematics.yaml
[3.340s] -- Installing: /home/foiegreis/ros2_sim_ws/install/ur_description/share/ur_description/config/ur20
[3.340s] -- Installing: /home/foiegreis/ros2_sim_ws/install/ur_description/share/ur_description/config/ur20/visual_parameters.yaml
[3.340s] -- Installing: /home/foiegreis/ros2_sim_ws/install/ur_description/share/ur_description/config/ur20/joint_limits.yaml
[3.340s] -- Installing: /home/foiegreis/ros2_sim_ws/install/ur_description/share/ur_description/config/ur20/physical_parameters.yaml
[3.340s] -- Installing: /home/foiegreis/ros2_sim_ws/install/ur_description/share/ur_description/config/ur20/default_kinematics.yaml
[3.340s] -- Installing: /home/foiegreis/ros2_sim_ws/install/ur_description/share/ur_description/config/initial_positions.yaml
[3.340s] -- Installing: /home/foiegreis/ros2_sim_ws/install/ur_description/share/ur_description/config/ur3
[3.340s] -- Installing: /home/foiegreis/ros2_sim_ws/install/ur_description/share/ur_description/config/ur3/visual_parameters.yaml
[3.340s] -- Installing: /home/foiegreis/ros2_sim_ws/install/ur_description/share/ur_description/config/ur3/joint_limits.yaml
[3.341s] -- Installing: /home/foiegreis/ros2_sim_ws/install/ur_description/share/ur_description/config/ur3/physical_parameters.yaml
[3.341s] -- Installing: /home/foiegreis/ros2_sim_ws/install/ur_description/share/ur_description/config/ur3/default_kinematics.yaml
[3.341s] -- Installing: /home/foiegreis/ros2_sim_ws/install/ur_description/share/ur_description/config/ur30
[3.341s] -- Installing: /home/foiegreis/ros2_sim_ws/install/ur_description/share/ur_description/config/ur30/visual_parameters.yaml
[3.342s] -- Installing: /home/foiegreis/ros2_sim_ws/install/ur_description/share/ur_description/config/ur30/joint_limits.yaml
[3.342s] -- Installing: /home/foiegreis/ros2_sim_ws/install/ur_description/share/ur_description/config/ur30/physical_parameters.yaml
[3.342s] -- Installing: /home/foiegreis/ros2_sim_ws/install/ur_description/share/ur_description/config/ur30/default_kinematics.yaml
[3.342s] -- Installing: /home/foiegreis/ros2_sim_ws/install/ur_description/share/ur_description/config/ur3e
[3.342s] -- Installing: /home/foiegreis/ros2_sim_ws/install/ur_description/share/ur_description/config/ur3e/visual_parameters.yaml
[3.342s] -- Installing: /home/foiegreis/ros2_sim_ws/install/ur_description/share/ur_description/config/ur3e/joint_limits.yaml
[3.342s] -- Installing: /home/foiegreis/ros2_sim_ws/install/ur_description/share/ur_description/config/ur3e/physical_parameters.yaml
[3.342s] -- Installing: /home/foiegreis/ros2_sim_ws/install/ur_description/share/ur_description/config/ur3e/default_kinematics.yaml
[3.342s] -- Installing: /home/foiegreis/ros2_sim_ws/install/ur_description/share/ur_description/config/ur5
[3.342s] -- Installing: /home/foiegreis/ros2_sim_ws/install/ur_description/share/ur_description/config/ur5/visual_parameters.yaml
[3.342s] -- Installing: /home/foiegreis/ros2_sim_ws/install/ur_description/share/ur_description/config/ur5/joint_limits.yaml
[3.342s] -- Installing: /home/foiegreis/ros2_sim_ws/install/ur_description/share/ur_description/config/ur5/physical_parameters.yaml
[3.343s] -- Installing: /home/foiegreis/ros2_sim_ws/install/ur_description/share/ur_description/config/ur5/default_kinematics.yaml
[3.343s] -- Installing: /home/foiegreis/ros2_sim_ws/install/ur_description/share/ur_description/config/ur16e
[3.343s] -- Installing: /home/foiegreis/ros2_sim_ws/install/ur_description/share/ur_description/config/ur16e/visual_parameters.yaml
[3.343s] -- Installing: /home/foiegreis/ros2_sim_ws/install/ur_description/share/ur_description/config/ur16e/joint_limits.yaml
[3.343s] -- Installing: /home/foiegreis/ros2_sim_ws/install/ur_description/share/ur_description/config/ur16e/physical_parameters.yaml
[3.343s] -- Installing: /home/foiegreis/ros2_sim_ws/install/ur_description/share/ur_description/config/ur16e/default_kinematics.yaml
[3.343s] -- Installing: /home/foiegreis/ros2_sim_ws/install/ur_description/share/ur_description/config/ur10e
[3.343s] -- Installing: /home/foiegreis/ros2_sim_ws/install/ur_description/share/ur_description/config/ur10e/visual_parameters.yaml
[3.343s] -- Installing: /home/foiegreis/ros2_sim_ws/install/ur_description/share/ur_description/config/ur10e/joint_limits.yaml
[3.344s] -- Installing: /home/foiegreis/ros2_sim_ws/install/ur_description/share/ur_description/config/ur10e/physical_parameters.yaml
[3.344s] -- Installing: /home/foiegreis/ros2_sim_ws/install/ur_description/share/ur_description/config/ur10e/default_kinematics.yaml
[3.344s] -- Installing: /home/foiegreis/ros2_sim_ws/install/ur_description/share/ur_description/launch
[3.344s] -- Installing: /home/foiegreis/ros2_sim_ws/install/ur_description/share/ur_description/launch/view_ur.launch.py
[3.344s] -- Installing: /home/foiegreis/ros2_sim_ws/install/ur_description/share/ur_description/meshes
[3.344s] -- Installing: /home/foiegreis/ros2_sim_ws/install/ur_description/share/ur_description/meshes/ur5e
[3.344s] -- Installing: /home/foiegreis/ros2_sim_ws/install/ur_description/share/ur_description/meshes/ur5e/visual
[3.344s] -- Installing: /home/foiegreis/ros2_sim_ws/install/ur_description/share/ur_description/meshes/ur5e/visual/upperarm.dae
[3.348s] -- Installing: /home/foiegreis/ros2_sim_ws/install/ur_description/share/ur_description/meshes/ur5e/visual/forearm.dae
[3.349s] -- Installing: /home/foiegreis/ros2_sim_ws/install/ur_description/share/ur_description/meshes/ur5e/visual/wrist2.dae
[3.351s] -- Installing: /home/foiegreis/ros2_sim_ws/install/ur_description/share/ur_description/meshes/ur5e/visual/wrist1.dae
[3.352s] -- Installing: /home/foiegreis/ros2_sim_ws/install/ur_description/share/ur_description/meshes/ur5e/visual/base.dae
[3.352s] -- Installing: /home/foiegreis/ros2_sim_ws/install/ur_description/share/ur_description/meshes/ur5e/visual/shoulder.dae
[3.355s] -- Installing: /home/foiegreis/ros2_sim_ws/install/ur_description/share/ur_description/meshes/ur5e/visual/wrist3.dae
[3.355s] -- Installing: /home/foiegreis/ros2_sim_ws/install/ur_description/share/ur_description/meshes/ur5e/collision
[3.355s] -- Installing: /home/foiegreis/ros2_sim_ws/install/ur_description/share/ur_description/meshes/ur5e/collision/shoulder.stl
[3.355s] -- Installing: /home/foiegreis/ros2_sim_ws/install/ur_description/share/ur_description/meshes/ur5e/collision/base.stl
[3.355s] -- Installing: /home/foiegreis/ros2_sim_ws/install/ur_description/share/ur_description/meshes/ur5e/collision/wrist3.stl
[3.355s] -- Installing: /home/foiegreis/ros2_sim_ws/install/ur_description/share/ur_description/meshes/ur5e/collision/upperarm.stl
[3.355s] -- Installing: /home/foiegreis/ros2_sim_ws/install/ur_description/share/ur_description/meshes/ur5e/collision/wrist2.stl
[3.355s] -- Installing: /home/foiegreis/ros2_sim_ws/install/ur_description/share/ur_description/meshes/ur5e/collision/wrist1.stl
[3.356s] -- Installing: /home/foiegreis/ros2_sim_ws/install/ur_description/share/ur_description/meshes/ur5e/collision/forearm.stl
[3.356s] -- Installing: /home/foiegreis/ros2_sim_ws/install/ur_description/share/ur_description/meshes/ur10
[3.356s] -- Installing: /home/foiegreis/ros2_sim_ws/install/ur_description/share/ur_description/meshes/ur10/visual
[3.356s] -- Installing: /home/foiegreis/ros2_sim_ws/install/ur_description/share/ur_description/meshes/ur10/visual/upperarm.dae
[3.358s] -- Installing: /home/foiegreis/ros2_sim_ws/install/ur_description/share/ur_description/meshes/ur10/visual/forearm.dae
[3.360s] -- Installing: /home/foiegreis/ros2_sim_ws/install/ur_description/share/ur_description/meshes/ur10/visual/wrist2.dae
[3.363s] -- Installing: /home/foiegreis/ros2_sim_ws/install/ur_description/share/ur_description/meshes/ur10/visual/wrist1.dae
[3.364s] -- Installing: /home/foiegreis/ros2_sim_ws/install/ur_description/share/ur_description/meshes/ur10/visual/base.dae
[3.364s] -- Installing: /home/foiegreis/ros2_sim_ws/install/ur_description/share/ur_description/meshes/ur10/visual/shoulder.dae
[3.366s] -- Installing: /home/foiegreis/ros2_sim_ws/install/ur_description/share/ur_description/meshes/ur10/visual/wrist3.dae
[3.366s] -- Installing: /home/foiegreis/ros2_sim_ws/install/ur_description/share/ur_description/meshes/ur10/collision
[3.366s] -- Installing: /home/foiegreis/ros2_sim_ws/install/ur_description/share/ur_description/meshes/ur10/collision/shoulder.stl
[3.367s] -- Installing: /home/foiegreis/ros2_sim_ws/install/ur_description/share/ur_description/meshes/ur10/collision/base.stl
[3.367s] -- Installing: /home/foiegreis/ros2_sim_ws/install/ur_description/share/ur_description/meshes/ur10/collision/wrist3.stl
[3.367s] -- Installing: /home/foiegreis/ros2_sim_ws/install/ur_description/share/ur_description/meshes/ur10/collision/upperarm.stl
[3.367s] -- Installing: /home/foiegreis/ros2_sim_ws/install/ur_description/share/ur_description/meshes/ur10/collision/wrist2.stl
[3.367s] -- Installing: /home/foiegreis/ros2_sim_ws/install/ur_description/share/ur_description/meshes/ur10/collision/wrist1.stl
[3.367s] -- Installing: /home/foiegreis/ros2_sim_ws/install/ur_description/share/ur_description/meshes/ur10/collision/forearm.stl
[3.367s] -- Installing: /home/foiegreis/ros2_sim_ws/install/ur_description/share/ur_description/meshes/ur20
[3.367s] -- Installing: /home/foiegreis/ros2_sim_ws/install/ur_description/share/ur_description/meshes/ur20/visual
[3.368s] -- Installing: /home/foiegreis/ros2_sim_ws/install/ur_description/share/ur_description/meshes/ur20/visual/upperarm.dae
[3.368s] -- Installing: /home/foiegreis/ros2_sim_ws/install/ur_description/share/ur_description/meshes/ur20/visual/forearm.dae
[3.369s] -- Installing: /home/foiegreis/ros2_sim_ws/install/ur_description/share/ur_description/meshes/ur20/visual/wrist2.dae
[3.370s] -- Installing: /home/foiegreis/ros2_sim_ws/install/ur_description/share/ur_description/meshes/ur20/visual/wrist1.dae
[3.370s] -- Installing: /home/foiegreis/ros2_sim_ws/install/ur_description/share/ur_description/meshes/ur20/visual/base.dae
[3.371s] -- Installing: /home/foiegreis/ros2_sim_ws/install/ur_description/share/ur_description/meshes/ur20/visual/shoulder.dae
[3.371s] -- Installing: /home/foiegreis/ros2_sim_ws/install/ur_description/share/ur_description/meshes/ur20/visual/UR20_DIFF_8bit_2K.png
[3.373s] -- Installing: /home/foiegreis/ros2_sim_ws/install/ur_description/share/ur_description/meshes/ur20/visual/wrist3.dae
[3.373s] -- Installing: /home/foiegreis/ros2_sim_ws/install/ur_description/share/ur_description/meshes/ur20/LICENSE.txt
[3.373s] -- Installing: /home/foiegreis/ros2_sim_ws/install/ur_description/share/ur_description/meshes/ur20/collision
[3.373s] -- Installing: /home/foiegreis/ros2_sim_ws/install/ur_description/share/ur_description/meshes/ur20/collision/shoulder.stl
[3.373s] -- Installing: /home/foiegreis/ros2_sim_ws/install/ur_description/share/ur_description/meshes/ur20/collision/base.stl
[3.374s] -- Installing: /home/foiegreis/ros2_sim_ws/install/ur_description/share/ur_description/meshes/ur20/collision/wrist3.stl
[3.374s] -- Installing: /home/foiegreis/ros2_sim_ws/install/ur_description/share/ur_description/meshes/ur20/collision/upperarm.stl
[3.375s] -- Installing: /home/foiegreis/ros2_sim_ws/install/ur_description/share/ur_description/meshes/ur20/collision/wrist2.stl
[3.375s] -- Installing: /home/foiegreis/ros2_sim_ws/install/ur_description/share/ur_description/meshes/ur20/collision/wrist1.stl
[3.375s] -- Installing: /home/foiegreis/ros2_sim_ws/install/ur_description/share/ur_description/meshes/ur20/collision/forearm.stl
[3.375s] -- Installing: /home/foiegreis/ros2_sim_ws/install/ur_description/share/ur_description/meshes/ur3
[3.375s] -- Installing: /home/foiegreis/ros2_sim_ws/install/ur_description/share/ur_description/meshes/ur3/visual
[3.375s] -- Installing: /home/foiegreis/ros2_sim_ws/install/ur_description/share/ur_description/meshes/ur3/visual/upperarm.dae
[3.378s] -- Installing: /home/foiegreis/ros2_sim_ws/install/ur_description/share/ur_description/meshes/ur3/visual/forearm.dae
[3.379s] -- Installing: /home/foiegreis/ros2_sim_ws/install/ur_description/share/ur_description/meshes/ur3/visual/wrist2.dae
[3.379s] -- Installing: /home/foiegreis/ros2_sim_ws/install/ur_description/share/ur_description/meshes/ur3/visual/wrist1.dae
[3.380s] -- Installing: /home/foiegreis/ros2_sim_ws/install/ur_description/share/ur_description/meshes/ur3/visual/base.dae
[3.381s] -- Installing: /home/foiegreis/ros2_sim_ws/install/ur_description/share/ur_description/meshes/ur3/visual/shoulder.dae
[3.383s] -- Installing: /home/foiegreis/ros2_sim_ws/install/ur_description/share/ur_description/meshes/ur3/visual/wrist3.dae
[3.384s] -- Installing: /home/foiegreis/ros2_sim_ws/install/ur_description/share/ur_description/meshes/ur3/collision
[3.384s] -- Installing: /home/foiegreis/ros2_sim_ws/install/ur_description/share/ur_description/meshes/ur3/collision/shoulder.stl
[3.384s] -- Installing: /home/foiegreis/ros2_sim_ws/install/ur_description/share/ur_description/meshes/ur3/collision/base.stl
[3.385s] -- Installing: /home/foiegreis/ros2_sim_ws/install/ur_description/share/ur_description/meshes/ur3/collision/wrist3.stl
[3.385s] -- Installing: /home/foiegreis/ros2_sim_ws/install/ur_description/share/ur_description/meshes/ur3/collision/upperarm.stl
[3.385s] -- Installing: /home/foiegreis/ros2_sim_ws/install/ur_description/share/ur_description/meshes/ur3/collision/wrist2.stl
[3.386s] -- Installing: /home/foiegreis/ros2_sim_ws/install/ur_description/share/ur_description/meshes/ur3/collision/wrist1.stl
[3.386s] -- Installing: /home/foiegreis/ros2_sim_ws/install/ur_description/share/ur_description/meshes/ur3/collision/forearm.stl
[3.386s] -- Installing: /home/foiegreis/ros2_sim_ws/install/ur_description/share/ur_description/meshes/ur30
[3.386s] -- Installing: /home/foiegreis/ros2_sim_ws/install/ur_description/share/ur_description/meshes/ur30/visual
[3.386s] -- Installing: /home/foiegreis/ros2_sim_ws/install/ur_description/share/ur_description/meshes/ur30/visual/upperarm.dae
[3.387s] -- Installing: /home/foiegreis/ros2_sim_ws/install/ur_description/share/ur_description/meshes/ur30/visual/forearm.dae
[3.388s] -- Installing: /home/foiegreis/ros2_sim_ws/install/ur_description/share/ur_description/meshes/ur30/visual/UR30_DIFF_8bit_2K.png
[3.390s] -- Installing: /home/foiegreis/ros2_sim_ws/install/ur_description/share/ur_description/meshes/ur30/LICENSE.txt
[3.390s] -- Installing: /home/foiegreis/ros2_sim_ws/install/ur_description/share/ur_description/meshes/ur30/collision
[3.390s] -- Installing: /home/foiegreis/ros2_sim_ws/install/ur_description/share/ur_description/meshes/ur30/collision/upperarm.stl
[3.391s] -- Installing: /home/foiegreis/ros2_sim_ws/install/ur_description/share/ur_description/meshes/ur30/collision/forearm.stl
[3.391s] -- Installing: /home/foiegreis/ros2_sim_ws/install/ur_description/share/ur_description/meshes/ur3e
[3.391s] -- Installing: /home/foiegreis/ros2_sim_ws/install/ur_description/share/ur_description/meshes/ur3e/visual
[3.392s] -- Installing: /home/foiegreis/ros2_sim_ws/install/ur_description/share/ur_description/meshes/ur3e/visual/upperarm.dae
[3.395s] -- Installing: /home/foiegreis/ros2_sim_ws/install/ur_description/share/ur_description/meshes/ur3e/visual/forearm.dae
[3.397s] -- Installing: /home/foiegreis/ros2_sim_ws/install/ur_description/share/ur_description/meshes/ur3e/visual/wrist2.dae
[3.398s] -- Installing: /home/foiegreis/ros2_sim_ws/install/ur_description/share/ur_description/meshes/ur3e/visual/wrist1.dae
[3.400s] -- Installing: /home/foiegreis/ros2_sim_ws/install/ur_description/share/ur_description/meshes/ur3e/visual/base.dae
[3.400s] -- Installing: /home/foiegreis/ros2_sim_ws/install/ur_description/share/ur_description/meshes/ur3e/visual/shoulder.dae
[3.403s] -- Installing: /home/foiegreis/ros2_sim_ws/install/ur_description/share/ur_description/meshes/ur3e/visual/wrist3.dae
[3.403s] -- Installing: /home/foiegreis/ros2_sim_ws/install/ur_description/share/ur_description/meshes/ur3e/collision
[3.403s] -- Installing: /home/foiegreis/ros2_sim_ws/install/ur_description/share/ur_description/meshes/ur3e/collision/shoulder.stl
[3.403s] -- Installing: /home/foiegreis/ros2_sim_ws/install/ur_description/share/ur_description/meshes/ur3e/collision/base.stl
[3.403s] -- Installing: /home/foiegreis/ros2_sim_ws/install/ur_description/share/ur_description/meshes/ur3e/collision/wrist3.stl
[3.403s] -- Installing: /home/foiegreis/ros2_sim_ws/install/ur_description/share/ur_description/meshes/ur3e/collision/upperarm.stl
[3.404s] -- Installing: /home/foiegreis/ros2_sim_ws/install/ur_description/share/ur_description/meshes/ur3e/collision/wrist2.stl
[3.404s] -- Installing: /home/foiegreis/ros2_sim_ws/install/ur_description/share/ur_description/meshes/ur3e/collision/wrist1.stl
[3.404s] -- Installing: /home/foiegreis/ros2_sim_ws/install/ur_description/share/ur_description/meshes/ur3e/collision/forearm.stl
[3.404s] -- Installing: /home/foiegreis/ros2_sim_ws/install/ur_description/share/ur_description/meshes/ur5
[3.404s] -- Installing: /home/foiegreis/ros2_sim_ws/install/ur_description/share/ur_description/meshes/ur5/visual
[3.404s] -- Installing: /home/foiegreis/ros2_sim_ws/install/ur_description/share/ur_description/meshes/ur5/visual/upperarm.dae
[3.406s] -- Installing: /home/foiegreis/ros2_sim_ws/install/ur_description/share/ur_description/meshes/ur5/visual/forearm.dae
[3.408s] -- Installing: /home/foiegreis/ros2_sim_ws/install/ur_description/share/ur_description/meshes/ur5/visual/wrist2.dae
[3.409s] -- Installing: /home/foiegreis/ros2_sim_ws/install/ur_description/share/ur_description/meshes/ur5/visual/wrist1.dae
[3.410s] -- Installing: /home/foiegreis/ros2_sim_ws/install/ur_description/share/ur_description/meshes/ur5/visual/base.dae
[3.410s] -- Installing: /home/foiegreis/ros2_sim_ws/install/ur_description/share/ur_description/meshes/ur5/visual/shoulder.dae
[3.411s] -- Installing: /home/foiegreis/ros2_sim_ws/install/ur_description/share/ur_description/meshes/ur5/visual/wrist3.dae
[3.412s] -- Installing: /home/foiegreis/ros2_sim_ws/install/ur_description/share/ur_description/meshes/ur5/collision
[3.412s] -- Installing: /home/foiegreis/ros2_sim_ws/install/ur_description/share/ur_description/meshes/ur5/collision/shoulder.stl
[3.412s] -- Installing: /home/foiegreis/ros2_sim_ws/install/ur_description/share/ur_description/meshes/ur5/collision/base.stl
[3.412s] -- Installing: /home/foiegreis/ros2_sim_ws/install/ur_description/share/ur_description/meshes/ur5/collision/wrist3.stl
[3.412s] -- Installing: /home/foiegreis/ros2_sim_ws/install/ur_description/share/ur_description/meshes/ur5/collision/upperarm.stl
[3.412s] -- Installing: /home/foiegreis/ros2_sim_ws/install/ur_description/share/ur_description/meshes/ur5/collision/wrist2.stl
[3.412s] -- Installing: /home/foiegreis/ros2_sim_ws/install/ur_description/share/ur_description/meshes/ur5/collision/wrist1.stl
[3.413s] -- Installing: /home/foiegreis/ros2_sim_ws/install/ur_description/share/ur_description/meshes/ur5/collision/forearm.stl
[3.413s] -- Installing: /home/foiegreis/ros2_sim_ws/install/ur_description/share/ur_description/meshes/ur16e
[3.413s] -- Installing: /home/foiegreis/ros2_sim_ws/install/ur_description/share/ur_description/meshes/ur16e/visual
[3.413s] -- Installing: /home/foiegreis/ros2_sim_ws/install/ur_description/share/ur_description/meshes/ur16e/visual/upperarm.dae
[3.417s] -- Installing: /home/foiegreis/ros2_sim_ws/install/ur_description/share/ur_description/meshes/ur16e/visual/forearm.dae
[3.418s] -- Installing: /home/foiegreis/ros2_sim_ws/install/ur_description/share/ur_description/meshes/ur16e/collision
[3.419s] -- Installing: /home/foiegreis/ros2_sim_ws/install/ur_description/share/ur_description/meshes/ur16e/collision/upperarm.stl
[3.419s] -- Installing: /home/foiegreis/ros2_sim_ws/install/ur_description/share/ur_description/meshes/ur16e/collision/forearm.stl
[3.419s] -- Installing: /home/foiegreis/ros2_sim_ws/install/ur_description/share/ur_description/meshes/ur10e
[3.419s] -- Installing: /home/foiegreis/ros2_sim_ws/install/ur_description/share/ur_description/meshes/ur10e/visual
[3.419s] -- Installing: /home/foiegreis/ros2_sim_ws/install/ur_description/share/ur_description/meshes/ur10e/visual/upperarm.dae
[3.422s] -- Installing: /home/foiegreis/ros2_sim_ws/install/ur_description/share/ur_description/meshes/ur10e/visual/forearm.dae
[3.424s] -- Installing: /home/foiegreis/ros2_sim_ws/install/ur_description/share/ur_description/meshes/ur10e/visual/wrist2.dae
[3.425s] -- Installing: /home/foiegreis/ros2_sim_ws/install/ur_description/share/ur_description/meshes/ur10e/visual/wrist1.dae
[3.427s] -- Installing: /home/foiegreis/ros2_sim_ws/install/ur_description/share/ur_description/meshes/ur10e/visual/base.dae
[3.428s] -- Installing: /home/foiegreis/ros2_sim_ws/install/ur_description/share/ur_description/meshes/ur10e/visual/shoulder.dae
[3.430s] -- Installing: /home/foiegreis/ros2_sim_ws/install/ur_description/share/ur_description/meshes/ur10e/visual/wrist3.dae
[3.431s] -- Installing: /home/foiegreis/ros2_sim_ws/install/ur_description/share/ur_description/meshes/ur10e/collision
[3.431s] -- Installing: /home/foiegreis/ros2_sim_ws/install/ur_description/share/ur_description/meshes/ur10e/collision/shoulder.stl
[3.432s] -- Installing: /home/foiegreis/ros2_sim_ws/install/ur_description/share/ur_description/meshes/ur10e/collision/base.stl
[3.433s] -- Installing: /home/foiegreis/ros2_sim_ws/install/ur_description/share/ur_description/meshes/ur10e/collision/wrist3.stl
[3.433s] -- Installing: /home/foiegreis/ros2_sim_ws/install/ur_description/share/ur_description/meshes/ur10e/collision/upperarm.stl
[3.434s] -- Installing: /home/foiegreis/ros2_sim_ws/install/ur_description/share/ur_description/meshes/ur10e/collision/wrist2.stl
[3.434s] -- Installing: /home/foiegreis/ros2_sim_ws/install/ur_description/share/ur_description/meshes/ur10e/collision/wrist1.stl
[3.435s] -- Installing: /home/foiegreis/ros2_sim_ws/install/ur_description/share/ur_description/meshes/ur10e/collision/forearm.stl
[3.436s] -- Installing: /home/foiegreis/ros2_sim_ws/install/ur_description/share/ur_description/rviz
[3.436s] -- Installing: /home/foiegreis/ros2_sim_ws/install/ur_description/share/ur_description/rviz/view_robot.rviz
[3.437s] -- Installing: /home/foiegreis/ros2_sim_ws/install/ur_description/share/ur_description/urdf
[3.437s] -- Installing: /home/foiegreis/ros2_sim_ws/install/ur_description/share/ur_description/urdf/ros2_control_mock_hardware.xacro
[3.437s] -- Installing: /home/foiegreis/ros2_sim_ws/install/ur_description/share/ur_description/urdf/ur.urdf.xacro
[3.437s] -- Installing: /home/foiegreis/ros2_sim_ws/install/ur_description/share/ur_description/urdf/ur_macro.xacro
[3.437s] -- Installing: /home/foiegreis/ros2_sim_ws/install/ur_description/share/ur_description/urdf/inc
[3.438s] -- Installing: /home/foiegreis/ros2_sim_ws/install/ur_description/share/ur_description/urdf/inc/ur_common.xacro
[3.438s] -- Installing: /home/foiegreis/ros2_sim_ws/install/ur_description/share/ur_description/urdf/inc/ur_sensors.xacro
[3.438s] -- Installing: /home/foiegreis/ros2_sim_ws/install/ur_description/share/ur_description/urdf/inc/ur_joint_control.xacro
[3.438s] -- Installing: /home/foiegreis/ros2_sim_ws/install/ur_description/share/ur_description/urdf/inc/ur_transmissions.xacro
[3.439s] -- Installing: /home/foiegreis/ros2_sim_ws/install/ur_description/share/ur_description/urdf/ur_mocked.urdf.xacro
[3.439s] -- Installing: /home/foiegreis/ros2_sim_ws/install/ur_description/share/ur_description/test
[3.439s] -- Installing: /home/foiegreis/ros2_sim_ws/install/ur_description/share/ur_description/test/test_ur_urdf_xacro.py
[3.439s] -- Installing: /home/foiegreis/ros2_sim_ws/install/ur_description/share/ur_description/test/test_view_ur_launch.py
[3.440s] -- Installing: /home/foiegreis/ros2_sim_ws/install/ur_description/share/ament_index/resource_index/package_run_dependencies/ur_description
[3.440s] -- Installing: /home/foiegreis/ros2_sim_ws/install/ur_description/share/ament_index/resource_index/parent_prefix_path/ur_description
[3.441s] -- Installing: /home/foiegreis/ros2_sim_ws/install/ur_description/share/ur_description/environment/ament_prefix_path.sh
[3.441s] -- Installing: /home/foiegreis/ros2_sim_ws/install/ur_description/share/ur_description/environment/ament_prefix_path.dsv
[3.441s] -- Installing: /home/foiegreis/ros2_sim_ws/install/ur_description/share/ur_description/environment/path.sh
[3.441s] -- Installing: /home/foiegreis/ros2_sim_ws/install/ur_description/share/ur_description/environment/path.dsv
[3.442s] -- Installing: /home/foiegreis/ros2_sim_ws/install/ur_description/share/ur_description/local_setup.bash
[3.442s] -- Installing: /home/foiegreis/ros2_sim_ws/install/ur_description/share/ur_description/local_setup.sh
[3.442s] -- Installing: /home/foiegreis/ros2_sim_ws/install/ur_description/share/ur_description/local_setup.zsh
[3.443s] -- Installing: /home/foiegreis/ros2_sim_ws/install/ur_description/share/ur_description/local_setup.dsv
[3.443s] -- Installing: /home/foiegreis/ros2_sim_ws/install/ur_description/share/ur_description/package.dsv
[3.443s] -- Installing: /home/foiegreis/ros2_sim_ws/install/ur_description/share/ament_index/resource_index/packages/ur_description
[3.443s] -- Installing: /home/foiegreis/ros2_sim_ws/install/ur_description/share/ur_description/cmake/ur_descriptionConfig.cmake
[3.443s] -- Installing: /home/foiegreis/ros2_sim_ws/install/ur_description/share/ur_description/cmake/ur_descriptionConfig-version.cmake
[3.444s] -- Installing: /home/foiegreis/ros2_sim_ws/install/ur_description/share/ur_description/package.xml
[3.447s] Invoked command in '/home/foiegreis/ros2_sim_ws/build/ur_description' returned '0': CMAKE_PREFIX_PATH=${CMAKE_PREFIX_PATH}:/home/foiegreis/ros2_fndm_ws/install/py_actions:/home/foiegreis/ros2_fndm_ws/install/py_pkg:/opt/ros/iron /usr/bin/cmake --install /home/foiegreis/ros2_sim_ws/build/ur_description
