[0.110s] DEBUG:colcon:Command line arguments: ['/usr/bin/colcon', 'build']
[0.111s] DEBUG:colcon:Parsed command line arguments: Namespace(log_base=None, log_level=None, verb_name='build', build_base='build', install_base='install', merge_install=False, symlink_install=False, test_result_base=None, continue_on_error=False, executor='parallel', parallel_workers=12, event_handlers=None, ignore_user_meta=False, metas=['./colcon.meta'], base_paths=['.'], packages_ignore=None, packages_ignore_regex=None, paths=None, packages_up_to=None, packages_up_to_regex=None, packages_above=None, packages_above_and_dependencies=None, packages_above_depth=None, packages_select_by_dep=None, packages_skip_by_dep=None, packages_skip_up_to=None, packages_select_build_failed=False, packages_skip_build_finished=False, packages_select_test_failures=False, packages_skip_test_passed=False, packages_select=None, packages_skip=None, packages_select_regex=None, packages_skip_regex=None, packages_start=None, packages_end=None, allow_overriding=[], cmake_args=None, cmake_target=None, cmake_target_skip_unavailable=False, cmake_clean_cache=False, cmake_clean_first=False, cmake_force_configure=False, ament_cmake_args=None, catkin_cmake_args=None, catkin_skip_building_tests=False, mixin_files=None, mixin=None, verb_parser=<colcon_mixin.mixin.mixin_argument.MixinArgumentDecorator object at 0x7517883798a0>, verb_extension=<colcon_core.verb.build.BuildVerb object at 0x75178846df90>, main=<bound method BuildVerb.main of <colcon_core.verb.build.BuildVerb object at 0x75178846df90>>, mixin_verb=('build',))
[0.338s] Level 1:colcon.colcon_core.package_discovery:discover_packages(colcon_meta) check parameters
[0.339s] Level 1:colcon.colcon_core.package_discovery:discover_packages(recursive) check parameters
[0.339s] Level 1:colcon.colcon_core.package_discovery:discover_packages(ignore) check parameters
[0.339s] Level 1:colcon.colcon_core.package_discovery:discover_packages(path) check parameters
[0.339s] Level 1:colcon.colcon_core.package_discovery:discover_packages(colcon_meta) discover
[0.339s] Level 1:colcon.colcon_core.package_discovery:discover_packages(recursive) discover
[0.339s] INFO:colcon.colcon_core.package_discovery:Crawling recursively for packages in '/home/foiegreis/ros2_sim_ws'
[0.339s] Level 1:colcon.colcon_core.package_identification:_identify(.) by extensions ['ignore', 'ignore_ament_install']
[0.339s] Level 1:colcon.colcon_core.package_identification:_identify(.) by extension 'ignore'
[0.339s] Level 1:colcon.colcon_core.package_identification:_identify(.) by extension 'ignore_ament_install'
[0.339s] Level 1:colcon.colcon_core.package_identification:_identify(.) by extensions ['colcon_pkg']
[0.339s] Level 1:colcon.colcon_core.package_identification:_identify(.) by extension 'colcon_pkg'
[0.339s] Level 1:colcon.colcon_core.package_identification:_identify(.) by extensions ['colcon_meta']
[0.339s] Level 1:colcon.colcon_core.package_identification:_identify(.) by extension 'colcon_meta'
[0.339s] Level 1:colcon.colcon_core.package_identification:_identify(.) by extensions ['ros']
[0.339s] Level 1:colcon.colcon_core.package_identification:_identify(.) by extension 'ros'
[0.349s] Level 1:colcon.colcon_core.package_identification:_identify(.) by extensions ['cmake', 'python']
[0.349s] Level 1:colcon.colcon_core.package_identification:_identify(.) by extension 'cmake'
[0.349s] Level 1:colcon.colcon_core.package_identification:_identify(.) by extension 'python'
[0.349s] Level 1:colcon.colcon_core.package_identification:_identify(.) by extensions ['python_setup_py']
[0.349s] Level 1:colcon.colcon_core.package_identification:_identify(.) by extension 'python_setup_py'
[0.349s] Level 1:colcon.colcon_core.package_identification:_identify(build) by extensions ['ignore', 'ignore_ament_install']
[0.349s] Level 1:colcon.colcon_core.package_identification:_identify(build) by extension 'ignore'
[0.349s] Level 1:colcon.colcon_core.package_identification:_identify(build) ignored
[0.349s] Level 1:colcon.colcon_core.package_identification:_identify(install) by extensions ['ignore', 'ignore_ament_install']
[0.349s] Level 1:colcon.colcon_core.package_identification:_identify(install) by extension 'ignore'
[0.349s] Level 1:colcon.colcon_core.package_identification:_identify(install) ignored
[0.349s] Level 1:colcon.colcon_core.package_identification:_identify(log) by extensions ['ignore', 'ignore_ament_install']
[0.349s] Level 1:colcon.colcon_core.package_identification:_identify(log) by extension 'ignore'
[0.349s] Level 1:colcon.colcon_core.package_identification:_identify(log) ignored
[0.350s] Level 1:colcon.colcon_core.package_identification:_identify(src) by extensions ['ignore', 'ignore_ament_install']
[0.350s] Level 1:colcon.colcon_core.package_identification:_identify(src) by extension 'ignore'
[0.350s] Level 1:colcon.colcon_core.package_identification:_identify(src) by extension 'ignore_ament_install'
[0.350s] Level 1:colcon.colcon_core.package_identification:_identify(src) by extensions ['colcon_pkg']
[0.350s] Level 1:colcon.colcon_core.package_identification:_identify(src) by extension 'colcon_pkg'
[0.350s] Level 1:colcon.colcon_core.package_identification:_identify(src) by extensions ['colcon_meta']
[0.350s] Level 1:colcon.colcon_core.package_identification:_identify(src) by extension 'colcon_meta'
[0.350s] Level 1:colcon.colcon_core.package_identification:_identify(src) by extensions ['ros']
[0.350s] Level 1:colcon.colcon_core.package_identification:_identify(src) by extension 'ros'
[0.350s] Level 1:colcon.colcon_core.package_identification:_identify(src) by extensions ['cmake', 'python']
[0.350s] Level 1:colcon.colcon_core.package_identification:_identify(src) by extension 'cmake'
[0.350s] Level 1:colcon.colcon_core.package_identification:_identify(src) by extension 'python'
[0.350s] Level 1:colcon.colcon_core.package_identification:_identify(src) by extensions ['python_setup_py']
[0.350s] Level 1:colcon.colcon_core.package_identification:_identify(src) by extension 'python_setup_py'
[0.350s] Level 1:colcon.colcon_core.package_identification:_identify(src/Universal_Robots_ROS2_Description) by extensions ['ignore', 'ignore_ament_install']
[0.350s] Level 1:colcon.colcon_core.package_identification:_identify(src/Universal_Robots_ROS2_Description) by extension 'ignore'
[0.350s] Level 1:colcon.colcon_core.package_identification:_identify(src/Universal_Robots_ROS2_Description) by extension 'ignore_ament_install'
[0.350s] Level 1:colcon.colcon_core.package_identification:_identify(src/Universal_Robots_ROS2_Description) by extensions ['colcon_pkg']
[0.350s] Level 1:colcon.colcon_core.package_identification:_identify(src/Universal_Robots_ROS2_Description) by extension 'colcon_pkg'
[0.350s] Level 1:colcon.colcon_core.package_identification:_identify(src/Universal_Robots_ROS2_Description) by extensions ['colcon_meta']
[0.351s] Level 1:colcon.colcon_core.package_identification:_identify(src/Universal_Robots_ROS2_Description) by extension 'colcon_meta'
[0.351s] Level 1:colcon.colcon_core.package_identification:_identify(src/Universal_Robots_ROS2_Description) by extensions ['ros']
[0.351s] Level 1:colcon.colcon_core.package_identification:_identify(src/Universal_Robots_ROS2_Description) by extension 'ros'
[0.353s] DEBUG:colcon.colcon_core.package_identification:Package 'src/Universal_Robots_ROS2_Description' with type 'ros.ament_cmake' and name 'ur_description'
[0.353s] Level 1:colcon.colcon_core.package_identification:_identify(src/ros2_sim_description) by extensions ['ignore', 'ignore_ament_install']
[0.353s] Level 1:colcon.colcon_core.package_identification:_identify(src/ros2_sim_description) by extension 'ignore'
[0.353s] Level 1:colcon.colcon_core.package_identification:_identify(src/ros2_sim_description) by extension 'ignore_ament_install'
[0.353s] Level 1:colcon.colcon_core.package_identification:_identify(src/ros2_sim_description) by extensions ['colcon_pkg']
[0.353s] Level 1:colcon.colcon_core.package_identification:_identify(src/ros2_sim_description) by extension 'colcon_pkg'
[0.353s] Level 1:colcon.colcon_core.package_identification:_identify(src/ros2_sim_description) by extensions ['colcon_meta']
[0.353s] Level 1:colcon.colcon_core.package_identification:_identify(src/ros2_sim_description) by extension 'colcon_meta'
[0.353s] Level 1:colcon.colcon_core.package_identification:_identify(src/ros2_sim_description) by extensions ['ros']
[0.353s] Level 1:colcon.colcon_core.package_identification:_identify(src/ros2_sim_description) by extension 'ros'
[0.354s] DEBUG:colcon.colcon_core.package_identification:Package 'src/ros2_sim_description' with type 'ros.ament_cmake' and name 'ros2_sim_description'
[0.354s] Level 1:colcon.colcon_core.package_identification:_identify(src/ros2_sim_tf) by extensions ['ignore', 'ignore_ament_install']
[0.354s] Level 1:colcon.colcon_core.package_identification:_identify(src/ros2_sim_tf) by extension 'ignore'
[0.355s] Level 1:colcon.colcon_core.package_identification:_identify(src/ros2_sim_tf) by extension 'ignore_ament_install'
[0.355s] Level 1:colcon.colcon_core.package_identification:_identify(src/ros2_sim_tf) by extensions ['colcon_pkg']
[0.355s] Level 1:colcon.colcon_core.package_identification:_identify(src/ros2_sim_tf) by extension 'colcon_pkg'
[0.355s] Level 1:colcon.colcon_core.package_identification:_identify(src/ros2_sim_tf) by extensions ['colcon_meta']
[0.355s] Level 1:colcon.colcon_core.package_identification:_identify(src/ros2_sim_tf) by extension 'colcon_meta'
[0.355s] Level 1:colcon.colcon_core.package_identification:_identify(src/ros2_sim_tf) by extensions ['ros']
[0.355s] Level 1:colcon.colcon_core.package_identification:_identify(src/ros2_sim_tf) by extension 'ros'
[0.356s] DEBUG:colcon.colcon_core.package_identification:Package 'src/ros2_sim_tf' with type 'ros.ament_cmake' and name 'ros2_sim_tf'
[0.356s] Level 1:colcon.colcon_core.package_discovery:discover_packages(recursive) using defaults
[0.356s] Level 1:colcon.colcon_core.package_discovery:discover_packages(ignore) discover
[0.356s] Level 1:colcon.colcon_core.package_discovery:discover_packages(ignore) using defaults
[0.356s] Level 1:colcon.colcon_core.package_discovery:discover_packages(path) discover
[0.356s] Level 1:colcon.colcon_core.package_discovery:discover_packages(path) using defaults
[0.373s] Level 1:colcon.colcon_core.package_discovery:discover_packages(prefix_path) check parameters
[0.373s] Level 1:colcon.colcon_core.package_discovery:discover_packages(prefix_path) discover
[0.375s] DEBUG:colcon.colcon_installed_package_information.package_discovery:Found 3 installed packages in /home/foiegreis/ros2_sim_ws/install
[0.376s] DEBUG:colcon.colcon_installed_package_information.package_discovery:Found 7 installed packages in /home/foiegreis/ros2_fndm_ws/install
[0.376s] DEBUG:colcon.colcon_installed_package_information.package_discovery:Found 4 installed packages in /home/foiegreis/ros2_ws_yolo3d/install
[0.376s] DEBUG:colcon.colcon_installed_package_information.package_discovery:Found 1 installed packages in /home/foiegreis/ros2_ws/install
[0.378s] DEBUG:colcon.colcon_installed_package_information.package_discovery:Found 401 installed packages in /opt/ros/iron
[0.379s] Level 1:colcon.colcon_core.package_discovery:discover_packages(prefix_path) using defaults
[0.431s] Level 5:colcon.colcon_core.verb:set package 'ros2_sim_description' build argument 'cmake_args' from command line to 'None'
[0.431s] Level 5:colcon.colcon_core.verb:set package 'ros2_sim_description' build argument 'cmake_target' from command line to 'None'
[0.431s] Level 5:colcon.colcon_core.verb:set package 'ros2_sim_description' build argument 'cmake_target_skip_unavailable' from command line to 'False'
[0.431s] Level 5:colcon.colcon_core.verb:set package 'ros2_sim_description' build argument 'cmake_clean_cache' from command line to 'False'
[0.431s] Level 5:colcon.colcon_core.verb:set package 'ros2_sim_description' build argument 'cmake_clean_first' from command line to 'False'
[0.431s] Level 5:colcon.colcon_core.verb:set package 'ros2_sim_description' build argument 'cmake_force_configure' from command line to 'False'
[0.431s] Level 5:colcon.colcon_core.verb:set package 'ros2_sim_description' build argument 'ament_cmake_args' from command line to 'None'
[0.431s] Level 5:colcon.colcon_core.verb:set package 'ros2_sim_description' build argument 'catkin_cmake_args' from command line to 'None'
[0.431s] Level 5:colcon.colcon_core.verb:set package 'ros2_sim_description' build argument 'catkin_skip_building_tests' from command line to 'False'
[0.431s] DEBUG:colcon.colcon_core.verb:Building package 'ros2_sim_description' with the following arguments: {'ament_cmake_args': None, 'build_base': '/home/foiegreis/ros2_sim_ws/build/ros2_sim_description', 'catkin_cmake_args': None, 'catkin_skip_building_tests': False, 'cmake_args': None, 'cmake_clean_cache': False, 'cmake_clean_first': False, 'cmake_force_configure': False, 'cmake_target': None, 'cmake_target_skip_unavailable': False, 'install_base': '/home/foiegreis/ros2_sim_ws/install/ros2_sim_description', 'merge_install': False, 'path': '/home/foiegreis/ros2_sim_ws/src/ros2_sim_description', 'symlink_install': False, 'test_result_base': None}
[0.432s] Level 5:colcon.colcon_core.verb:set package 'ros2_sim_tf' build argument 'cmake_args' from command line to 'None'
[0.432s] Level 5:colcon.colcon_core.verb:set package 'ros2_sim_tf' build argument 'cmake_target' from command line to 'None'
[0.432s] Level 5:colcon.colcon_core.verb:set package 'ros2_sim_tf' build argument 'cmake_target_skip_unavailable' from command line to 'False'
[0.432s] Level 5:colcon.colcon_core.verb:set package 'ros2_sim_tf' build argument 'cmake_clean_cache' from command line to 'False'
[0.432s] Level 5:colcon.colcon_core.verb:set package 'ros2_sim_tf' build argument 'cmake_clean_first' from command line to 'False'
[0.432s] Level 5:colcon.colcon_core.verb:set package 'ros2_sim_tf' build argument 'cmake_force_configure' from command line to 'False'
[0.432s] Level 5:colcon.colcon_core.verb:set package 'ros2_sim_tf' build argument 'ament_cmake_args' from command line to 'None'
[0.432s] Level 5:colcon.colcon_core.verb:set package 'ros2_sim_tf' build argument 'catkin_cmake_args' from command line to 'None'
[0.432s] Level 5:colcon.colcon_core.verb:set package 'ros2_sim_tf' build argument 'catkin_skip_building_tests' from command line to 'False'
[0.432s] DEBUG:colcon.colcon_core.verb:Building package 'ros2_sim_tf' with the following arguments: {'ament_cmake_args': None, 'build_base': '/home/foiegreis/ros2_sim_ws/build/ros2_sim_tf', 'catkin_cmake_args': None, 'catkin_skip_building_tests': False, 'cmake_args': None, 'cmake_clean_cache': False, 'cmake_clean_first': False, 'cmake_force_configure': False, 'cmake_target': None, 'cmake_target_skip_unavailable': False, 'install_base': '/home/foiegreis/ros2_sim_ws/install/ros2_sim_tf', 'merge_install': False, 'path': '/home/foiegreis/ros2_sim_ws/src/ros2_sim_tf', 'symlink_install': False, 'test_result_base': None}
[0.432s] Level 5:colcon.colcon_core.verb:set package 'ur_description' build argument 'cmake_args' from command line to 'None'
[0.432s] Level 5:colcon.colcon_core.verb:set package 'ur_description' build argument 'cmake_target' from command line to 'None'
[0.432s] Level 5:colcon.colcon_core.verb:set package 'ur_description' build argument 'cmake_target_skip_unavailable' from command line to 'False'
[0.432s] Level 5:colcon.colcon_core.verb:set package 'ur_description' build argument 'cmake_clean_cache' from command line to 'False'
[0.432s] Level 5:colcon.colcon_core.verb:set package 'ur_description' build argument 'cmake_clean_first' from command line to 'False'
[0.432s] Level 5:colcon.colcon_core.verb:set package 'ur_description' build argument 'cmake_force_configure' from command line to 'False'
[0.432s] Level 5:colcon.colcon_core.verb:set package 'ur_description' build argument 'ament_cmake_args' from command line to 'None'
[0.432s] Level 5:colcon.colcon_core.verb:set package 'ur_description' build argument 'catkin_cmake_args' from command line to 'None'
[0.432s] Level 5:colcon.colcon_core.verb:set package 'ur_description' build argument 'catkin_skip_building_tests' from command line to 'False'
[0.432s] DEBUG:colcon.colcon_core.verb:Building package 'ur_description' with the following arguments: {'ament_cmake_args': None, 'build_base': '/home/foiegreis/ros2_sim_ws/build/ur_description', 'catkin_cmake_args': None, 'catkin_skip_building_tests': False, 'cmake_args': None, 'cmake_clean_cache': False, 'cmake_clean_first': False, 'cmake_force_configure': False, 'cmake_target': None, 'cmake_target_skip_unavailable': False, 'install_base': '/home/foiegreis/ros2_sim_ws/install/ur_description', 'merge_install': False, 'path': '/home/foiegreis/ros2_sim_ws/src/Universal_Robots_ROS2_Description', 'symlink_install': False, 'test_result_base': None}
[0.432s] INFO:colcon.colcon_core.executor:Executing jobs using 'parallel' executor
[0.433s] DEBUG:colcon.colcon_parallel_executor.executor.parallel:run_until_complete
[0.433s] INFO:colcon.colcon_ros.task.ament_cmake.build:Building ROS package in '/home/foiegreis/ros2_sim_ws/src/ros2_sim_description' with build type 'ament_cmake'
[0.433s] INFO:colcon.colcon_cmake.task.cmake.build:Building CMake package in '/home/foiegreis/ros2_sim_ws/src/ros2_sim_description'
[0.435s] INFO:colcon.colcon_core.plugin_system:Skipping extension 'colcon_core.shell.bat': Not used on non-Windows systems
[0.435s] INFO:colcon.colcon_core.shell:Skip shell extension 'powershell' for command environment: Not usable outside of PowerShell
[0.435s] DEBUG:colcon.colcon_core.shell:Skip shell extension 'dsv' for command environment
[0.440s] INFO:colcon.colcon_ros.task.ament_cmake.build:Building ROS package in '/home/foiegreis/ros2_sim_ws/src/ros2_sim_tf' with build type 'ament_cmake'
[0.441s] INFO:colcon.colcon_cmake.task.cmake.build:Building CMake package in '/home/foiegreis/ros2_sim_ws/src/ros2_sim_tf'
[0.441s] INFO:colcon.colcon_core.shell:Skip shell extension 'powershell' for command environment: Not usable outside of PowerShell
[0.441s] DEBUG:colcon.colcon_core.shell:Skip shell extension 'dsv' for command environment
[0.446s] INFO:colcon.colcon_ros.task.ament_cmake.build:Building ROS package in '/home/foiegreis/ros2_sim_ws/src/Universal_Robots_ROS2_Description' with build type 'ament_cmake'
[0.446s] INFO:colcon.colcon_cmake.task.cmake.build:Building CMake package in '/home/foiegreis/ros2_sim_ws/src/Universal_Robots_ROS2_Description'
[0.446s] INFO:colcon.colcon_core.shell:Skip shell extension 'powershell' for command environment: Not usable outside of PowerShell
[0.447s] DEBUG:colcon.colcon_core.shell:Skip shell extension 'dsv' for command environment
[0.456s] DEBUG:colcon.colcon_core.event_handler.log_command:Invoking command in '/home/foiegreis/ros2_sim_ws/build/ros2_sim_description': CMAKE_PREFIX_PATH=${CMAKE_PREFIX_PATH}:/home/foiegreis/ros2_fndm_ws/install/py_actions:/home/foiegreis/ros2_fndm_ws/install/py_pkg:/opt/ros/iron /usr/bin/cmake --build /home/foiegreis/ros2_sim_ws/build/ros2_sim_description -- -j12 -l12
[0.461s] DEBUG:colcon.colcon_core.event_handler.log_command:Invoking command in '/home/foiegreis/ros2_sim_ws/build/ros2_sim_tf': CMAKE_PREFIX_PATH=${CMAKE_PREFIX_PATH}:/home/foiegreis/ros2_fndm_ws/install/py_actions:/home/foiegreis/ros2_fndm_ws/install/py_pkg:/opt/ros/iron /usr/bin/cmake --build /home/foiegreis/ros2_sim_ws/build/ros2_sim_tf -- -j12 -l12
[0.464s] DEBUG:colcon.colcon_core.event_handler.log_command:Invoking command in '/home/foiegreis/ros2_sim_ws/build/ur_description': CMAKE_PREFIX_PATH=${CMAKE_PREFIX_PATH}:/home/foiegreis/ros2_fndm_ws/install/py_actions:/home/foiegreis/ros2_fndm_ws/install/py_pkg:/opt/ros/iron /usr/bin/cmake --build /home/foiegreis/ros2_sim_ws/build/ur_description -- -j12 -l12
[0.493s] DEBUG:colcon.colcon_core.event_handler.log_command:Invoked command in '/home/foiegreis/ros2_sim_ws/build/ros2_sim_description' returned '0': CMAKE_PREFIX_PATH=${CMAKE_PREFIX_PATH}:/home/foiegreis/ros2_fndm_ws/install/py_actions:/home/foiegreis/ros2_fndm_ws/install/py_pkg:/opt/ros/iron /usr/bin/cmake --build /home/foiegreis/ros2_sim_ws/build/ros2_sim_description -- -j12 -l12
[0.503s] DEBUG:colcon.colcon_core.event_handler.log_command:Invoked command in '/home/foiegreis/ros2_sim_ws/build/ur_description' returned '0': CMAKE_PREFIX_PATH=${CMAKE_PREFIX_PATH}:/home/foiegreis/ros2_fndm_ws/install/py_actions:/home/foiegreis/ros2_fndm_ws/install/py_pkg:/opt/ros/iron /usr/bin/cmake --build /home/foiegreis/ros2_sim_ws/build/ur_description -- -j12 -l12
[0.526s] DEBUG:colcon.colcon_core.event_handler.log_command:Invoking command in '/home/foiegreis/ros2_sim_ws/build/ros2_sim_description': CMAKE_PREFIX_PATH=${CMAKE_PREFIX_PATH}:/home/foiegreis/ros2_fndm_ws/install/py_actions:/home/foiegreis/ros2_fndm_ws/install/py_pkg:/opt/ros/iron /usr/bin/cmake --install /home/foiegreis/ros2_sim_ws/build/ros2_sim_description
[0.530s] DEBUG:colcon.colcon_core.event_handler.log_command:Invoking command in '/home/foiegreis/ros2_sim_ws/build/ur_description': CMAKE_PREFIX_PATH=${CMAKE_PREFIX_PATH}:/home/foiegreis/ros2_fndm_ws/install/py_actions:/home/foiegreis/ros2_fndm_ws/install/py_pkg:/opt/ros/iron /usr/bin/cmake --install /home/foiegreis/ros2_sim_ws/build/ur_description
[0.531s] DEBUG:colcon.colcon_core.event_handler.log_command:Invoked command in '/home/foiegreis/ros2_sim_ws/build/ros2_sim_tf' returned '0': CMAKE_PREFIX_PATH=${CMAKE_PREFIX_PATH}:/home/foiegreis/ros2_fndm_ws/install/py_actions:/home/foiegreis/ros2_fndm_ws/install/py_pkg:/opt/ros/iron /usr/bin/cmake --build /home/foiegreis/ros2_sim_ws/build/ros2_sim_tf -- -j12 -l12
[0.539s] Level 1:colcon.colcon_core.environment:create_environment_scripts_only(ros2_sim_description)
[0.547s] Level 1:colcon.colcon_core.environment:checking '/home/foiegreis/ros2_sim_ws/install/ros2_sim_description' for CMake module files
[0.548s] Level 1:colcon.colcon_core.environment:checking '/home/foiegreis/ros2_sim_ws/install/ros2_sim_description' for CMake config files
[0.549s] Level 1:colcon.colcon_core.shell:create_environment_hook('ros2_sim_description', 'cmake_prefix_path')
[0.549s] INFO:colcon.colcon_core.shell:Creating environment hook '/home/foiegreis/ros2_sim_ws/install/ros2_sim_description/share/ros2_sim_description/hook/cmake_prefix_path.ps1'
[0.550s] INFO:colcon.colcon_core.shell:Creating environment descriptor '/home/foiegreis/ros2_sim_ws/install/ros2_sim_description/share/ros2_sim_description/hook/cmake_prefix_path.dsv'
[0.551s] INFO:colcon.colcon_core.shell:Creating environment hook '/home/foiegreis/ros2_sim_ws/install/ros2_sim_description/share/ros2_sim_description/hook/cmake_prefix_path.sh'
[0.553s] Level 1:colcon.colcon_core.environment:checking '/home/foiegreis/ros2_sim_ws/install/ros2_sim_description/bin'
[0.553s] Level 1:colcon.colcon_core.environment:checking '/home/foiegreis/ros2_sim_ws/install/ros2_sim_description/lib/pkgconfig/ros2_sim_description.pc'
[0.553s] Level 1:colcon.colcon_core.environment:checking '/home/foiegreis/ros2_sim_ws/install/ros2_sim_description/lib/python3.10/site-packages'
[0.553s] Level 1:colcon.colcon_core.environment:checking '/home/foiegreis/ros2_sim_ws/install/ros2_sim_description/bin'
[0.554s] INFO:colcon.colcon_core.shell:Creating package script '/home/foiegreis/ros2_sim_ws/install/ros2_sim_description/share/ros2_sim_description/package.ps1'
[0.555s] INFO:colcon.colcon_core.shell:Creating package descriptor '/home/foiegreis/ros2_sim_ws/install/ros2_sim_description/share/ros2_sim_description/package.dsv'
[0.556s] INFO:colcon.colcon_core.shell:Creating package script '/home/foiegreis/ros2_sim_ws/install/ros2_sim_description/share/ros2_sim_description/package.sh'
[0.557s] INFO:colcon.colcon_core.shell:Creating package script '/home/foiegreis/ros2_sim_ws/install/ros2_sim_description/share/ros2_sim_description/package.bash'
[0.557s] INFO:colcon.colcon_core.shell:Creating package script '/home/foiegreis/ros2_sim_ws/install/ros2_sim_description/share/ros2_sim_description/package.zsh'
[0.558s] Level 1:colcon.colcon_core.environment:create_file_with_runtime_dependencies(/home/foiegreis/ros2_sim_ws/install/ros2_sim_description/share/colcon-core/packages/ros2_sim_description)
[0.561s] Level 1:colcon.colcon_core.environment:create_environment_scripts_only(ur_description)
[0.561s] Level 1:colcon.colcon_core.environment:checking '/home/foiegreis/ros2_sim_ws/install/ur_description' for CMake module files
[0.563s] DEBUG:colcon.colcon_core.event_handler.log_command:Invoked command in '/home/foiegreis/ros2_sim_ws/build/ros2_sim_description' returned '0': CMAKE_PREFIX_PATH=${CMAKE_PREFIX_PATH}:/home/foiegreis/ros2_fndm_ws/install/py_actions:/home/foiegreis/ros2_fndm_ws/install/py_pkg:/opt/ros/iron /usr/bin/cmake --install /home/foiegreis/ros2_sim_ws/build/ros2_sim_description
[0.564s] Level 1:colcon.colcon_core.environment:checking '/home/foiegreis/ros2_sim_ws/install/ur_description' for CMake config files
[0.567s] Level 1:colcon.colcon_core.shell:create_environment_hook('ur_description', 'cmake_prefix_path')
[0.568s] INFO:colcon.colcon_core.shell:Creating environment hook '/home/foiegreis/ros2_sim_ws/install/ur_description/share/ur_description/hook/cmake_prefix_path.ps1'
[0.568s] INFO:colcon.colcon_core.shell:Creating environment descriptor '/home/foiegreis/ros2_sim_ws/install/ur_description/share/ur_description/hook/cmake_prefix_path.dsv'
[0.569s] INFO:colcon.colcon_core.shell:Creating environment hook '/home/foiegreis/ros2_sim_ws/install/ur_description/share/ur_description/hook/cmake_prefix_path.sh'
[0.570s] Level 1:colcon.colcon_core.environment:checking '/home/foiegreis/ros2_sim_ws/install/ur_description/bin'
[0.570s] Level 1:colcon.colcon_core.environment:checking '/home/foiegreis/ros2_sim_ws/install/ur_description/lib/pkgconfig/ur_description.pc'
[0.571s] Level 1:colcon.colcon_core.environment:checking '/home/foiegreis/ros2_sim_ws/install/ur_description/lib/python3.10/site-packages'
[0.571s] Level 1:colcon.colcon_core.environment:checking '/home/foiegreis/ros2_sim_ws/install/ur_description/bin'
[0.571s] INFO:colcon.colcon_core.shell:Creating package script '/home/foiegreis/ros2_sim_ws/install/ur_description/share/ur_description/package.ps1'
[0.572s] INFO:colcon.colcon_core.shell:Creating package descriptor '/home/foiegreis/ros2_sim_ws/install/ur_description/share/ur_description/package.dsv'
[0.572s] INFO:colcon.colcon_core.shell:Creating package script '/home/foiegreis/ros2_sim_ws/install/ur_description/share/ur_description/package.sh'
[0.573s] INFO:colcon.colcon_core.shell:Creating package script '/home/foiegreis/ros2_sim_ws/install/ur_description/share/ur_description/package.bash'
[0.573s] INFO:colcon.colcon_core.shell:Creating package script '/home/foiegreis/ros2_sim_ws/install/ur_description/share/ur_description/package.zsh'
[0.575s] Level 1:colcon.colcon_core.environment:create_file_with_runtime_dependencies(/home/foiegreis/ros2_sim_ws/install/ur_description/share/colcon-core/packages/ur_description)
[0.580s] Level 1:colcon.colcon_core.environment:create_environment_scripts_only(ros2_sim_description)
[0.581s] Level 1:colcon.colcon_core.environment:checking '/home/foiegreis/ros2_sim_ws/install/ros2_sim_description' for CMake module files
[0.582s] Level 1:colcon.colcon_core.environment:checking '/home/foiegreis/ros2_sim_ws/install/ros2_sim_description' for CMake config files
[0.583s] Level 1:colcon.colcon_core.shell:create_environment_hook('ros2_sim_description', 'cmake_prefix_path')
[0.583s] INFO:colcon.colcon_core.shell:Creating environment hook '/home/foiegreis/ros2_sim_ws/install/ros2_sim_description/share/ros2_sim_description/hook/cmake_prefix_path.ps1'
[0.584s] INFO:colcon.colcon_core.shell:Creating environment descriptor '/home/foiegreis/ros2_sim_ws/install/ros2_sim_description/share/ros2_sim_description/hook/cmake_prefix_path.dsv'
[0.585s] INFO:colcon.colcon_core.shell:Creating environment hook '/home/foiegreis/ros2_sim_ws/install/ros2_sim_description/share/ros2_sim_description/hook/cmake_prefix_path.sh'
[0.586s] Level 1:colcon.colcon_core.environment:checking '/home/foiegreis/ros2_sim_ws/install/ros2_sim_description/bin'
[0.586s] Level 1:colcon.colcon_core.environment:checking '/home/foiegreis/ros2_sim_ws/install/ros2_sim_description/lib/pkgconfig/ros2_sim_description.pc'
[0.586s] Level 1:colcon.colcon_core.environment:checking '/home/foiegreis/ros2_sim_ws/install/ros2_sim_description/lib/python3.10/site-packages'
[0.587s] Level 1:colcon.colcon_core.environment:checking '/home/foiegreis/ros2_sim_ws/install/ros2_sim_description/bin'
[0.587s] INFO:colcon.colcon_core.shell:Creating package script '/home/foiegreis/ros2_sim_ws/install/ros2_sim_description/share/ros2_sim_description/package.ps1'
[0.588s] INFO:colcon.colcon_core.shell:Creating package descriptor '/home/foiegreis/ros2_sim_ws/install/ros2_sim_description/share/ros2_sim_description/package.dsv'
[0.589s] DEBUG:colcon.colcon_core.event_handler.log_command:Invoked command in '/home/foiegreis/ros2_sim_ws/build/ur_description' returned '0': CMAKE_PREFIX_PATH=${CMAKE_PREFIX_PATH}:/home/foiegreis/ros2_fndm_ws/install/py_actions:/home/foiegreis/ros2_fndm_ws/install/py_pkg:/opt/ros/iron /usr/bin/cmake --install /home/foiegreis/ros2_sim_ws/build/ur_description
[0.589s] INFO:colcon.colcon_core.shell:Creating package script '/home/foiegreis/ros2_sim_ws/install/ros2_sim_description/share/ros2_sim_description/package.sh'
[0.589s] DEBUG:colcon.colcon_core.event_handler.log_command:Invoking command in '/home/foiegreis/ros2_sim_ws/build/ros2_sim_tf': CMAKE_PREFIX_PATH=${CMAKE_PREFIX_PATH}:/home/foiegreis/ros2_fndm_ws/install/py_actions:/home/foiegreis/ros2_fndm_ws/install/py_pkg:/opt/ros/iron /usr/bin/cmake --install /home/foiegreis/ros2_sim_ws/build/ros2_sim_tf
[0.590s] INFO:colcon.colcon_core.shell:Creating package script '/home/foiegreis/ros2_sim_ws/install/ros2_sim_description/share/ros2_sim_description/package.bash'
[0.591s] INFO:colcon.colcon_core.shell:Creating package script '/home/foiegreis/ros2_sim_ws/install/ros2_sim_description/share/ros2_sim_description/package.zsh'
[0.591s] Level 1:colcon.colcon_core.environment:create_file_with_runtime_dependencies(/home/foiegreis/ros2_sim_ws/install/ros2_sim_description/share/colcon-core/packages/ros2_sim_description)
[0.592s] Level 1:colcon.colcon_core.environment:create_environment_scripts_only(ros2_sim_tf)
[0.593s] Level 1:colcon.colcon_core.environment:checking '/home/foiegreis/ros2_sim_ws/install/ros2_sim_tf' for CMake module files
[0.595s] DEBUG:colcon.colcon_core.event_handler.log_command:Invoked command in '/home/foiegreis/ros2_sim_ws/build/ros2_sim_tf' returned '0': CMAKE_PREFIX_PATH=${CMAKE_PREFIX_PATH}:/home/foiegreis/ros2_fndm_ws/install/py_actions:/home/foiegreis/ros2_fndm_ws/install/py_pkg:/opt/ros/iron /usr/bin/cmake --install /home/foiegreis/ros2_sim_ws/build/ros2_sim_tf
[0.595s] Level 1:colcon.colcon_core.environment:checking '/home/foiegreis/ros2_sim_ws/install/ros2_sim_tf' for CMake config files
[0.596s] Level 1:colcon.colcon_core.shell:create_environment_hook('ros2_sim_tf', 'cmake_prefix_path')
[0.596s] INFO:colcon.colcon_core.shell:Creating environment hook '/home/foiegreis/ros2_sim_ws/install/ros2_sim_tf/share/ros2_sim_tf/hook/cmake_prefix_path.ps1'
[0.596s] INFO:colcon.colcon_core.shell:Creating environment descriptor '/home/foiegreis/ros2_sim_ws/install/ros2_sim_tf/share/ros2_sim_tf/hook/cmake_prefix_path.dsv'
[0.597s] INFO:colcon.colcon_core.shell:Creating environment hook '/home/foiegreis/ros2_sim_ws/install/ros2_sim_tf/share/ros2_sim_tf/hook/cmake_prefix_path.sh'
[0.597s] Level 1:colcon.colcon_core.environment:checking '/home/foiegreis/ros2_sim_ws/install/ros2_sim_tf/lib'
[0.597s] Level 1:colcon.colcon_core.environment:checking '/home/foiegreis/ros2_sim_ws/install/ros2_sim_tf/bin'
[0.597s] Level 1:colcon.colcon_core.environment:checking '/home/foiegreis/ros2_sim_ws/install/ros2_sim_tf/lib/pkgconfig/ros2_sim_tf.pc'
[0.598s] Level 1:colcon.colcon_core.environment:checking '/home/foiegreis/ros2_sim_ws/install/ros2_sim_tf/lib/python3.10/site-packages'
[0.598s] Level 1:colcon.colcon_core.environment:checking '/home/foiegreis/ros2_sim_ws/install/ros2_sim_tf/bin'
[0.598s] INFO:colcon.colcon_core.shell:Creating package script '/home/foiegreis/ros2_sim_ws/install/ros2_sim_tf/share/ros2_sim_tf/package.ps1'
[0.598s] INFO:colcon.colcon_core.shell:Creating package descriptor '/home/foiegreis/ros2_sim_ws/install/ros2_sim_tf/share/ros2_sim_tf/package.dsv'
[0.599s] INFO:colcon.colcon_core.shell:Creating package script '/home/foiegreis/ros2_sim_ws/install/ros2_sim_tf/share/ros2_sim_tf/package.sh'
[0.599s] INFO:colcon.colcon_core.shell:Creating package script '/home/foiegreis/ros2_sim_ws/install/ros2_sim_tf/share/ros2_sim_tf/package.bash'
[0.599s] INFO:colcon.colcon_core.shell:Creating package script '/home/foiegreis/ros2_sim_ws/install/ros2_sim_tf/share/ros2_sim_tf/package.zsh'
[0.599s] Level 1:colcon.colcon_core.environment:create_file_with_runtime_dependencies(/home/foiegreis/ros2_sim_ws/install/ros2_sim_tf/share/colcon-core/packages/ros2_sim_tf)
[0.601s] Level 1:colcon.colcon_core.environment:create_environment_scripts_only(ur_description)
[0.601s] Level 1:colcon.colcon_core.environment:checking '/home/foiegreis/ros2_sim_ws/install/ur_description' for CMake module files
[0.601s] Level 1:colcon.colcon_core.environment:checking '/home/foiegreis/ros2_sim_ws/install/ur_description' for CMake config files
[0.602s] Level 1:colcon.colcon_core.shell:create_environment_hook('ur_description', 'cmake_prefix_path')
[0.602s] INFO:colcon.colcon_core.shell:Creating environment hook '/home/foiegreis/ros2_sim_ws/install/ur_description/share/ur_description/hook/cmake_prefix_path.ps1'
[0.602s] INFO:colcon.colcon_core.shell:Creating environment descriptor '/home/foiegreis/ros2_sim_ws/install/ur_description/share/ur_description/hook/cmake_prefix_path.dsv'
[0.603s] INFO:colcon.colcon_core.shell:Creating environment hook '/home/foiegreis/ros2_sim_ws/install/ur_description/share/ur_description/hook/cmake_prefix_path.sh'
[0.603s] Level 1:colcon.colcon_core.environment:checking '/home/foiegreis/ros2_sim_ws/install/ur_description/bin'
[0.603s] Level 1:colcon.colcon_core.environment:checking '/home/foiegreis/ros2_sim_ws/install/ur_description/lib/pkgconfig/ur_description.pc'
[0.603s] Level 1:colcon.colcon_core.environment:checking '/home/foiegreis/ros2_sim_ws/install/ur_description/lib/python3.10/site-packages'
[0.604s] Level 1:colcon.colcon_core.environment:checking '/home/foiegreis/ros2_sim_ws/install/ur_description/bin'
[0.604s] INFO:colcon.colcon_core.shell:Creating package script '/home/foiegreis/ros2_sim_ws/install/ur_description/share/ur_description/package.ps1'
[0.604s] INFO:colcon.colcon_core.shell:Creating package descriptor '/home/foiegreis/ros2_sim_ws/install/ur_description/share/ur_description/package.dsv'
[0.605s] INFO:colcon.colcon_core.shell:Creating package script '/home/foiegreis/ros2_sim_ws/install/ur_description/share/ur_description/package.sh'
[0.605s] INFO:colcon.colcon_core.shell:Creating package script '/home/foiegreis/ros2_sim_ws/install/ur_description/share/ur_description/package.bash'
[0.605s] INFO:colcon.colcon_core.shell:Creating package script '/home/foiegreis/ros2_sim_ws/install/ur_description/share/ur_description/package.zsh'
[0.606s] Level 1:colcon.colcon_core.environment:create_file_with_runtime_dependencies(/home/foiegreis/ros2_sim_ws/install/ur_description/share/colcon-core/packages/ur_description)
[0.630s] Level 1:colcon.colcon_core.environment:create_environment_scripts_only(ros2_sim_tf)
[0.630s] Level 1:colcon.colcon_core.environment:checking '/home/foiegreis/ros2_sim_ws/install/ros2_sim_tf' for CMake module files
[0.631s] Level 1:colcon.colcon_core.environment:checking '/home/foiegreis/ros2_sim_ws/install/ros2_sim_tf' for CMake config files
[0.631s] Level 1:colcon.colcon_core.shell:create_environment_hook('ros2_sim_tf', 'cmake_prefix_path')
[0.631s] INFO:colcon.colcon_core.shell:Creating environment hook '/home/foiegreis/ros2_sim_ws/install/ros2_sim_tf/share/ros2_sim_tf/hook/cmake_prefix_path.ps1'
[0.632s] INFO:colcon.colcon_core.shell:Creating environment descriptor '/home/foiegreis/ros2_sim_ws/install/ros2_sim_tf/share/ros2_sim_tf/hook/cmake_prefix_path.dsv'
[0.632s] INFO:colcon.colcon_core.shell:Creating environment hook '/home/foiegreis/ros2_sim_ws/install/ros2_sim_tf/share/ros2_sim_tf/hook/cmake_prefix_path.sh'
[0.632s] Level 1:colcon.colcon_core.environment:checking '/home/foiegreis/ros2_sim_ws/install/ros2_sim_tf/lib'
[0.632s] Level 1:colcon.colcon_core.environment:checking '/home/foiegreis/ros2_sim_ws/install/ros2_sim_tf/bin'
[0.633s] Level 1:colcon.colcon_core.environment:checking '/home/foiegreis/ros2_sim_ws/install/ros2_sim_tf/lib/pkgconfig/ros2_sim_tf.pc'
[0.633s] Level 1:colcon.colcon_core.environment:checking '/home/foiegreis/ros2_sim_ws/install/ros2_sim_tf/lib/python3.10/site-packages'
[0.633s] Level 1:colcon.colcon_core.environment:checking '/home/foiegreis/ros2_sim_ws/install/ros2_sim_tf/bin'
[0.633s] INFO:colcon.colcon_core.shell:Creating package script '/home/foiegreis/ros2_sim_ws/install/ros2_sim_tf/share/ros2_sim_tf/package.ps1'
[0.634s] INFO:colcon.colcon_core.shell:Creating package descriptor '/home/foiegreis/ros2_sim_ws/install/ros2_sim_tf/share/ros2_sim_tf/package.dsv'
[0.634s] INFO:colcon.colcon_core.shell:Creating package script '/home/foiegreis/ros2_sim_ws/install/ros2_sim_tf/share/ros2_sim_tf/package.sh'
[0.634s] INFO:colcon.colcon_core.shell:Creating package script '/home/foiegreis/ros2_sim_ws/install/ros2_sim_tf/share/ros2_sim_tf/package.bash'
[0.635s] INFO:colcon.colcon_core.shell:Creating package script '/home/foiegreis/ros2_sim_ws/install/ros2_sim_tf/share/ros2_sim_tf/package.zsh'
[0.635s] Level 1:colcon.colcon_core.environment:create_file_with_runtime_dependencies(/home/foiegreis/ros2_sim_ws/install/ros2_sim_tf/share/colcon-core/packages/ros2_sim_tf)
[0.635s] DEBUG:colcon.colcon_parallel_executor.executor.parallel:closing loop
[0.635s] DEBUG:colcon.colcon_parallel_executor.executor.parallel:loop closed
[0.635s] DEBUG:colcon.colcon_parallel_executor.executor.parallel:run_until_complete finished with '0'
[0.635s] DEBUG:colcon.colcon_core.event_reactor:joining thread
[0.640s] INFO:colcon.colcon_core.plugin_system:Skipping extension 'colcon_notification.desktop_notification.terminal_notifier': Not used on non-Darwin systems
[0.640s] INFO:colcon.colcon_core.plugin_system:Skipping extension 'colcon_notification.desktop_notification.win32': Not used on non-Windows systems
[0.640s] INFO:colcon.colcon_notification.desktop_notification:Sending desktop notification using 'notify2'
[0.651s] DEBUG:colcon.colcon_core.event_reactor:joined thread
[0.651s] INFO:colcon.colcon_core.shell:Creating prefix script '/home/foiegreis/ros2_sim_ws/install/local_setup.ps1'
[0.652s] INFO:colcon.colcon_core.shell:Creating prefix util module '/home/foiegreis/ros2_sim_ws/install/_local_setup_util_ps1.py'
[0.654s] INFO:colcon.colcon_core.shell:Creating prefix chain script '/home/foiegreis/ros2_sim_ws/install/setup.ps1'
[0.656s] INFO:colcon.colcon_core.shell:Creating prefix script '/home/foiegreis/ros2_sim_ws/install/local_setup.sh'
[0.656s] INFO:colcon.colcon_core.shell:Creating prefix util module '/home/foiegreis/ros2_sim_ws/install/_local_setup_util_sh.py'
[0.657s] INFO:colcon.colcon_core.shell:Creating prefix chain script '/home/foiegreis/ros2_sim_ws/install/setup.sh'
[0.658s] INFO:colcon.colcon_core.shell:Creating prefix script '/home/foiegreis/ros2_sim_ws/install/local_setup.bash'
[0.659s] INFO:colcon.colcon_core.shell:Creating prefix chain script '/home/foiegreis/ros2_sim_ws/install/setup.bash'
[0.660s] INFO:colcon.colcon_core.shell:Creating prefix script '/home/foiegreis/ros2_sim_ws/install/local_setup.zsh'
[0.660s] INFO:colcon.colcon_core.shell:Creating prefix chain script '/home/foiegreis/ros2_sim_ws/install/setup.zsh'
