[0.011s] Invoking command in '/home/foiegreis/ros2_sim_ws/build/ros2_sim_description': CMAKE_PREFIX_PATH=${CMAKE_PREFIX_PATH}:/home/foiegreis/ros2_fndm_ws/install/py_actions:/home/foiegreis/ros2_fndm_ws/install/py_pkg:/opt/ros/iron /usr/bin/cmake --build /home/foiegreis/ros2_sim_ws/build/ros2_sim_description -- -j12 -l12
[0.034s] -- Found ament_cmake: 2.0.5 (/opt/ros/iron/share/ament_cmake/cmake)
[0.237s] -- Configuring done
[0.240s] -- Generating done
[0.241s] -- Build files have been written to: /home/foiegreis/ros2_sim_ws/build/ros2_sim_description
[0.262s] Invoked command in '/home/foiegreis/ros2_sim_ws/build/ros2_sim_description' returned '0': CMAKE_PREFIX_PATH=${CMAKE_PREFIX_PATH}:/home/foiegreis/ros2_fndm_ws/install/py_actions:/home/foiegreis/ros2_fndm_ws/install/py_pkg:/opt/ros/iron /usr/bin/cmake --build /home/foiegreis/ros2_sim_ws/build/ros2_sim_description -- -j12 -l12
[0.291s] Invoking command in '/home/foiegreis/ros2_sim_ws/build/ros2_sim_description': CMAKE_PREFIX_PATH=${CMAKE_PREFIX_PATH}:/home/foiegreis/ros2_fndm_ws/install/py_actions:/home/foiegreis/ros2_fndm_ws/install/py_pkg:/opt/ros/iron /usr/bin/cmake --install /home/foiegreis/ros2_sim_ws/build/ros2_sim_description
[0.298s] -- Install configuration: ""
[0.298s] -- Up-to-date: /home/foiegreis/ros2_sim_ws/install/ros2_sim_description/share/ros2_sim_description//urdf
[0.299s] -- Up-to-date: /home/foiegreis/ros2_sim_ws/install/ros2_sim_description/share/ros2_sim_description//urdf/rrr.urdf
[0.299s] -- Up-to-date: /home/foiegreis/ros2_sim_ws/install/ros2_sim_description/share/ros2_sim_description//launch
[0.299s] -- Up-to-date: /home/foiegreis/ros2_sim_ws/install/ros2_sim_description/share/ros2_sim_description//launch/display.launch.xml
[0.299s] -- Installing: /home/foiegreis/ros2_sim_ws/install/ros2_sim_description/share/ament_index/resource_index/package_run_dependencies/ros2_sim_description
[0.299s] -- Up-to-date: /home/foiegreis/ros2_sim_ws/install/ros2_sim_description/share/ament_index/resource_index/parent_prefix_path/ros2_sim_description
[0.299s] -- Up-to-date: /home/foiegreis/ros2_sim_ws/install/ros2_sim_description/share/ros2_sim_description/environment/ament_prefix_path.sh
[0.299s] -- Up-to-date: /home/foiegreis/ros2_sim_ws/install/ros2_sim_description/share/ros2_sim_description/environment/ament_prefix_path.dsv
[0.299s] -- Up-to-date: /home/foiegreis/ros2_sim_ws/install/ros2_sim_description/share/ros2_sim_description/environment/path.sh
[0.299s] -- Up-to-date: /home/foiegreis/ros2_sim_ws/install/ros2_sim_description/share/ros2_sim_description/environment/path.dsv
[0.299s] -- Up-to-date: /home/foiegreis/ros2_sim_ws/install/ros2_sim_description/share/ros2_sim_description/local_setup.bash
[0.300s] -- Up-to-date: /home/foiegreis/ros2_sim_ws/install/ros2_sim_description/share/ros2_sim_description/local_setup.sh
[0.300s] -- Up-to-date: /home/foiegreis/ros2_sim_ws/install/ros2_sim_description/share/ros2_sim_description/local_setup.zsh
[0.300s] -- Up-to-date: /home/foiegreis/ros2_sim_ws/install/ros2_sim_description/share/ros2_sim_description/local_setup.dsv
[0.300s] -- Installing: /home/foiegreis/ros2_sim_ws/install/ros2_sim_description/share/ros2_sim_description/package.dsv
[0.300s] -- Up-to-date: /home/foiegreis/ros2_sim_ws/install/ros2_sim_description/share/ament_index/resource_index/packages/ros2_sim_description
[0.300s] -- Up-to-date: /home/foiegreis/ros2_sim_ws/install/ros2_sim_description/share/ros2_sim_description/cmake/ros2_sim_descriptionConfig.cmake
[0.300s] -- Up-to-date: /home/foiegreis/ros2_sim_ws/install/ros2_sim_description/share/ros2_sim_description/cmake/ros2_sim_descriptionConfig-version.cmake
[0.300s] -- Installing: /home/foiegreis/ros2_sim_ws/install/ros2_sim_description/share/ros2_sim_description/package.xml
[0.301s] Invoked command in '/home/foiegreis/ros2_sim_ws/build/ros2_sim_description' returned '0': CMAKE_PREFIX_PATH=${CMAKE_PREFIX_PATH}:/home/foiegreis/ros2_fndm_ws/install/py_actions:/home/foiegreis/ros2_fndm_ws/install/py_pkg:/opt/ros/iron /usr/bin/cmake --install /home/foiegreis/ros2_sim_ws/build/ros2_sim_description
