[0.010s] Invoking command in '/home/foiegreis/ros2_sim_ws/build/ros2_sim_description': CMAKE_PREFIX_PATH=${CMAKE_PREFIX_PATH}:/home/foiegreis/ros2_fndm_ws/install/py_actions:/home/foiegreis/ros2_fndm_ws/install/py_pkg:/opt/ros/iron /usr/bin/cmake /home/foiegreis/ros2_sim_ws/src/ros2_sim_description -DCMAKE_INSTALL_PREFIX=/home/foiegreis/ros2_sim_ws/install/ros2_sim_description
[0.113s] -- The C compiler identification is GNU 11.4.0
[0.220s] -- The CXX compiler identification is GNU 11.4.0
[0.230s] -- Detecting C compiler ABI info
[0.312s] -- Detecting C compiler ABI info - done
[0.321s] -- Check for working C compiler: /usr/bin/cc - skipped
[0.322s] -- Detecting C compile features
[0.322s] -- Detecting C compile features - done
[0.327s] -- Detecting CXX compiler ABI info
[0.426s] -- Detecting CXX compiler ABI info - done
[0.435s] -- Check for working CXX compiler: /usr/bin/c++ - skipped
[0.435s] -- Detecting CXX compile features
[0.436s] -- Detecting CXX compile features - done
[0.448s] -- Found ament_cmake: 2.0.5 (/opt/ros/iron/share/ament_cmake/cmake)
[0.626s] -- Found Python3: /usr/bin/python3.10 (found version "3.10.12") found components: Interpreter 
[0.799s] -- Configuring done
[0.801s] -- Generating done
[0.802s] -- Build files have been written to: /home/foiegreis/ros2_sim_ws/build/ros2_sim_description
[0.806s] Invoked command in '/home/foiegreis/ros2_sim_ws/build/ros2_sim_description' returned '0': CMAKE_PREFIX_PATH=${CMAKE_PREFIX_PATH}:/home/foiegreis/ros2_fndm_ws/install/py_actions:/home/foiegreis/ros2_fndm_ws/install/py_pkg:/opt/ros/iron /usr/bin/cmake /home/foiegreis/ros2_sim_ws/src/ros2_sim_description -DCMAKE_INSTALL_PREFIX=/home/foiegreis/ros2_sim_ws/install/ros2_sim_description
[0.807s] Invoking command in '/home/foiegreis/ros2_sim_ws/build/ros2_sim_description': CMAKE_PREFIX_PATH=${CMAKE_PREFIX_PATH}:/home/foiegreis/ros2_fndm_ws/install/py_actions:/home/foiegreis/ros2_fndm_ws/install/py_pkg:/opt/ros/iron /usr/bin/cmake --build /home/foiegreis/ros2_sim_ws/build/ros2_sim_description -- -j12 -l12
[0.843s] Invoked command in '/home/foiegreis/ros2_sim_ws/build/ros2_sim_description' returned '0': CMAKE_PREFIX_PATH=${CMAKE_PREFIX_PATH}:/home/foiegreis/ros2_fndm_ws/install/py_actions:/home/foiegreis/ros2_fndm_ws/install/py_pkg:/opt/ros/iron /usr/bin/cmake --build /home/foiegreis/ros2_sim_ws/build/ros2_sim_description -- -j12 -l12
[0.873s] Invoking command in '/home/foiegreis/ros2_sim_ws/build/ros2_sim_description': CMAKE_PREFIX_PATH=${CMAKE_PREFIX_PATH}:/home/foiegreis/ros2_fndm_ws/install/py_actions:/home/foiegreis/ros2_fndm_ws/install/py_pkg:/opt/ros/iron /usr/bin/cmake --install /home/foiegreis/ros2_sim_ws/build/ros2_sim_description
[0.880s] -- Install configuration: ""
[0.880s] -- Installing: /home/foiegreis/ros2_sim_ws/install/ros2_sim_description/share/ros2_sim_description//urdf
[0.880s] -- Installing: /home/foiegreis/ros2_sim_ws/install/ros2_sim_description/share/ros2_sim_description//urdf/rrr.urdf
[0.881s] -- Installing: /home/foiegreis/ros2_sim_ws/install/ros2_sim_description/share/ros2_sim_description//launch
[0.881s] -- Installing: /home/foiegreis/ros2_sim_ws/install/ros2_sim_description/share/ros2_sim_description//launch/display.launch.xml
[0.881s] -- Installing: /home/foiegreis/ros2_sim_ws/install/ros2_sim_description/share/ament_index/resource_index/package_run_dependencies/ros2_sim_description
[0.881s] -- Installing: /home/foiegreis/ros2_sim_ws/install/ros2_sim_description/share/ament_index/resource_index/parent_prefix_path/ros2_sim_description
[0.881s] -- Installing: /home/foiegreis/ros2_sim_ws/install/ros2_sim_description/share/ros2_sim_description/environment/ament_prefix_path.sh
[0.881s] -- Installing: /home/foiegreis/ros2_sim_ws/install/ros2_sim_description/share/ros2_sim_description/environment/ament_prefix_path.dsv
[0.881s] -- Installing: /home/foiegreis/ros2_sim_ws/install/ros2_sim_description/share/ros2_sim_description/environment/path.sh
[0.881s] -- Installing: /home/foiegreis/ros2_sim_ws/install/ros2_sim_description/share/ros2_sim_description/environment/path.dsv
[0.882s] -- Installing: /home/foiegreis/ros2_sim_ws/install/ros2_sim_description/share/ros2_sim_description/local_setup.bash
[0.882s] -- Installing: /home/foiegreis/ros2_sim_ws/install/ros2_sim_description/share/ros2_sim_description/local_setup.sh
[0.882s] -- Installing: /home/foiegreis/ros2_sim_ws/install/ros2_sim_description/share/ros2_sim_description/local_setup.zsh
[0.882s] -- Installing: /home/foiegreis/ros2_sim_ws/install/ros2_sim_description/share/ros2_sim_description/local_setup.dsv
[0.882s] -- Installing: /home/foiegreis/ros2_sim_ws/install/ros2_sim_description/share/ros2_sim_description/package.dsv
[0.882s] -- Installing: /home/foiegreis/ros2_sim_ws/install/ros2_sim_description/share/ament_index/resource_index/packages/ros2_sim_description
[0.882s] -- Installing: /home/foiegreis/ros2_sim_ws/install/ros2_sim_description/share/ros2_sim_description/cmake/ros2_sim_descriptionConfig.cmake
[0.882s] -- Installing: /home/foiegreis/ros2_sim_ws/install/ros2_sim_description/share/ros2_sim_description/cmake/ros2_sim_descriptionConfig-version.cmake
[0.883s] -- Installing: /home/foiegreis/ros2_sim_ws/install/ros2_sim_description/share/ros2_sim_description/package.xml
[0.884s] Invoked command in '/home/foiegreis/ros2_sim_ws/build/ros2_sim_description' returned '0': CMAKE_PREFIX_PATH=${CMAKE_PREFIX_PATH}:/home/foiegreis/ros2_fndm_ws/install/py_actions:/home/foiegreis/ros2_fndm_ws/install/py_pkg:/opt/ros/iron /usr/bin/cmake --install /home/foiegreis/ros2_sim_ws/build/ros2_sim_description
