[0.111s] DEBUG:colcon:Command line arguments: ['/usr/bin/colcon', 'build', '--packages-select', 'ros2_sim_description']
[0.111s] DEBUG:colcon:Parsed command line arguments: Namespace(log_base=None, log_level=None, verb_name='build', build_base='build', install_base='install', merge_install=False, symlink_install=False, test_result_base=None, continue_on_error=False, executor='parallel', parallel_workers=12, event_handlers=None, ignore_user_meta=False, metas=['./colcon.meta'], base_paths=['.'], packages_ignore=None, packages_ignore_regex=None, paths=None, packages_up_to=None, packages_up_to_regex=None, packages_above=None, packages_above_and_dependencies=None, packages_above_depth=None, packages_select_by_dep=None, packages_skip_by_dep=None, packages_skip_up_to=None, packages_select_build_failed=False, packages_skip_build_finished=False, packages_select_test_failures=False, packages_skip_test_passed=False, packages_select=['ros2_sim_description'], packages_skip=None, packages_select_regex=None, packages_skip_regex=None, packages_start=None, packages_end=None, allow_overriding=[], cmake_args=None, cmake_target=None, cmake_target_skip_unavailable=False, cmake_clean_cache=False, cmake_clean_first=False, cmake_force_configure=False, ament_cmake_args=None, catkin_cmake_args=None, catkin_skip_building_tests=False, mixin_files=None, mixin=None, verb_parser=<colcon_mixin.mixin.mixin_argument.MixinArgumentDecorator object at 0x77cc17c457b0>, verb_extension=<colcon_core.verb.build.BuildVerb object at 0x77cc17d31ea0>, main=<bound method BuildVerb.main of <colcon_core.verb.build.BuildVerb object at 0x77cc17d31ea0>>, mixin_verb=('build',))
[0.343s] Level 1:colcon.colcon_core.package_discovery:discover_packages(colcon_meta) check parameters
[0.343s] Level 1:colcon.colcon_core.package_discovery:discover_packages(recursive) check parameters
[0.343s] Level 1:colcon.colcon_core.package_discovery:discover_packages(ignore) check parameters
[0.343s] Level 1:colcon.colcon_core.package_discovery:discover_packages(path) check parameters
[0.343s] Level 1:colcon.colcon_core.package_discovery:discover_packages(colcon_meta) discover
[0.343s] Level 1:colcon.colcon_core.package_discovery:discover_packages(recursive) discover
[0.343s] INFO:colcon.colcon_core.package_discovery:Crawling recursively for packages in '/home/foiegreis/ros2_sim_ws'
[0.343s] Level 1:colcon.colcon_core.package_identification:_identify(.) by extensions ['ignore', 'ignore_ament_install']
[0.343s] Level 1:colcon.colcon_core.package_identification:_identify(.) by extension 'ignore'
[0.343s] Level 1:colcon.colcon_core.package_identification:_identify(.) by extension 'ignore_ament_install'
[0.343s] Level 1:colcon.colcon_core.package_identification:_identify(.) by extensions ['colcon_pkg']
[0.343s] Level 1:colcon.colcon_core.package_identification:_identify(.) by extension 'colcon_pkg'
[0.344s] Level 1:colcon.colcon_core.package_identification:_identify(.) by extensions ['colcon_meta']
[0.344s] Level 1:colcon.colcon_core.package_identification:_identify(.) by extension 'colcon_meta'
[0.344s] Level 1:colcon.colcon_core.package_identification:_identify(.) by extensions ['ros']
[0.344s] Level 1:colcon.colcon_core.package_identification:_identify(.) by extension 'ros'
[0.353s] Level 1:colcon.colcon_core.package_identification:_identify(.) by extensions ['cmake', 'python']
[0.353s] Level 1:colcon.colcon_core.package_identification:_identify(.) by extension 'cmake'
[0.353s] Level 1:colcon.colcon_core.package_identification:_identify(.) by extension 'python'
[0.353s] Level 1:colcon.colcon_core.package_identification:_identify(.) by extensions ['python_setup_py']
[0.353s] Level 1:colcon.colcon_core.package_identification:_identify(.) by extension 'python_setup_py'
[0.353s] Level 1:colcon.colcon_core.package_identification:_identify(build) by extensions ['ignore', 'ignore_ament_install']
[0.354s] Level 1:colcon.colcon_core.package_identification:_identify(build) by extension 'ignore'
[0.354s] Level 1:colcon.colcon_core.package_identification:_identify(build) ignored
[0.354s] Level 1:colcon.colcon_core.package_identification:_identify(install) by extensions ['ignore', 'ignore_ament_install']
[0.354s] Level 1:colcon.colcon_core.package_identification:_identify(install) by extension 'ignore'
[0.354s] Level 1:colcon.colcon_core.package_identification:_identify(install) ignored
[0.354s] Level 1:colcon.colcon_core.package_identification:_identify(log) by extensions ['ignore', 'ignore_ament_install']
[0.354s] Level 1:colcon.colcon_core.package_identification:_identify(log) by extension 'ignore'
[0.354s] Level 1:colcon.colcon_core.package_identification:_identify(log) ignored
[0.354s] Level 1:colcon.colcon_core.package_identification:_identify(src) by extensions ['ignore', 'ignore_ament_install']
[0.354s] Level 1:colcon.colcon_core.package_identification:_identify(src) by extension 'ignore'
[0.354s] Level 1:colcon.colcon_core.package_identification:_identify(src) by extension 'ignore_ament_install'
[0.354s] Level 1:colcon.colcon_core.package_identification:_identify(src) by extensions ['colcon_pkg']
[0.354s] Level 1:colcon.colcon_core.package_identification:_identify(src) by extension 'colcon_pkg'
[0.354s] Level 1:colcon.colcon_core.package_identification:_identify(src) by extensions ['colcon_meta']
[0.354s] Level 1:colcon.colcon_core.package_identification:_identify(src) by extension 'colcon_meta'
[0.354s] Level 1:colcon.colcon_core.package_identification:_identify(src) by extensions ['ros']
[0.355s] Level 1:colcon.colcon_core.package_identification:_identify(src) by extension 'ros'
[0.355s] Level 1:colcon.colcon_core.package_identification:_identify(src) by extensions ['cmake', 'python']
[0.355s] Level 1:colcon.colcon_core.package_identification:_identify(src) by extension 'cmake'
[0.355s] Level 1:colcon.colcon_core.package_identification:_identify(src) by extension 'python'
[0.355s] Level 1:colcon.colcon_core.package_identification:_identify(src) by extensions ['python_setup_py']
[0.355s] Level 1:colcon.colcon_core.package_identification:_identify(src) by extension 'python_setup_py'
[0.355s] Level 1:colcon.colcon_core.package_identification:_identify(src/ros2_sim_description) by extensions ['ignore', 'ignore_ament_install']
[0.355s] Level 1:colcon.colcon_core.package_identification:_identify(src/ros2_sim_description) by extension 'ignore'
[0.355s] Level 1:colcon.colcon_core.package_identification:_identify(src/ros2_sim_description) by extension 'ignore_ament_install'
[0.355s] Level 1:colcon.colcon_core.package_identification:_identify(src/ros2_sim_description) by extensions ['colcon_pkg']
[0.355s] Level 1:colcon.colcon_core.package_identification:_identify(src/ros2_sim_description) by extension 'colcon_pkg'
[0.355s] Level 1:colcon.colcon_core.package_identification:_identify(src/ros2_sim_description) by extensions ['colcon_meta']
[0.355s] Level 1:colcon.colcon_core.package_identification:_identify(src/ros2_sim_description) by extension 'colcon_meta'
[0.355s] Level 1:colcon.colcon_core.package_identification:_identify(src/ros2_sim_description) by extensions ['ros']
[0.355s] Level 1:colcon.colcon_core.package_identification:_identify(src/ros2_sim_description) by extension 'ros'
[0.357s] DEBUG:colcon.colcon_core.package_identification:Package 'src/ros2_sim_description' with type 'ros.ament_cmake' and name 'ros2_sim_description'
[0.357s] Level 1:colcon.colcon_core.package_discovery:discover_packages(recursive) using defaults
[0.357s] Level 1:colcon.colcon_core.package_discovery:discover_packages(ignore) discover
[0.357s] Level 1:colcon.colcon_core.package_discovery:discover_packages(ignore) using defaults
[0.357s] Level 1:colcon.colcon_core.package_discovery:discover_packages(path) discover
[0.357s] Level 1:colcon.colcon_core.package_discovery:discover_packages(path) using defaults
[0.375s] Level 1:colcon.colcon_core.package_discovery:discover_packages(prefix_path) check parameters
[0.375s] Level 1:colcon.colcon_core.package_discovery:discover_packages(prefix_path) discover
[0.378s] DEBUG:colcon.colcon_installed_package_information.package_discovery:Found 1 installed packages in /home/foiegreis/ros2_sim_ws/install
[0.378s] DEBUG:colcon.colcon_installed_package_information.package_discovery:Found 7 installed packages in /home/foiegreis/ros2_fndm_ws/install
[0.378s] DEBUG:colcon.colcon_installed_package_information.package_discovery:Found 4 installed packages in /home/foiegreis/ros2_ws_yolo3d/install
[0.379s] DEBUG:colcon.colcon_installed_package_information.package_discovery:Found 1 installed packages in /home/foiegreis/ros2_ws/install
[0.380s] DEBUG:colcon.colcon_installed_package_information.package_discovery:Found 408 installed packages in /opt/ros/iron
[0.382s] Level 1:colcon.colcon_core.package_discovery:discover_packages(prefix_path) using defaults
[0.435s] Level 5:colcon.colcon_core.verb:set package 'ros2_sim_description' build argument 'cmake_args' from command line to 'None'
[0.435s] Level 5:colcon.colcon_core.verb:set package 'ros2_sim_description' build argument 'cmake_target' from command line to 'None'
[0.435s] Level 5:colcon.colcon_core.verb:set package 'ros2_sim_description' build argument 'cmake_target_skip_unavailable' from command line to 'False'
[0.435s] Level 5:colcon.colcon_core.verb:set package 'ros2_sim_description' build argument 'cmake_clean_cache' from command line to 'False'
[0.435s] Level 5:colcon.colcon_core.verb:set package 'ros2_sim_description' build argument 'cmake_clean_first' from command line to 'False'
[0.435s] Level 5:colcon.colcon_core.verb:set package 'ros2_sim_description' build argument 'cmake_force_configure' from command line to 'False'
[0.435s] Level 5:colcon.colcon_core.verb:set package 'ros2_sim_description' build argument 'ament_cmake_args' from command line to 'None'
[0.435s] Level 5:colcon.colcon_core.verb:set package 'ros2_sim_description' build argument 'catkin_cmake_args' from command line to 'None'
[0.435s] Level 5:colcon.colcon_core.verb:set package 'ros2_sim_description' build argument 'catkin_skip_building_tests' from command line to 'False'
[0.435s] DEBUG:colcon.colcon_core.verb:Building package 'ros2_sim_description' with the following arguments: {'ament_cmake_args': None, 'build_base': '/home/foiegreis/ros2_sim_ws/build/ros2_sim_description', 'catkin_cmake_args': None, 'catkin_skip_building_tests': False, 'cmake_args': None, 'cmake_clean_cache': False, 'cmake_clean_first': False, 'cmake_force_configure': False, 'cmake_target': None, 'cmake_target_skip_unavailable': False, 'install_base': '/home/foiegreis/ros2_sim_ws/install/ros2_sim_description', 'merge_install': False, 'path': '/home/foiegreis/ros2_sim_ws/src/ros2_sim_description', 'symlink_install': False, 'test_result_base': None}
[0.435s] INFO:colcon.colcon_core.executor:Executing jobs using 'parallel' executor
[0.436s] DEBUG:colcon.colcon_parallel_executor.executor.parallel:run_until_complete
[0.436s] INFO:colcon.colcon_ros.task.ament_cmake.build:Building ROS package in '/home/foiegreis/ros2_sim_ws/src/ros2_sim_description' with build type 'ament_cmake'
[0.436s] INFO:colcon.colcon_cmake.task.cmake.build:Building CMake package in '/home/foiegreis/ros2_sim_ws/src/ros2_sim_description'
[0.438s] INFO:colcon.colcon_core.plugin_system:Skipping extension 'colcon_core.shell.bat': Not used on non-Windows systems
[0.438s] INFO:colcon.colcon_core.shell:Skip shell extension 'powershell' for command environment: Not usable outside of PowerShell
[0.438s] DEBUG:colcon.colcon_core.shell:Skip shell extension 'dsv' for command environment
[0.449s] DEBUG:colcon.colcon_core.event_handler.log_command:Invoking command in '/home/foiegreis/ros2_sim_ws/build/ros2_sim_description': CMAKE_PREFIX_PATH=${CMAKE_PREFIX_PATH}:/home/foiegreis/ros2_fndm_ws/install/py_actions:/home/foiegreis/ros2_fndm_ws/install/py_pkg:/opt/ros/iron /usr/bin/cmake --build /home/foiegreis/ros2_sim_ws/build/ros2_sim_description -- -j12 -l12
[0.483s] DEBUG:colcon.colcon_core.event_handler.log_command:Invoked command in '/home/foiegreis/ros2_sim_ws/build/ros2_sim_description' returned '0': CMAKE_PREFIX_PATH=${CMAKE_PREFIX_PATH}:/home/foiegreis/ros2_fndm_ws/install/py_actions:/home/foiegreis/ros2_fndm_ws/install/py_pkg:/opt/ros/iron /usr/bin/cmake --build /home/foiegreis/ros2_sim_ws/build/ros2_sim_description -- -j12 -l12
[0.513s] DEBUG:colcon.colcon_core.event_handler.log_command:Invoking command in '/home/foiegreis/ros2_sim_ws/build/ros2_sim_description': CMAKE_PREFIX_PATH=${CMAKE_PREFIX_PATH}:/home/foiegreis/ros2_fndm_ws/install/py_actions:/home/foiegreis/ros2_fndm_ws/install/py_pkg:/opt/ros/iron /usr/bin/cmake --install /home/foiegreis/ros2_sim_ws/build/ros2_sim_description
[0.523s] Level 1:colcon.colcon_core.environment:create_environment_scripts_only(ros2_sim_description)
[0.524s] DEBUG:colcon.colcon_core.event_handler.log_command:Invoked command in '/home/foiegreis/ros2_sim_ws/build/ros2_sim_description' returned '0': CMAKE_PREFIX_PATH=${CMAKE_PREFIX_PATH}:/home/foiegreis/ros2_fndm_ws/install/py_actions:/home/foiegreis/ros2_fndm_ws/install/py_pkg:/opt/ros/iron /usr/bin/cmake --install /home/foiegreis/ros2_sim_ws/build/ros2_sim_description
[0.526s] Level 1:colcon.colcon_core.environment:checking '/home/foiegreis/ros2_sim_ws/install/ros2_sim_description' for CMake module files
[0.526s] Level 1:colcon.colcon_core.environment:checking '/home/foiegreis/ros2_sim_ws/install/ros2_sim_description' for CMake config files
[0.526s] Level 1:colcon.colcon_core.shell:create_environment_hook('ros2_sim_description', 'cmake_prefix_path')
[0.527s] INFO:colcon.colcon_core.shell:Creating environment hook '/home/foiegreis/ros2_sim_ws/install/ros2_sim_description/share/ros2_sim_description/hook/cmake_prefix_path.ps1'
[0.527s] INFO:colcon.colcon_core.shell:Creating environment descriptor '/home/foiegreis/ros2_sim_ws/install/ros2_sim_description/share/ros2_sim_description/hook/cmake_prefix_path.dsv'
[0.528s] INFO:colcon.colcon_core.shell:Creating environment hook '/home/foiegreis/ros2_sim_ws/install/ros2_sim_description/share/ros2_sim_description/hook/cmake_prefix_path.sh'
[0.528s] Level 1:colcon.colcon_core.environment:checking '/home/foiegreis/ros2_sim_ws/install/ros2_sim_description/bin'
[0.528s] Level 1:colcon.colcon_core.environment:checking '/home/foiegreis/ros2_sim_ws/install/ros2_sim_description/lib/pkgconfig/ros2_sim_description.pc'
[0.529s] Level 1:colcon.colcon_core.environment:checking '/home/foiegreis/ros2_sim_ws/install/ros2_sim_description/lib/python3.10/site-packages'
[0.529s] Level 1:colcon.colcon_core.environment:checking '/home/foiegreis/ros2_sim_ws/install/ros2_sim_description/bin'
[0.529s] INFO:colcon.colcon_core.shell:Creating package script '/home/foiegreis/ros2_sim_ws/install/ros2_sim_description/share/ros2_sim_description/package.ps1'
[0.530s] INFO:colcon.colcon_core.shell:Creating package descriptor '/home/foiegreis/ros2_sim_ws/install/ros2_sim_description/share/ros2_sim_description/package.dsv'
[0.530s] INFO:colcon.colcon_core.shell:Creating package script '/home/foiegreis/ros2_sim_ws/install/ros2_sim_description/share/ros2_sim_description/package.sh'
[0.531s] INFO:colcon.colcon_core.shell:Creating package script '/home/foiegreis/ros2_sim_ws/install/ros2_sim_description/share/ros2_sim_description/package.bash'
[0.531s] INFO:colcon.colcon_core.shell:Creating package script '/home/foiegreis/ros2_sim_ws/install/ros2_sim_description/share/ros2_sim_description/package.zsh'
[0.532s] Level 1:colcon.colcon_core.environment:create_file_with_runtime_dependencies(/home/foiegreis/ros2_sim_ws/install/ros2_sim_description/share/colcon-core/packages/ros2_sim_description)
[0.554s] Level 1:colcon.colcon_core.environment:create_environment_scripts_only(ros2_sim_description)
[0.554s] Level 1:colcon.colcon_core.environment:checking '/home/foiegreis/ros2_sim_ws/install/ros2_sim_description' for CMake module files
[0.555s] Level 1:colcon.colcon_core.environment:checking '/home/foiegreis/ros2_sim_ws/install/ros2_sim_description' for CMake config files
[0.555s] Level 1:colcon.colcon_core.shell:create_environment_hook('ros2_sim_description', 'cmake_prefix_path')
[0.555s] INFO:colcon.colcon_core.shell:Creating environment hook '/home/foiegreis/ros2_sim_ws/install/ros2_sim_description/share/ros2_sim_description/hook/cmake_prefix_path.ps1'
[0.555s] INFO:colcon.colcon_core.shell:Creating environment descriptor '/home/foiegreis/ros2_sim_ws/install/ros2_sim_description/share/ros2_sim_description/hook/cmake_prefix_path.dsv'
[0.556s] INFO:colcon.colcon_core.shell:Creating environment hook '/home/foiegreis/ros2_sim_ws/install/ros2_sim_description/share/ros2_sim_description/hook/cmake_prefix_path.sh'
[0.556s] Level 1:colcon.colcon_core.environment:checking '/home/foiegreis/ros2_sim_ws/install/ros2_sim_description/bin'
[0.556s] Level 1:colcon.colcon_core.environment:checking '/home/foiegreis/ros2_sim_ws/install/ros2_sim_description/lib/pkgconfig/ros2_sim_description.pc'
[0.557s] Level 1:colcon.colcon_core.environment:checking '/home/foiegreis/ros2_sim_ws/install/ros2_sim_description/lib/python3.10/site-packages'
[0.557s] Level 1:colcon.colcon_core.environment:checking '/home/foiegreis/ros2_sim_ws/install/ros2_sim_description/bin'
[0.558s] INFO:colcon.colcon_core.shell:Creating package script '/home/foiegreis/ros2_sim_ws/install/ros2_sim_description/share/ros2_sim_description/package.ps1'
[0.558s] INFO:colcon.colcon_core.shell:Creating package descriptor '/home/foiegreis/ros2_sim_ws/install/ros2_sim_description/share/ros2_sim_description/package.dsv'
[0.559s] INFO:colcon.colcon_core.shell:Creating package script '/home/foiegreis/ros2_sim_ws/install/ros2_sim_description/share/ros2_sim_description/package.sh'
[0.559s] INFO:colcon.colcon_core.shell:Creating package script '/home/foiegreis/ros2_sim_ws/install/ros2_sim_description/share/ros2_sim_description/package.bash'
[0.560s] INFO:colcon.colcon_core.shell:Creating package script '/home/foiegreis/ros2_sim_ws/install/ros2_sim_description/share/ros2_sim_description/package.zsh'
[0.560s] Level 1:colcon.colcon_core.environment:create_file_with_runtime_dependencies(/home/foiegreis/ros2_sim_ws/install/ros2_sim_description/share/colcon-core/packages/ros2_sim_description)
[0.560s] DEBUG:colcon.colcon_parallel_executor.executor.parallel:closing loop
[0.560s] DEBUG:colcon.colcon_parallel_executor.executor.parallel:loop closed
[0.561s] DEBUG:colcon.colcon_parallel_executor.executor.parallel:run_until_complete finished with '0'
[0.561s] DEBUG:colcon.colcon_core.event_reactor:joining thread
[0.565s] INFO:colcon.colcon_core.plugin_system:Skipping extension 'colcon_notification.desktop_notification.terminal_notifier': Not used on non-Darwin systems
[0.566s] INFO:colcon.colcon_core.plugin_system:Skipping extension 'colcon_notification.desktop_notification.win32': Not used on non-Windows systems
[0.566s] INFO:colcon.colcon_notification.desktop_notification:Sending desktop notification using 'notify2'
[0.589s] DEBUG:colcon.colcon_core.event_reactor:joined thread
[0.590s] INFO:colcon.colcon_core.shell:Creating prefix script '/home/foiegreis/ros2_sim_ws/install/local_setup.ps1'
[0.591s] INFO:colcon.colcon_core.shell:Creating prefix util module '/home/foiegreis/ros2_sim_ws/install/_local_setup_util_ps1.py'
[0.594s] INFO:colcon.colcon_core.shell:Creating prefix chain script '/home/foiegreis/ros2_sim_ws/install/setup.ps1'
[0.596s] INFO:colcon.colcon_core.shell:Creating prefix script '/home/foiegreis/ros2_sim_ws/install/local_setup.sh'
[0.598s] INFO:colcon.colcon_core.shell:Creating prefix util module '/home/foiegreis/ros2_sim_ws/install/_local_setup_util_sh.py'
[0.599s] INFO:colcon.colcon_core.shell:Creating prefix chain script '/home/foiegreis/ros2_sim_ws/install/setup.sh'
[0.601s] INFO:colcon.colcon_core.shell:Creating prefix script '/home/foiegreis/ros2_sim_ws/install/local_setup.bash'
[0.602s] INFO:colcon.colcon_core.shell:Creating prefix chain script '/home/foiegreis/ros2_sim_ws/install/setup.bash'
[0.605s] INFO:colcon.colcon_core.shell:Creating prefix script '/home/foiegreis/ros2_sim_ws/install/local_setup.zsh'
[0.606s] INFO:colcon.colcon_core.shell:Creating prefix chain script '/home/foiegreis/ros2_sim_ws/install/setup.zsh'
