[0.039s] Invoking command in '/home/foiegreis/ros2_sim_ws/build/ros2_sim_description': CMAKE_PREFIX_PATH=${CMAKE_PREFIX_PATH}:/home/foiegreis/ros2_fndm_ws/install/py_actions:/home/foiegreis/ros2_fndm_ws/install/py_pkg:/opt/ros/iron /usr/bin/cmake --build /home/foiegreis/ros2_sim_ws/build/ros2_sim_description -- -j12 -l12
[0.078s] -- Found ament_cmake: 2.0.5 (/opt/ros/iron/share/ament_cmake/cmake)
[0.414s] -- Configuring done
[0.418s] -- Generating done
[0.419s] -- Build files have been written to: /home/foiegreis/ros2_sim_ws/build/ros2_sim_description
[0.438s] Invoked command in '/home/foiegreis/ros2_sim_ws/build/ros2_sim_description' returned '0': CMAKE_PREFIX_PATH=${CMAKE_PREFIX_PATH}:/home/foiegreis/ros2_fndm_ws/install/py_actions:/home/foiegreis/ros2_fndm_ws/install/py_pkg:/opt/ros/iron /usr/bin/cmake --build /home/foiegreis/ros2_sim_ws/build/ros2_sim_description -- -j12 -l12
[0.461s] Invoking command in '/home/foiegreis/ros2_sim_ws/build/ros2_sim_description': CMAKE_PREFIX_PATH=${CMAKE_PREFIX_PATH}:/home/foiegreis/ros2_fndm_ws/install/py_actions:/home/foiegreis/ros2_fndm_ws/install/py_pkg:/opt/ros/iron /usr/bin/cmake --install /home/foiegreis/ros2_sim_ws/build/ros2_sim_description
[0.468s] -- Install configuration: ""
[0.468s] -- Up-to-date: /home/foiegreis/ros2_sim_ws/install/ros2_sim_description/share/ros2_sim_description//urdf
[0.468s] -- Up-to-date: /home/foiegreis/ros2_sim_ws/install/ros2_sim_description/share/ros2_sim_description//urdf/rrr.urdf
[0.468s] -- Up-to-date: /home/foiegreis/ros2_sim_ws/install/ros2_sim_description/share/ros2_sim_description//launch
[0.468s] -- Installing: /home/foiegreis/ros2_sim_ws/install/ros2_sim_description/share/ros2_sim_description//launch/rrr.launch.xml
[0.468s] -- Up-to-date: /home/foiegreis/ros2_sim_ws/install/ros2_sim_description/share/ros2_sim_description//launch/rrr_broadcaster.launch.xml
[0.468s] -- Up-to-date: /home/foiegreis/ros2_sim_ws/install/ros2_sim_description/share/ros2_sim_description//meshes
[0.468s] -- Up-to-date: /home/foiegreis/ros2_sim_ws/install/ros2_sim_description/share/ros2_sim_description//meshes/gripper_base.dae
[0.468s] -- Installing: /home/foiegreis/ros2_sim_ws/install/ros2_sim_description/share/ros2_sim_description//rviz
[0.469s] -- Installing: /home/foiegreis/ros2_sim_ws/install/ros2_sim_description/share/ros2_sim_description//rviz/config.rviz
[0.469s] -- Up-to-date: /home/foiegreis/ros2_sim_ws/install/ros2_sim_description/share/ament_index/resource_index/package_run_dependencies/ros2_sim_description
[0.469s] -- Installing: /home/foiegreis/ros2_sim_ws/install/ros2_sim_description/share/ament_index/resource_index/parent_prefix_path/ros2_sim_description
[0.469s] -- Up-to-date: /home/foiegreis/ros2_sim_ws/install/ros2_sim_description/share/ros2_sim_description/environment/ament_prefix_path.sh
[0.469s] -- Up-to-date: /home/foiegreis/ros2_sim_ws/install/ros2_sim_description/share/ros2_sim_description/environment/ament_prefix_path.dsv
[0.469s] -- Up-to-date: /home/foiegreis/ros2_sim_ws/install/ros2_sim_description/share/ros2_sim_description/environment/path.sh
[0.469s] -- Up-to-date: /home/foiegreis/ros2_sim_ws/install/ros2_sim_description/share/ros2_sim_description/environment/path.dsv
[0.469s] -- Up-to-date: /home/foiegreis/ros2_sim_ws/install/ros2_sim_description/share/ros2_sim_description/local_setup.bash
[0.469s] -- Up-to-date: /home/foiegreis/ros2_sim_ws/install/ros2_sim_description/share/ros2_sim_description/local_setup.sh
[0.469s] -- Up-to-date: /home/foiegreis/ros2_sim_ws/install/ros2_sim_description/share/ros2_sim_description/local_setup.zsh
[0.469s] -- Up-to-date: /home/foiegreis/ros2_sim_ws/install/ros2_sim_description/share/ros2_sim_description/local_setup.dsv
[0.469s] -- Installing: /home/foiegreis/ros2_sim_ws/install/ros2_sim_description/share/ros2_sim_description/package.dsv
[0.470s] -- Up-to-date: /home/foiegreis/ros2_sim_ws/install/ros2_sim_description/share/ament_index/resource_index/packages/ros2_sim_description
[0.470s] -- Up-to-date: /home/foiegreis/ros2_sim_ws/install/ros2_sim_description/share/ros2_sim_description/cmake/ros2_sim_descriptionConfig.cmake
[0.470s] -- Up-to-date: /home/foiegreis/ros2_sim_ws/install/ros2_sim_description/share/ros2_sim_description/cmake/ros2_sim_descriptionConfig-version.cmake
[0.470s] -- Up-to-date: /home/foiegreis/ros2_sim_ws/install/ros2_sim_description/share/ros2_sim_description/package.xml
[0.471s] Invoked command in '/home/foiegreis/ros2_sim_ws/build/ros2_sim_description' returned '0': CMAKE_PREFIX_PATH=${CMAKE_PREFIX_PATH}:/home/foiegreis/ros2_fndm_ws/install/py_actions:/home/foiegreis/ros2_fndm_ws/install/py_pkg:/opt/ros/iron /usr/bin/cmake --install /home/foiegreis/ros2_sim_ws/build/ros2_sim_description
