[0.107s] DEBUG:colcon:Command line arguments: ['/usr/bin/colcon', 'build']
[0.107s] DEBUG:colcon:Parsed command line arguments: Namespace(log_base=None, log_level=None, verb_name='build', build_base='build', install_base='install', merge_install=False, symlink_install=False, test_result_base=None, continue_on_error=False, executor='parallel', parallel_workers=12, event_handlers=None, ignore_user_meta=False, metas=['./colcon.meta'], base_paths=['.'], packages_ignore=None, packages_ignore_regex=None, paths=None, packages_up_to=None, packages_up_to_regex=None, packages_above=None, packages_above_and_dependencies=None, packages_above_depth=None, packages_select_by_dep=None, packages_skip_by_dep=None, packages_skip_up_to=None, packages_select_build_failed=False, packages_skip_build_finished=False, packages_select_test_failures=False, packages_skip_test_passed=False, packages_select=None, packages_skip=None, packages_select_regex=None, packages_skip_regex=None, packages_start=None, packages_end=None, allow_overriding=[], cmake_args=None, cmake_target=None, cmake_target_skip_unavailable=False, cmake_clean_cache=False, cmake_clean_first=False, cmake_force_configure=False, ament_cmake_args=None, catkin_cmake_args=None, catkin_skip_building_tests=False, mixin_files=None, mixin=None, verb_parser=<colcon_mixin.mixin.mixin_argument.MixinArgumentDecorator object at 0x7f21c28857b0>, verb_extension=<colcon_core.verb.build.BuildVerb object at 0x7f21c2975ea0>, main=<bound method BuildVerb.main of <colcon_core.verb.build.BuildVerb object at 0x7f21c2975ea0>>, mixin_verb=('build',))
[0.332s] Level 1:colcon.colcon_core.package_discovery:discover_packages(colcon_meta) check parameters
[0.332s] Level 1:colcon.colcon_core.package_discovery:discover_packages(recursive) check parameters
[0.332s] Level 1:colcon.colcon_core.package_discovery:discover_packages(ignore) check parameters
[0.332s] Level 1:colcon.colcon_core.package_discovery:discover_packages(path) check parameters
[0.332s] Level 1:colcon.colcon_core.package_discovery:discover_packages(colcon_meta) discover
[0.332s] Level 1:colcon.colcon_core.package_discovery:discover_packages(recursive) discover
[0.332s] INFO:colcon.colcon_core.package_discovery:Crawling recursively for packages in '/home/foiegreis/ros2_sim_ws'
[0.332s] Level 1:colcon.colcon_core.package_identification:_identify(.) by extensions ['ignore', 'ignore_ament_install']
[0.333s] Level 1:colcon.colcon_core.package_identification:_identify(.) by extension 'ignore'
[0.333s] Level 1:colcon.colcon_core.package_identification:_identify(.) by extension 'ignore_ament_install'
[0.333s] Level 1:colcon.colcon_core.package_identification:_identify(.) by extensions ['colcon_pkg']
[0.333s] Level 1:colcon.colcon_core.package_identification:_identify(.) by extension 'colcon_pkg'
[0.333s] Level 1:colcon.colcon_core.package_identification:_identify(.) by extensions ['colcon_meta']
[0.333s] Level 1:colcon.colcon_core.package_identification:_identify(.) by extension 'colcon_meta'
[0.333s] Level 1:colcon.colcon_core.package_identification:_identify(.) by extensions ['ros']
[0.333s] Level 1:colcon.colcon_core.package_identification:_identify(.) by extension 'ros'
[0.342s] Level 1:colcon.colcon_core.package_identification:_identify(.) by extensions ['cmake', 'python']
[0.342s] Level 1:colcon.colcon_core.package_identification:_identify(.) by extension 'cmake'
[0.342s] Level 1:colcon.colcon_core.package_identification:_identify(.) by extension 'python'
[0.342s] Level 1:colcon.colcon_core.package_identification:_identify(.) by extensions ['python_setup_py']
[0.342s] Level 1:colcon.colcon_core.package_identification:_identify(.) by extension 'python_setup_py'
[0.342s] Level 1:colcon.colcon_core.package_identification:_identify(build) by extensions ['ignore', 'ignore_ament_install']
[0.342s] Level 1:colcon.colcon_core.package_identification:_identify(build) by extension 'ignore'
[0.342s] Level 1:colcon.colcon_core.package_identification:_identify(build) ignored
[0.343s] Level 1:colcon.colcon_core.package_identification:_identify(install) by extensions ['ignore', 'ignore_ament_install']
[0.343s] Level 1:colcon.colcon_core.package_identification:_identify(install) by extension 'ignore'
[0.343s] Level 1:colcon.colcon_core.package_identification:_identify(install) ignored
[0.343s] Level 1:colcon.colcon_core.package_identification:_identify(log) by extensions ['ignore', 'ignore_ament_install']
[0.343s] Level 1:colcon.colcon_core.package_identification:_identify(log) by extension 'ignore'
[0.343s] Level 1:colcon.colcon_core.package_identification:_identify(log) ignored
[0.343s] Level 1:colcon.colcon_core.package_identification:_identify(src) by extensions ['ignore', 'ignore_ament_install']
[0.343s] Level 1:colcon.colcon_core.package_identification:_identify(src) by extension 'ignore'
[0.343s] Level 1:colcon.colcon_core.package_identification:_identify(src) by extension 'ignore_ament_install'
[0.343s] Level 1:colcon.colcon_core.package_identification:_identify(src) by extensions ['colcon_pkg']
[0.343s] Level 1:colcon.colcon_core.package_identification:_identify(src) by extension 'colcon_pkg'
[0.343s] Level 1:colcon.colcon_core.package_identification:_identify(src) by extensions ['colcon_meta']
[0.343s] Level 1:colcon.colcon_core.package_identification:_identify(src) by extension 'colcon_meta'
[0.343s] Level 1:colcon.colcon_core.package_identification:_identify(src) by extensions ['ros']
[0.343s] Level 1:colcon.colcon_core.package_identification:_identify(src) by extension 'ros'
[0.343s] Level 1:colcon.colcon_core.package_identification:_identify(src) by extensions ['cmake', 'python']
[0.343s] Level 1:colcon.colcon_core.package_identification:_identify(src) by extension 'cmake'
[0.343s] Level 1:colcon.colcon_core.package_identification:_identify(src) by extension 'python'
[0.343s] Level 1:colcon.colcon_core.package_identification:_identify(src) by extensions ['python_setup_py']
[0.343s] Level 1:colcon.colcon_core.package_identification:_identify(src) by extension 'python_setup_py'
[0.344s] Level 1:colcon.colcon_core.package_identification:_identify(src/Universal_Robots_ROS2_Description) by extensions ['ignore', 'ignore_ament_install']
[0.344s] Level 1:colcon.colcon_core.package_identification:_identify(src/Universal_Robots_ROS2_Description) by extension 'ignore'
[0.344s] Level 1:colcon.colcon_core.package_identification:_identify(src/Universal_Robots_ROS2_Description) by extension 'ignore_ament_install'
[0.344s] Level 1:colcon.colcon_core.package_identification:_identify(src/Universal_Robots_ROS2_Description) by extensions ['colcon_pkg']
[0.344s] Level 1:colcon.colcon_core.package_identification:_identify(src/Universal_Robots_ROS2_Description) by extension 'colcon_pkg'
[0.344s] Level 1:colcon.colcon_core.package_identification:_identify(src/Universal_Robots_ROS2_Description) by extensions ['colcon_meta']
[0.344s] Level 1:colcon.colcon_core.package_identification:_identify(src/Universal_Robots_ROS2_Description) by extension 'colcon_meta'
[0.344s] Level 1:colcon.colcon_core.package_identification:_identify(src/Universal_Robots_ROS2_Description) by extensions ['ros']
[0.344s] Level 1:colcon.colcon_core.package_identification:_identify(src/Universal_Robots_ROS2_Description) by extension 'ros'
[0.346s] DEBUG:colcon.colcon_core.package_identification:Package 'src/Universal_Robots_ROS2_Description' with type 'ros.ament_cmake' and name 'ur_description'
[0.346s] Level 1:colcon.colcon_core.package_identification:_identify(src/ros2_sim_description) by extensions ['ignore', 'ignore_ament_install']
[0.346s] Level 1:colcon.colcon_core.package_identification:_identify(src/ros2_sim_description) by extension 'ignore'
[0.346s] Level 1:colcon.colcon_core.package_identification:_identify(src/ros2_sim_description) by extension 'ignore_ament_install'
[0.346s] Level 1:colcon.colcon_core.package_identification:_identify(src/ros2_sim_description) by extensions ['colcon_pkg']
[0.346s] Level 1:colcon.colcon_core.package_identification:_identify(src/ros2_sim_description) by extension 'colcon_pkg'
[0.347s] Level 1:colcon.colcon_core.package_identification:_identify(src/ros2_sim_description) by extensions ['colcon_meta']
[0.347s] Level 1:colcon.colcon_core.package_identification:_identify(src/ros2_sim_description) by extension 'colcon_meta'
[0.347s] Level 1:colcon.colcon_core.package_identification:_identify(src/ros2_sim_description) by extensions ['ros']
[0.347s] Level 1:colcon.colcon_core.package_identification:_identify(src/ros2_sim_description) by extension 'ros'
[0.348s] DEBUG:colcon.colcon_core.package_identification:Package 'src/ros2_sim_description' with type 'ros.ament_cmake' and name 'ros2_sim_description'
[0.348s] Level 1:colcon.colcon_core.package_identification:_identify(src/ros2_sim_tf) by extensions ['ignore', 'ignore_ament_install']
[0.348s] Level 1:colcon.colcon_core.package_identification:_identify(src/ros2_sim_tf) by extension 'ignore'
[0.348s] Level 1:colcon.colcon_core.package_identification:_identify(src/ros2_sim_tf) by extension 'ignore_ament_install'
[0.348s] Level 1:colcon.colcon_core.package_identification:_identify(src/ros2_sim_tf) by extensions ['colcon_pkg']
[0.348s] Level 1:colcon.colcon_core.package_identification:_identify(src/ros2_sim_tf) by extension 'colcon_pkg'
[0.348s] Level 1:colcon.colcon_core.package_identification:_identify(src/ros2_sim_tf) by extensions ['colcon_meta']
[0.348s] Level 1:colcon.colcon_core.package_identification:_identify(src/ros2_sim_tf) by extension 'colcon_meta'
[0.348s] Level 1:colcon.colcon_core.package_identification:_identify(src/ros2_sim_tf) by extensions ['ros']
[0.348s] Level 1:colcon.colcon_core.package_identification:_identify(src/ros2_sim_tf) by extension 'ros'
[0.349s] DEBUG:colcon.colcon_core.package_identification:Package 'src/ros2_sim_tf' with type 'ros.ament_cmake' and name 'ros2_sim_tf'
[0.349s] Level 1:colcon.colcon_core.package_discovery:discover_packages(recursive) using defaults
[0.349s] Level 1:colcon.colcon_core.package_discovery:discover_packages(ignore) discover
[0.349s] Level 1:colcon.colcon_core.package_discovery:discover_packages(ignore) using defaults
[0.349s] Level 1:colcon.colcon_core.package_discovery:discover_packages(path) discover
[0.349s] Level 1:colcon.colcon_core.package_discovery:discover_packages(path) using defaults
[0.366s] Level 1:colcon.colcon_core.package_discovery:discover_packages(prefix_path) check parameters
[0.366s] Level 1:colcon.colcon_core.package_discovery:discover_packages(prefix_path) discover
[0.368s] DEBUG:colcon.colcon_installed_package_information.package_discovery:Found 3 installed packages in /home/foiegreis/ros2_sim_ws/install
[0.369s] DEBUG:colcon.colcon_installed_package_information.package_discovery:Found 7 installed packages in /home/foiegreis/ros2_fndm_ws/install
[0.369s] DEBUG:colcon.colcon_installed_package_information.package_discovery:Found 4 installed packages in /home/foiegreis/ros2_ws_yolo3d/install
[0.370s] DEBUG:colcon.colcon_installed_package_information.package_discovery:Found 1 installed packages in /home/foiegreis/ros2_ws/install
[0.371s] DEBUG:colcon.colcon_installed_package_information.package_discovery:Found 408 installed packages in /opt/ros/iron
[0.373s] Level 1:colcon.colcon_core.package_discovery:discover_packages(prefix_path) using defaults
[0.426s] Level 5:colcon.colcon_core.verb:set package 'ros2_sim_description' build argument 'cmake_args' from command line to 'None'
[0.426s] Level 5:colcon.colcon_core.verb:set package 'ros2_sim_description' build argument 'cmake_target' from command line to 'None'
[0.426s] Level 5:colcon.colcon_core.verb:set package 'ros2_sim_description' build argument 'cmake_target_skip_unavailable' from command line to 'False'
[0.426s] Level 5:colcon.colcon_core.verb:set package 'ros2_sim_description' build argument 'cmake_clean_cache' from command line to 'False'
[0.426s] Level 5:colcon.colcon_core.verb:set package 'ros2_sim_description' build argument 'cmake_clean_first' from command line to 'False'
[0.426s] Level 5:colcon.colcon_core.verb:set package 'ros2_sim_description' build argument 'cmake_force_configure' from command line to 'False'
[0.426s] Level 5:colcon.colcon_core.verb:set package 'ros2_sim_description' build argument 'ament_cmake_args' from command line to 'None'
[0.426s] Level 5:colcon.colcon_core.verb:set package 'ros2_sim_description' build argument 'catkin_cmake_args' from command line to 'None'
[0.426s] Level 5:colcon.colcon_core.verb:set package 'ros2_sim_description' build argument 'catkin_skip_building_tests' from command line to 'False'
[0.426s] DEBUG:colcon.colcon_core.verb:Building package 'ros2_sim_description' with the following arguments: {'ament_cmake_args': None, 'build_base': '/home/foiegreis/ros2_sim_ws/build/ros2_sim_description', 'catkin_cmake_args': None, 'catkin_skip_building_tests': False, 'cmake_args': None, 'cmake_clean_cache': False, 'cmake_clean_first': False, 'cmake_force_configure': False, 'cmake_target': None, 'cmake_target_skip_unavailable': False, 'install_base': '/home/foiegreis/ros2_sim_ws/install/ros2_sim_description', 'merge_install': False, 'path': '/home/foiegreis/ros2_sim_ws/src/ros2_sim_description', 'symlink_install': False, 'test_result_base': None}
[0.426s] Level 5:colcon.colcon_core.verb:set package 'ros2_sim_tf' build argument 'cmake_args' from command line to 'None'
[0.426s] Level 5:colcon.colcon_core.verb:set package 'ros2_sim_tf' build argument 'cmake_target' from command line to 'None'
[0.426s] Level 5:colcon.colcon_core.verb:set package 'ros2_sim_tf' build argument 'cmake_target_skip_unavailable' from command line to 'False'
[0.426s] Level 5:colcon.colcon_core.verb:set package 'ros2_sim_tf' build argument 'cmake_clean_cache' from command line to 'False'
[0.426s] Level 5:colcon.colcon_core.verb:set package 'ros2_sim_tf' build argument 'cmake_clean_first' from command line to 'False'
[0.426s] Level 5:colcon.colcon_core.verb:set package 'ros2_sim_tf' build argument 'cmake_force_configure' from command line to 'False'
[0.426s] Level 5:colcon.colcon_core.verb:set package 'ros2_sim_tf' build argument 'ament_cmake_args' from command line to 'None'
[0.426s] Level 5:colcon.colcon_core.verb:set package 'ros2_sim_tf' build argument 'catkin_cmake_args' from command line to 'None'
[0.426s] Level 5:colcon.colcon_core.verb:set package 'ros2_sim_tf' build argument 'catkin_skip_building_tests' from command line to 'False'
[0.427s] DEBUG:colcon.colcon_core.verb:Building package 'ros2_sim_tf' with the following arguments: {'ament_cmake_args': None, 'build_base': '/home/foiegreis/ros2_sim_ws/build/ros2_sim_tf', 'catkin_cmake_args': None, 'catkin_skip_building_tests': False, 'cmake_args': None, 'cmake_clean_cache': False, 'cmake_clean_first': False, 'cmake_force_configure': False, 'cmake_target': None, 'cmake_target_skip_unavailable': False, 'install_base': '/home/foiegreis/ros2_sim_ws/install/ros2_sim_tf', 'merge_install': False, 'path': '/home/foiegreis/ros2_sim_ws/src/ros2_sim_tf', 'symlink_install': False, 'test_result_base': None}
[0.427s] Level 5:colcon.colcon_core.verb:set package 'ur_description' build argument 'cmake_args' from command line to 'None'
[0.427s] Level 5:colcon.colcon_core.verb:set package 'ur_description' build argument 'cmake_target' from command line to 'None'
[0.427s] Level 5:colcon.colcon_core.verb:set package 'ur_description' build argument 'cmake_target_skip_unavailable' from command line to 'False'
[0.427s] Level 5:colcon.colcon_core.verb:set package 'ur_description' build argument 'cmake_clean_cache' from command line to 'False'
[0.427s] Level 5:colcon.colcon_core.verb:set package 'ur_description' build argument 'cmake_clean_first' from command line to 'False'
[0.427s] Level 5:colcon.colcon_core.verb:set package 'ur_description' build argument 'cmake_force_configure' from command line to 'False'
[0.427s] Level 5:colcon.colcon_core.verb:set package 'ur_description' build argument 'ament_cmake_args' from command line to 'None'
[0.427s] Level 5:colcon.colcon_core.verb:set package 'ur_description' build argument 'catkin_cmake_args' from command line to 'None'
[0.427s] Level 5:colcon.colcon_core.verb:set package 'ur_description' build argument 'catkin_skip_building_tests' from command line to 'False'
[0.427s] DEBUG:colcon.colcon_core.verb:Building package 'ur_description' with the following arguments: {'ament_cmake_args': None, 'build_base': '/home/foiegreis/ros2_sim_ws/build/ur_description', 'catkin_cmake_args': None, 'catkin_skip_building_tests': False, 'cmake_args': None, 'cmake_clean_cache': False, 'cmake_clean_first': False, 'cmake_force_configure': False, 'cmake_target': None, 'cmake_target_skip_unavailable': False, 'install_base': '/home/foiegreis/ros2_sim_ws/install/ur_description', 'merge_install': False, 'path': '/home/foiegreis/ros2_sim_ws/src/Universal_Robots_ROS2_Description', 'symlink_install': False, 'test_result_base': None}
[0.427s] INFO:colcon.colcon_core.executor:Executing jobs using 'parallel' executor
[0.428s] DEBUG:colcon.colcon_parallel_executor.executor.parallel:run_until_complete
[0.428s] INFO:colcon.colcon_ros.task.ament_cmake.build:Building ROS package in '/home/foiegreis/ros2_sim_ws/src/ros2_sim_description' with build type 'ament_cmake'
[0.428s] INFO:colcon.colcon_cmake.task.cmake.build:Building CMake package in '/home/foiegreis/ros2_sim_ws/src/ros2_sim_description'
[0.430s] INFO:colcon.colcon_core.plugin_system:Skipping extension 'colcon_core.shell.bat': Not used on non-Windows systems
[0.430s] INFO:colcon.colcon_core.shell:Skip shell extension 'powershell' for command environment: Not usable outside of PowerShell
[0.430s] DEBUG:colcon.colcon_core.shell:Skip shell extension 'dsv' for command environment
[0.435s] INFO:colcon.colcon_ros.task.ament_cmake.build:Building ROS package in '/home/foiegreis/ros2_sim_ws/src/ros2_sim_tf' with build type 'ament_cmake'
[0.435s] INFO:colcon.colcon_cmake.task.cmake.build:Building CMake package in '/home/foiegreis/ros2_sim_ws/src/ros2_sim_tf'
[0.435s] INFO:colcon.colcon_core.shell:Skip shell extension 'powershell' for command environment: Not usable outside of PowerShell
[0.436s] DEBUG:colcon.colcon_core.shell:Skip shell extension 'dsv' for command environment
[0.440s] INFO:colcon.colcon_ros.task.ament_cmake.build:Building ROS package in '/home/foiegreis/ros2_sim_ws/src/Universal_Robots_ROS2_Description' with build type 'ament_cmake'
[0.440s] INFO:colcon.colcon_cmake.task.cmake.build:Building CMake package in '/home/foiegreis/ros2_sim_ws/src/Universal_Robots_ROS2_Description'
[0.441s] INFO:colcon.colcon_core.shell:Skip shell extension 'powershell' for command environment: Not usable outside of PowerShell
[0.441s] DEBUG:colcon.colcon_core.shell:Skip shell extension 'dsv' for command environment
[0.449s] DEBUG:colcon.colcon_core.event_handler.log_command:Invoking command in '/home/foiegreis/ros2_sim_ws/build/ros2_sim_description': CMAKE_PREFIX_PATH=${CMAKE_PREFIX_PATH}:/home/foiegreis/ros2_fndm_ws/install/py_actions:/home/foiegreis/ros2_fndm_ws/install/py_pkg:/opt/ros/iron /usr/bin/cmake --build /home/foiegreis/ros2_sim_ws/build/ros2_sim_description -- -j12 -l12
[0.454s] DEBUG:colcon.colcon_core.event_handler.log_command:Invoking command in '/home/foiegreis/ros2_sim_ws/build/ros2_sim_tf': CMAKE_PREFIX_PATH=${CMAKE_PREFIX_PATH}:/home/foiegreis/ros2_fndm_ws/install/py_actions:/home/foiegreis/ros2_fndm_ws/install/py_pkg:/opt/ros/iron /usr/bin/cmake --build /home/foiegreis/ros2_sim_ws/build/ros2_sim_tf -- -j12 -l12
[0.459s] DEBUG:colcon.colcon_core.event_handler.log_command:Invoking command in '/home/foiegreis/ros2_sim_ws/build/ur_description': CMAKE_PREFIX_PATH=${CMAKE_PREFIX_PATH}:/home/foiegreis/ros2_fndm_ws/install/py_actions:/home/foiegreis/ros2_fndm_ws/install/py_pkg:/opt/ros/iron /usr/bin/cmake --build /home/foiegreis/ros2_sim_ws/build/ur_description -- -j12 -l12
[0.494s] DEBUG:colcon.colcon_core.event_handler.log_command:Invoked command in '/home/foiegreis/ros2_sim_ws/build/ros2_sim_description' returned '0': CMAKE_PREFIX_PATH=${CMAKE_PREFIX_PATH}:/home/foiegreis/ros2_fndm_ws/install/py_actions:/home/foiegreis/ros2_fndm_ws/install/py_pkg:/opt/ros/iron /usr/bin/cmake --build /home/foiegreis/ros2_sim_ws/build/ros2_sim_description -- -j12 -l12
[0.512s] DEBUG:colcon.colcon_core.event_handler.log_command:Invoked command in '/home/foiegreis/ros2_sim_ws/build/ur_description' returned '0': CMAKE_PREFIX_PATH=${CMAKE_PREFIX_PATH}:/home/foiegreis/ros2_fndm_ws/install/py_actions:/home/foiegreis/ros2_fndm_ws/install/py_pkg:/opt/ros/iron /usr/bin/cmake --build /home/foiegreis/ros2_sim_ws/build/ur_description -- -j12 -l12
[0.540s] DEBUG:colcon.colcon_core.event_handler.log_command:Invoking command in '/home/foiegreis/ros2_sim_ws/build/ros2_sim_description': CMAKE_PREFIX_PATH=${CMAKE_PREFIX_PATH}:/home/foiegreis/ros2_fndm_ws/install/py_actions:/home/foiegreis/ros2_fndm_ws/install/py_pkg:/opt/ros/iron /usr/bin/cmake --install /home/foiegreis/ros2_sim_ws/build/ros2_sim_description
[0.542s] DEBUG:colcon.colcon_core.event_handler.log_command:Invoking command in '/home/foiegreis/ros2_sim_ws/build/ur_description': CMAKE_PREFIX_PATH=${CMAKE_PREFIX_PATH}:/home/foiegreis/ros2_fndm_ws/install/py_actions:/home/foiegreis/ros2_fndm_ws/install/py_pkg:/opt/ros/iron /usr/bin/cmake --install /home/foiegreis/ros2_sim_ws/build/ur_description
[0.544s] DEBUG:colcon.colcon_core.event_handler.log_command:Invoked command in '/home/foiegreis/ros2_sim_ws/build/ros2_sim_tf' returned '0': CMAKE_PREFIX_PATH=${CMAKE_PREFIX_PATH}:/home/foiegreis/ros2_fndm_ws/install/py_actions:/home/foiegreis/ros2_fndm_ws/install/py_pkg:/opt/ros/iron /usr/bin/cmake --build /home/foiegreis/ros2_sim_ws/build/ros2_sim_tf -- -j12 -l12
[0.552s] Level 1:colcon.colcon_core.environment:create_environment_scripts_only(ros2_sim_description)
[0.561s] DEBUG:colcon.colcon_core.event_handler.log_command:Invoked command in '/home/foiegreis/ros2_sim_ws/build/ros2_sim_description' returned '0': CMAKE_PREFIX_PATH=${CMAKE_PREFIX_PATH}:/home/foiegreis/ros2_fndm_ws/install/py_actions:/home/foiegreis/ros2_fndm_ws/install/py_pkg:/opt/ros/iron /usr/bin/cmake --install /home/foiegreis/ros2_sim_ws/build/ros2_sim_description
[0.563s] Level 1:colcon.colcon_core.environment:checking '/home/foiegreis/ros2_sim_ws/install/ros2_sim_description' for CMake module files
[0.564s] Level 1:colcon.colcon_core.environment:checking '/home/foiegreis/ros2_sim_ws/install/ros2_sim_description' for CMake config files
[0.565s] Level 1:colcon.colcon_core.shell:create_environment_hook('ros2_sim_description', 'cmake_prefix_path')
[0.566s] INFO:colcon.colcon_core.shell:Creating environment hook '/home/foiegreis/ros2_sim_ws/install/ros2_sim_description/share/ros2_sim_description/hook/cmake_prefix_path.ps1'
[0.567s] INFO:colcon.colcon_core.shell:Creating environment descriptor '/home/foiegreis/ros2_sim_ws/install/ros2_sim_description/share/ros2_sim_description/hook/cmake_prefix_path.dsv'
[0.567s] INFO:colcon.colcon_core.shell:Creating environment hook '/home/foiegreis/ros2_sim_ws/install/ros2_sim_description/share/ros2_sim_description/hook/cmake_prefix_path.sh'
[0.569s] Level 1:colcon.colcon_core.environment:checking '/home/foiegreis/ros2_sim_ws/install/ros2_sim_description/bin'
[0.569s] Level 1:colcon.colcon_core.environment:checking '/home/foiegreis/ros2_sim_ws/install/ros2_sim_description/lib/pkgconfig/ros2_sim_description.pc'
[0.569s] Level 1:colcon.colcon_core.environment:checking '/home/foiegreis/ros2_sim_ws/install/ros2_sim_description/lib/python3.10/site-packages'
[0.570s] Level 1:colcon.colcon_core.environment:checking '/home/foiegreis/ros2_sim_ws/install/ros2_sim_description/bin'
[0.570s] INFO:colcon.colcon_core.shell:Creating package script '/home/foiegreis/ros2_sim_ws/install/ros2_sim_description/share/ros2_sim_description/package.ps1'
[0.572s] INFO:colcon.colcon_core.shell:Creating package descriptor '/home/foiegreis/ros2_sim_ws/install/ros2_sim_description/share/ros2_sim_description/package.dsv'
[0.573s] INFO:colcon.colcon_core.shell:Creating package script '/home/foiegreis/ros2_sim_ws/install/ros2_sim_description/share/ros2_sim_description/package.sh'
[0.574s] INFO:colcon.colcon_core.shell:Creating package script '/home/foiegreis/ros2_sim_ws/install/ros2_sim_description/share/ros2_sim_description/package.bash'
[0.575s] INFO:colcon.colcon_core.shell:Creating package script '/home/foiegreis/ros2_sim_ws/install/ros2_sim_description/share/ros2_sim_description/package.zsh'
[0.576s] Level 1:colcon.colcon_core.environment:create_file_with_runtime_dependencies(/home/foiegreis/ros2_sim_ws/install/ros2_sim_description/share/colcon-core/packages/ros2_sim_description)
[0.579s] Level 1:colcon.colcon_core.environment:create_environment_scripts_only(ur_description)
[0.579s] Level 1:colcon.colcon_core.environment:checking '/home/foiegreis/ros2_sim_ws/install/ur_description' for CMake module files
[0.581s] Level 1:colcon.colcon_core.environment:checking '/home/foiegreis/ros2_sim_ws/install/ur_description' for CMake config files
[0.584s] Level 1:colcon.colcon_core.shell:create_environment_hook('ur_description', 'cmake_prefix_path')
[0.584s] INFO:colcon.colcon_core.shell:Creating environment hook '/home/foiegreis/ros2_sim_ws/install/ur_description/share/ur_description/hook/cmake_prefix_path.ps1'
[0.585s] INFO:colcon.colcon_core.shell:Creating environment descriptor '/home/foiegreis/ros2_sim_ws/install/ur_description/share/ur_description/hook/cmake_prefix_path.dsv'
[0.585s] INFO:colcon.colcon_core.shell:Creating environment hook '/home/foiegreis/ros2_sim_ws/install/ur_description/share/ur_description/hook/cmake_prefix_path.sh'
[0.587s] Level 1:colcon.colcon_core.environment:checking '/home/foiegreis/ros2_sim_ws/install/ur_description/bin'
[0.587s] Level 1:colcon.colcon_core.environment:checking '/home/foiegreis/ros2_sim_ws/install/ur_description/lib/pkgconfig/ur_description.pc'
[0.587s] Level 1:colcon.colcon_core.environment:checking '/home/foiegreis/ros2_sim_ws/install/ur_description/lib/python3.10/site-packages'
[0.588s] Level 1:colcon.colcon_core.environment:checking '/home/foiegreis/ros2_sim_ws/install/ur_description/bin'
[0.588s] INFO:colcon.colcon_core.shell:Creating package script '/home/foiegreis/ros2_sim_ws/install/ur_description/share/ur_description/package.ps1'
[0.589s] INFO:colcon.colcon_core.shell:Creating package descriptor '/home/foiegreis/ros2_sim_ws/install/ur_description/share/ur_description/package.dsv'
[0.590s] INFO:colcon.colcon_core.shell:Creating package script '/home/foiegreis/ros2_sim_ws/install/ur_description/share/ur_description/package.sh'
[0.591s] INFO:colcon.colcon_core.shell:Creating package script '/home/foiegreis/ros2_sim_ws/install/ur_description/share/ur_description/package.bash'
[0.591s] INFO:colcon.colcon_core.shell:Creating package script '/home/foiegreis/ros2_sim_ws/install/ur_description/share/ur_description/package.zsh'
[0.592s] Level 1:colcon.colcon_core.environment:create_file_with_runtime_dependencies(/home/foiegreis/ros2_sim_ws/install/ur_description/share/colcon-core/packages/ur_description)
[0.600s] Level 1:colcon.colcon_core.environment:create_environment_scripts_only(ros2_sim_description)
[0.601s] Level 1:colcon.colcon_core.environment:checking '/home/foiegreis/ros2_sim_ws/install/ros2_sim_description' for CMake module files
[0.603s] Level 1:colcon.colcon_core.environment:checking '/home/foiegreis/ros2_sim_ws/install/ros2_sim_description' for CMake config files
[0.605s] Level 1:colcon.colcon_core.shell:create_environment_hook('ros2_sim_description', 'cmake_prefix_path')
[0.605s] INFO:colcon.colcon_core.shell:Creating environment hook '/home/foiegreis/ros2_sim_ws/install/ros2_sim_description/share/ros2_sim_description/hook/cmake_prefix_path.ps1'
[0.606s] INFO:colcon.colcon_core.shell:Creating environment descriptor '/home/foiegreis/ros2_sim_ws/install/ros2_sim_description/share/ros2_sim_description/hook/cmake_prefix_path.dsv'
[0.607s] INFO:colcon.colcon_core.shell:Creating environment hook '/home/foiegreis/ros2_sim_ws/install/ros2_sim_description/share/ros2_sim_description/hook/cmake_prefix_path.sh'
[0.608s] Level 1:colcon.colcon_core.environment:checking '/home/foiegreis/ros2_sim_ws/install/ros2_sim_description/bin'
[0.609s] Level 1:colcon.colcon_core.environment:checking '/home/foiegreis/ros2_sim_ws/install/ros2_sim_description/lib/pkgconfig/ros2_sim_description.pc'
[0.609s] Level 1:colcon.colcon_core.environment:checking '/home/foiegreis/ros2_sim_ws/install/ros2_sim_description/lib/python3.10/site-packages'
[0.609s] Level 1:colcon.colcon_core.environment:checking '/home/foiegreis/ros2_sim_ws/install/ros2_sim_description/bin'
[0.609s] INFO:colcon.colcon_core.shell:Creating package script '/home/foiegreis/ros2_sim_ws/install/ros2_sim_description/share/ros2_sim_description/package.ps1'
[0.610s] INFO:colcon.colcon_core.shell:Creating package descriptor '/home/foiegreis/ros2_sim_ws/install/ros2_sim_description/share/ros2_sim_description/package.dsv'
[0.611s] DEBUG:colcon.colcon_core.event_handler.log_command:Invoked command in '/home/foiegreis/ros2_sim_ws/build/ur_description' returned '0': CMAKE_PREFIX_PATH=${CMAKE_PREFIX_PATH}:/home/foiegreis/ros2_fndm_ws/install/py_actions:/home/foiegreis/ros2_fndm_ws/install/py_pkg:/opt/ros/iron /usr/bin/cmake --install /home/foiegreis/ros2_sim_ws/build/ur_description
[0.612s] DEBUG:colcon.colcon_core.event_handler.log_command:Invoking command in '/home/foiegreis/ros2_sim_ws/build/ros2_sim_tf': CMAKE_PREFIX_PATH=${CMAKE_PREFIX_PATH}:/home/foiegreis/ros2_fndm_ws/install/py_actions:/home/foiegreis/ros2_fndm_ws/install/py_pkg:/opt/ros/iron /usr/bin/cmake --install /home/foiegreis/ros2_sim_ws/build/ros2_sim_tf
[0.612s] INFO:colcon.colcon_core.shell:Creating package script '/home/foiegreis/ros2_sim_ws/install/ros2_sim_description/share/ros2_sim_description/package.sh'
[0.613s] INFO:colcon.colcon_core.shell:Creating package script '/home/foiegreis/ros2_sim_ws/install/ros2_sim_description/share/ros2_sim_description/package.bash'
[0.614s] INFO:colcon.colcon_core.shell:Creating package script '/home/foiegreis/ros2_sim_ws/install/ros2_sim_description/share/ros2_sim_description/package.zsh'
[0.614s] Level 1:colcon.colcon_core.environment:create_file_with_runtime_dependencies(/home/foiegreis/ros2_sim_ws/install/ros2_sim_description/share/colcon-core/packages/ros2_sim_description)
[0.616s] Level 1:colcon.colcon_core.environment:create_environment_scripts_only(ros2_sim_tf)
[0.616s] Level 1:colcon.colcon_core.environment:checking '/home/foiegreis/ros2_sim_ws/install/ros2_sim_tf' for CMake module files
[0.617s] Level 1:colcon.colcon_core.environment:checking '/home/foiegreis/ros2_sim_ws/install/ros2_sim_tf' for CMake config files
[0.618s] DEBUG:colcon.colcon_core.event_handler.log_command:Invoked command in '/home/foiegreis/ros2_sim_ws/build/ros2_sim_tf' returned '0': CMAKE_PREFIX_PATH=${CMAKE_PREFIX_PATH}:/home/foiegreis/ros2_fndm_ws/install/py_actions:/home/foiegreis/ros2_fndm_ws/install/py_pkg:/opt/ros/iron /usr/bin/cmake --install /home/foiegreis/ros2_sim_ws/build/ros2_sim_tf
[0.618s] Level 1:colcon.colcon_core.shell:create_environment_hook('ros2_sim_tf', 'cmake_prefix_path')
[0.619s] INFO:colcon.colcon_core.shell:Creating environment hook '/home/foiegreis/ros2_sim_ws/install/ros2_sim_tf/share/ros2_sim_tf/hook/cmake_prefix_path.ps1'
[0.619s] INFO:colcon.colcon_core.shell:Creating environment descriptor '/home/foiegreis/ros2_sim_ws/install/ros2_sim_tf/share/ros2_sim_tf/hook/cmake_prefix_path.dsv'
[0.620s] INFO:colcon.colcon_core.shell:Creating environment hook '/home/foiegreis/ros2_sim_ws/install/ros2_sim_tf/share/ros2_sim_tf/hook/cmake_prefix_path.sh'
[0.620s] Level 1:colcon.colcon_core.environment:checking '/home/foiegreis/ros2_sim_ws/install/ros2_sim_tf/lib'
[0.620s] Level 1:colcon.colcon_core.environment:checking '/home/foiegreis/ros2_sim_ws/install/ros2_sim_tf/bin'
[0.620s] Level 1:colcon.colcon_core.environment:checking '/home/foiegreis/ros2_sim_ws/install/ros2_sim_tf/lib/pkgconfig/ros2_sim_tf.pc'
[0.621s] Level 1:colcon.colcon_core.environment:checking '/home/foiegreis/ros2_sim_ws/install/ros2_sim_tf/lib/python3.10/site-packages'
[0.621s] Level 1:colcon.colcon_core.environment:checking '/home/foiegreis/ros2_sim_ws/install/ros2_sim_tf/bin'
[0.621s] INFO:colcon.colcon_core.shell:Creating package script '/home/foiegreis/ros2_sim_ws/install/ros2_sim_tf/share/ros2_sim_tf/package.ps1'
[0.622s] INFO:colcon.colcon_core.shell:Creating package descriptor '/home/foiegreis/ros2_sim_ws/install/ros2_sim_tf/share/ros2_sim_tf/package.dsv'
[0.622s] INFO:colcon.colcon_core.shell:Creating package script '/home/foiegreis/ros2_sim_ws/install/ros2_sim_tf/share/ros2_sim_tf/package.sh'
[0.623s] INFO:colcon.colcon_core.shell:Creating package script '/home/foiegreis/ros2_sim_ws/install/ros2_sim_tf/share/ros2_sim_tf/package.bash'
[0.623s] INFO:colcon.colcon_core.shell:Creating package script '/home/foiegreis/ros2_sim_ws/install/ros2_sim_tf/share/ros2_sim_tf/package.zsh'
[0.623s] Level 1:colcon.colcon_core.environment:create_file_with_runtime_dependencies(/home/foiegreis/ros2_sim_ws/install/ros2_sim_tf/share/colcon-core/packages/ros2_sim_tf)
[0.625s] Level 1:colcon.colcon_core.environment:create_environment_scripts_only(ur_description)
[0.625s] Level 1:colcon.colcon_core.environment:checking '/home/foiegreis/ros2_sim_ws/install/ur_description' for CMake module files
[0.626s] Level 1:colcon.colcon_core.environment:checking '/home/foiegreis/ros2_sim_ws/install/ur_description' for CMake config files
[0.627s] Level 1:colcon.colcon_core.shell:create_environment_hook('ur_description', 'cmake_prefix_path')
[0.627s] INFO:colcon.colcon_core.shell:Creating environment hook '/home/foiegreis/ros2_sim_ws/install/ur_description/share/ur_description/hook/cmake_prefix_path.ps1'
[0.627s] INFO:colcon.colcon_core.shell:Creating environment descriptor '/home/foiegreis/ros2_sim_ws/install/ur_description/share/ur_description/hook/cmake_prefix_path.dsv'
[0.628s] INFO:colcon.colcon_core.shell:Creating environment hook '/home/foiegreis/ros2_sim_ws/install/ur_description/share/ur_description/hook/cmake_prefix_path.sh'
[0.628s] Level 1:colcon.colcon_core.environment:checking '/home/foiegreis/ros2_sim_ws/install/ur_description/bin'
[0.628s] Level 1:colcon.colcon_core.environment:checking '/home/foiegreis/ros2_sim_ws/install/ur_description/lib/pkgconfig/ur_description.pc'
[0.629s] Level 1:colcon.colcon_core.environment:checking '/home/foiegreis/ros2_sim_ws/install/ur_description/lib/python3.10/site-packages'
[0.629s] Level 1:colcon.colcon_core.environment:checking '/home/foiegreis/ros2_sim_ws/install/ur_description/bin'
[0.630s] INFO:colcon.colcon_core.shell:Creating package script '/home/foiegreis/ros2_sim_ws/install/ur_description/share/ur_description/package.ps1'
[0.630s] INFO:colcon.colcon_core.shell:Creating package descriptor '/home/foiegreis/ros2_sim_ws/install/ur_description/share/ur_description/package.dsv'
[0.631s] INFO:colcon.colcon_core.shell:Creating package script '/home/foiegreis/ros2_sim_ws/install/ur_description/share/ur_description/package.sh'
[0.631s] INFO:colcon.colcon_core.shell:Creating package script '/home/foiegreis/ros2_sim_ws/install/ur_description/share/ur_description/package.bash'
[0.631s] INFO:colcon.colcon_core.shell:Creating package script '/home/foiegreis/ros2_sim_ws/install/ur_description/share/ur_description/package.zsh'
[0.632s] Level 1:colcon.colcon_core.environment:create_file_with_runtime_dependencies(/home/foiegreis/ros2_sim_ws/install/ur_description/share/colcon-core/packages/ur_description)
[0.655s] Level 1:colcon.colcon_core.environment:create_environment_scripts_only(ros2_sim_tf)
[0.655s] Level 1:colcon.colcon_core.environment:checking '/home/foiegreis/ros2_sim_ws/install/ros2_sim_tf' for CMake module files
[0.656s] Level 1:colcon.colcon_core.environment:checking '/home/foiegreis/ros2_sim_ws/install/ros2_sim_tf' for CMake config files
[0.656s] Level 1:colcon.colcon_core.shell:create_environment_hook('ros2_sim_tf', 'cmake_prefix_path')
[0.656s] INFO:colcon.colcon_core.shell:Creating environment hook '/home/foiegreis/ros2_sim_ws/install/ros2_sim_tf/share/ros2_sim_tf/hook/cmake_prefix_path.ps1'
[0.657s] INFO:colcon.colcon_core.shell:Creating environment descriptor '/home/foiegreis/ros2_sim_ws/install/ros2_sim_tf/share/ros2_sim_tf/hook/cmake_prefix_path.dsv'
[0.657s] INFO:colcon.colcon_core.shell:Creating environment hook '/home/foiegreis/ros2_sim_ws/install/ros2_sim_tf/share/ros2_sim_tf/hook/cmake_prefix_path.sh'
[0.657s] Level 1:colcon.colcon_core.environment:checking '/home/foiegreis/ros2_sim_ws/install/ros2_sim_tf/lib'
[0.657s] Level 1:colcon.colcon_core.environment:checking '/home/foiegreis/ros2_sim_ws/install/ros2_sim_tf/bin'
[0.657s] Level 1:colcon.colcon_core.environment:checking '/home/foiegreis/ros2_sim_ws/install/ros2_sim_tf/lib/pkgconfig/ros2_sim_tf.pc'
[0.658s] Level 1:colcon.colcon_core.environment:checking '/home/foiegreis/ros2_sim_ws/install/ros2_sim_tf/lib/python3.10/site-packages'
[0.658s] Level 1:colcon.colcon_core.environment:checking '/home/foiegreis/ros2_sim_ws/install/ros2_sim_tf/bin'
[0.658s] INFO:colcon.colcon_core.shell:Creating package script '/home/foiegreis/ros2_sim_ws/install/ros2_sim_tf/share/ros2_sim_tf/package.ps1'
[0.658s] INFO:colcon.colcon_core.shell:Creating package descriptor '/home/foiegreis/ros2_sim_ws/install/ros2_sim_tf/share/ros2_sim_tf/package.dsv'
[0.659s] INFO:colcon.colcon_core.shell:Creating package script '/home/foiegreis/ros2_sim_ws/install/ros2_sim_tf/share/ros2_sim_tf/package.sh'
[0.659s] INFO:colcon.colcon_core.shell:Creating package script '/home/foiegreis/ros2_sim_ws/install/ros2_sim_tf/share/ros2_sim_tf/package.bash'
[0.659s] INFO:colcon.colcon_core.shell:Creating package script '/home/foiegreis/ros2_sim_ws/install/ros2_sim_tf/share/ros2_sim_tf/package.zsh'
[0.660s] Level 1:colcon.colcon_core.environment:create_file_with_runtime_dependencies(/home/foiegreis/ros2_sim_ws/install/ros2_sim_tf/share/colcon-core/packages/ros2_sim_tf)
[0.660s] DEBUG:colcon.colcon_parallel_executor.executor.parallel:closing loop
[0.660s] DEBUG:colcon.colcon_parallel_executor.executor.parallel:loop closed
[0.660s] DEBUG:colcon.colcon_parallel_executor.executor.parallel:run_until_complete finished with '0'
[0.661s] DEBUG:colcon.colcon_core.event_reactor:joining thread
[0.666s] INFO:colcon.colcon_core.plugin_system:Skipping extension 'colcon_notification.desktop_notification.terminal_notifier': Not used on non-Darwin systems
[0.666s] INFO:colcon.colcon_core.plugin_system:Skipping extension 'colcon_notification.desktop_notification.win32': Not used on non-Windows systems
[0.666s] INFO:colcon.colcon_notification.desktop_notification:Sending desktop notification using 'notify2'
[0.677s] DEBUG:colcon.colcon_core.event_reactor:joined thread
[0.677s] INFO:colcon.colcon_core.shell:Creating prefix script '/home/foiegreis/ros2_sim_ws/install/local_setup.ps1'
[0.678s] INFO:colcon.colcon_core.shell:Creating prefix util module '/home/foiegreis/ros2_sim_ws/install/_local_setup_util_ps1.py'
[0.679s] INFO:colcon.colcon_core.shell:Creating prefix chain script '/home/foiegreis/ros2_sim_ws/install/setup.ps1'
[0.681s] INFO:colcon.colcon_core.shell:Creating prefix script '/home/foiegreis/ros2_sim_ws/install/local_setup.sh'
[0.681s] INFO:colcon.colcon_core.shell:Creating prefix util module '/home/foiegreis/ros2_sim_ws/install/_local_setup_util_sh.py'
[0.682s] INFO:colcon.colcon_core.shell:Creating prefix chain script '/home/foiegreis/ros2_sim_ws/install/setup.sh'
[0.683s] INFO:colcon.colcon_core.shell:Creating prefix script '/home/foiegreis/ros2_sim_ws/install/local_setup.bash'
[0.684s] INFO:colcon.colcon_core.shell:Creating prefix chain script '/home/foiegreis/ros2_sim_ws/install/setup.bash'
[0.685s] INFO:colcon.colcon_core.shell:Creating prefix script '/home/foiegreis/ros2_sim_ws/install/local_setup.zsh'
[0.686s] INFO:colcon.colcon_core.shell:Creating prefix chain script '/home/foiegreis/ros2_sim_ws/install/setup.zsh'
